<?xml version="1.0" encoding="UTF-8"?>
<!-- Generated by org.testng.reporters.JUnitXMLReporter -->
<testsuite ignored="20" hostname="LAPTOP-MVNUQ4K1" failures="0" tests="240" name="Command line test" time="1.046" errors="0" timestamp="2023-03-25T18:17:30 GMT-04:00">
  <testcase classname="basepackage.BaseTest" name="@BeforeTest initiate" time="-1.679782649455E9">
    <failure type="org.testng.TestNGException" message="
Parameter &amp;apos;browser&amp;apos; is required by BeforeTest on method initiate but has not been marked @Optional or defined
">
      <![CDATA[org.testng.TestNGException: 
Parameter 'browser' is required by BeforeTest on method initiate but has not been marked @Optional or defined

... Removed 31 stack frames]]>
    </failure>
  </testcase> <!-- @BeforeTest initiate -->
  <testcase classname="basepackage.BaseTest" name="@BeforeClass getDriver" time="0.0">
    <skipped/>
  </testcase> <!-- @BeforeClass getDriver -->
  <testcase classname="testpackage.CheckBoxTest" name="@BeforeMethod StartSignInTest" time="0.0">
    <skipped/>
  </testcase> <!-- @BeforeMethod StartSignInTest -->
  <testcase classname="testpackage.CheckBoxTest" name="@BeforeMethod StartSignInTest" time="0.0">
    <skipped/>
  </testcase> <!-- @BeforeMethod StartSignInTest -->
  <testcase classname="basepackage.BaseTest" name="@BeforeClass getDriver" time="0.0">
    <skipped/>
  </testcase> <!-- @BeforeClass getDriver -->
  <testcase classname="testpackage.ContextmenuTest" name="@BeforeMethod StartSignInTest" time="0.0">
    <skipped/>
  </testcase> <!-- @BeforeMethod StartSignInTest -->
  <testcase classname="basepackage.BaseTest" name="@BeforeClass getDriver" time="0.0">
    <skipped/>
  </testcase> <!-- @BeforeClass getDriver -->
  <testcase classname="testpackage.DragandDropTest" name="@BeforeMethod StartSignInTest" time="0.0">
    <skipped/>
  </testcase> <!-- @BeforeMethod StartSignInTest -->
  <testcase classname="testpackage.DragandDropTest" name="@BeforeMethod StartSignInTest" time="0.0">
    <skipped/>
  </testcase> <!-- @BeforeMethod StartSignInTest -->
  <testcase classname="basepackage.BaseTest" name="@BeforeClass getDriver" time="0.0">
    <skipped/>
  </testcase> <!-- @BeforeClass getDriver -->
  <testcase classname="testpackage.DynamiccontentTest" name="@BeforeMethod StartSignInTest" time="0.0">
    <skipped/>
  </testcase> <!-- @BeforeMethod StartSignInTest -->
  <testcase classname="testpackage.DynamiccontentTest" name="@BeforeMethod StartSignInTest" time="0.0">
    <skipped/>
  </testcase> <!-- @BeforeMethod StartSignInTest -->
  <testcase classname="testpackage.DynamiccontentTest" name="@BeforeMethod StartSignInTest" time="0.0">
    <skipped/>
  </testcase> <!-- @BeforeMethod StartSignInTest -->
  <testcase classname="basepackage.BaseTest" name="@BeforeClass getDriver" time="0.0">
    <skipped/>
  </testcase> <!-- @BeforeClass getDriver -->
  <testcase classname="testpackage.DynamicLoadingTest" name="@BeforeMethod StartSignInTest" time="0.0">
    <skipped/>
  </testcase> <!-- @BeforeMethod StartSignInTest -->
  <testcase classname="basepackage.BaseTest" name="@BeforeClass getDriver" time="0.0">
    <skipped/>
  </testcase> <!-- @BeforeClass getDriver -->
  <testcase classname="testpackage.IndexTest" name="@BeforeMethod indexTest" time="0.0">
    <skipped/>
  </testcase> <!-- @BeforeMethod indexTest -->
  <testcase classname="testpackage.IndexTest" name="@BeforeMethod indexTest" time="0.0">
    <skipped/>
  </testcase> <!-- @BeforeMethod indexTest -->
  <testcase classname="testpackage.IndexTest" name="@BeforeMethod indexTest" time="0.0">
    <skipped/>
  </testcase> <!-- @BeforeMethod indexTest -->
  <testcase classname="testpackage.IndexTest" name="@BeforeMethod indexTest" time="0.0">
    <skipped/>
  </testcase> <!-- @BeforeMethod indexTest -->
  <testcase classname="testpackage.IndexTest" name="@BeforeMethod indexTest" time="0.0">
    <skipped/>
  </testcase> <!-- @BeforeMethod indexTest -->
  <testcase classname="testpackage.IndexTest" name="@BeforeMethod indexTest" time="0.0">
    <skipped/>
  </testcase> <!-- @BeforeMethod indexTest -->
  <testcase classname="testpackage.IndexTest" name="@BeforeMethod indexTest" time="0.0">
    <skipped/>
  </testcase> <!-- @BeforeMethod indexTest -->
  <testcase classname="testpackage.IndexTest" name="@BeforeMethod indexTest" time="0.0">
    <skipped/>
  </testcase> <!-- @BeforeMethod indexTest -->
  <testcase classname="testpackage.IndexTest" name="@BeforeMethod indexTest" time="0.0">
    <skipped/>
  </testcase> <!-- @BeforeMethod indexTest -->
  <testcase classname="testpackage.IndexTest" name="@BeforeMethod indexTest" time="0.0">
    <skipped/>
  </testcase> <!-- @BeforeMethod indexTest -->
  <testcase classname="testpackage.IndexTest" name="@BeforeMethod indexTest" time="0.0">
    <skipped/>
  </testcase> <!-- @BeforeMethod indexTest -->
  <testcase classname="testpackage.IndexTest" name="@BeforeMethod indexTest" time="0.0">
    <skipped/>
  </testcase> <!-- @BeforeMethod indexTest -->
  <testcase classname="testpackage.IndexTest" name="@BeforeMethod indexTest" time="0.0">
    <skipped/>
  </testcase> <!-- @BeforeMethod indexTest -->
  <testcase classname="testpackage.IndexTest" name="@BeforeMethod indexTest" time="0.0">
    <skipped/>
  </testcase> <!-- @BeforeMethod indexTest -->
  <testcase classname="testpackage.IndexTest" name="@BeforeMethod indexTest" time="0.0">
    <skipped/>
  </testcase> <!-- @BeforeMethod indexTest -->
  <testcase classname="testpackage.IndexTest" name="@BeforeMethod indexTest" time="0.0">
    <skipped/>
  </testcase> <!-- @BeforeMethod indexTest -->
  <testcase classname="testpackage.IndexTest" name="@BeforeMethod indexTest" time="0.0">
    <skipped/>
  </testcase> <!-- @BeforeMethod indexTest -->
  <testcase classname="testpackage.IndexTest" name="@BeforeMethod indexTest" time="0.0">
    <skipped/>
  </testcase> <!-- @BeforeMethod indexTest -->
  <testcase classname="testpackage.IndexTest" name="@BeforeMethod indexTest" time="0.0">
    <skipped/>
  </testcase> <!-- @BeforeMethod indexTest -->
  <testcase classname="testpackage.IndexTest" name="@BeforeMethod indexTest" time="0.0">
    <skipped/>
  </testcase> <!-- @BeforeMethod indexTest -->
  <testcase classname="basepackage.BaseTest" name="@BeforeClass getDriver" time="0.0">
    <skipped/>
  </testcase> <!-- @BeforeClass getDriver -->
  <testcase classname="testpackage.JSAlertTest" name="@BeforeMethod StartSignInTest" time="0.0">
    <skipped/>
  </testcase> <!-- @BeforeMethod StartSignInTest -->
  <testcase classname="testpackage.JSAlertTest" name="@BeforeMethod StartSignInTest" time="0.0">
    <skipped/>
  </testcase> <!-- @BeforeMethod StartSignInTest -->
  <testcase classname="testpackage.JSAlertTest" name="@BeforeMethod StartSignInTest" time="0.0">
    <skipped/>
  </testcase> <!-- @BeforeMethod StartSignInTest -->
  <testcase classname="basepackage.BaseTest" name="@BeforeClass getDriver" time="0.0">
    <skipped/>
  </testcase> <!-- @BeforeClass getDriver -->
  <testcase classname="testpackage.LoginPageTest" name="@BeforeMethod StartSignInTest" time="0.0">
    <skipped/>
  </testcase> <!-- @BeforeMethod StartSignInTest -->
  <testcase classname="testpackage.LoginPageTest" name="@BeforeMethod StartSignInTest" time="0.0">
    <skipped/>
  </testcase> <!-- @BeforeMethod StartSignInTest -->
  <testcase classname="testpackage.LoginPageTest" name="@BeforeMethod StartSignInTest" time="0.0">
    <skipped/>
  </testcase> <!-- @BeforeMethod StartSignInTest -->
  <testcase classname="testpackage.LoginPageTest" name="@BeforeMethod StartSignInTest" time="0.0">
    <skipped/>
  </testcase> <!-- @BeforeMethod StartSignInTest -->
  <testcase classname="testpackage.LoginPageTest" name="@BeforeMethod StartSignInTest" time="0.0">
    <skipped/>
  </testcase> <!-- @BeforeMethod StartSignInTest -->
  <testcase classname="testpackage.LoginPageTest" name="@BeforeMethod StartSignInTest" time="0.0">
    <skipped/>
  </testcase> <!-- @BeforeMethod StartSignInTest -->
  <testcase classname="testpackage.LoginPageTest" name="@BeforeMethod StartSignInTest" time="0.0">
    <skipped/>
  </testcase> <!-- @BeforeMethod StartSignInTest -->
  <testcase classname="testpackage.LoginPageTest" name="@BeforeMethod StartSignInTest" time="0.0">
    <skipped/>
  </testcase> <!-- @BeforeMethod StartSignInTest -->
  <testcase classname="testpackage.LoginPageTest" name="@BeforeMethod StartSignInTest" time="0.0">
    <skipped/>
  </testcase> <!-- @BeforeMethod StartSignInTest -->
  <testcase classname="testpackage.LoginPageTest" name="@BeforeMethod StartSignInTest" time="0.0">
    <skipped/>
  </testcase> <!-- @BeforeMethod StartSignInTest -->
  <testcase classname="testpackage.LoginPageTest" name="@BeforeMethod StartSignInTest" time="0.0">
    <skipped/>
  </testcase> <!-- @BeforeMethod StartSignInTest -->
  <testcase classname="testpackage.LoginPageTest" name="@BeforeMethod StartSignInTest" time="0.0">
    <skipped/>
  </testcase> <!-- @BeforeMethod StartSignInTest -->
  <testcase classname="testpackage.LoginPageTest" name="@BeforeMethod StartSignInTest" time="0.0">
    <skipped/>
  </testcase> <!-- @BeforeMethod StartSignInTest -->
  <testcase classname="testpackage.LoginPageTest" name="@BeforeMethod StartSignInTest" time="0.0">
    <skipped/>
  </testcase> <!-- @BeforeMethod StartSignInTest -->
  <testcase classname="testpackage.LoginPageTest" name="@BeforeMethod StartSignInTest" time="0.0">
    <skipped/>
  </testcase> <!-- @BeforeMethod StartSignInTest -->
  <testcase classname="testpackage.LoginPageTest" name="@BeforeMethod StartSignInTest" time="0.0">
    <skipped/>
  </testcase> <!-- @BeforeMethod StartSignInTest -->
  <testcase classname="testpackage.LoginPageTest" name="@BeforeMethod StartSignInTest" time="0.0">
    <skipped/>
  </testcase> <!-- @BeforeMethod StartSignInTest -->
  <testcase classname="testpackage.LoginPageTest" name="@BeforeMethod StartSignInTest" time="0.0">
    <skipped/>
  </testcase> <!-- @BeforeMethod StartSignInTest -->
  <testcase classname="testpackage.LoginPageTest" name="@BeforeMethod StartSignInTest" time="0.0">
    <skipped/>
  </testcase> <!-- @BeforeMethod StartSignInTest -->
  <testcase classname="testpackage.LoginPageTest" name="@BeforeMethod StartSignInTest" time="0.0">
    <skipped/>
  </testcase> <!-- @BeforeMethod StartSignInTest -->
  <testcase classname="testpackage.LoginPageTest" name="@BeforeMethod StartSignInTest" time="0.0">
    <skipped/>
  </testcase> <!-- @BeforeMethod StartSignInTest -->
  <testcase classname="testpackage.LoginPageTest" name="@BeforeMethod StartSignInTest" time="0.0">
    <skipped/>
  </testcase> <!-- @BeforeMethod StartSignInTest -->
  <testcase classname="testpackage.LoginPageTest" name="@BeforeMethod StartSignInTest" time="0.0">
    <skipped/>
  </testcase> <!-- @BeforeMethod StartSignInTest -->
  <testcase classname="testpackage.LoginPageTest" name="@BeforeMethod StartSignInTest" time="0.0">
    <skipped/>
  </testcase> <!-- @BeforeMethod StartSignInTest -->
  <testcase classname="testpackage.LoginPageTest" name="@BeforeMethod StartSignInTest" time="0.0">
    <skipped/>
  </testcase> <!-- @BeforeMethod StartSignInTest -->
  <testcase classname="testpackage.LoginPageTest" name="@BeforeMethod StartSignInTest" time="0.0">
    <skipped/>
  </testcase> <!-- @BeforeMethod StartSignInTest -->
  <testcase classname="testpackage.LoginPageTest" name="@BeforeMethod StartSignInTest" time="0.0">
    <skipped/>
  </testcase> <!-- @BeforeMethod StartSignInTest -->
  <testcase classname="testpackage.LoginPageTest" name="@BeforeMethod StartSignInTest" time="0.0">
    <skipped/>
  </testcase> <!-- @BeforeMethod StartSignInTest -->
  <testcase classname="testpackage.LoginPageTest" name="@BeforeMethod StartSignInTest" time="0.0">
    <skipped/>
  </testcase> <!-- @BeforeMethod StartSignInTest -->
  <testcase classname="testpackage.LoginPageTest" name="@BeforeMethod StartSignInTest" time="0.0">
    <skipped/>
  </testcase> <!-- @BeforeMethod StartSignInTest -->
  <testcase classname="testpackage.LoginPageTest" name="@BeforeMethod StartSignInTest" time="0.0">
    <skipped/>
  </testcase> <!-- @BeforeMethod StartSignInTest -->
  <testcase classname="testpackage.LoginPageTest" name="@BeforeMethod StartSignInTest" time="0.0">
    <skipped/>
  </testcase> <!-- @BeforeMethod StartSignInTest -->
  <testcase classname="testpackage.LoginPageTest" name="@BeforeMethod StartSignInTest" time="0.0">
    <skipped/>
  </testcase> <!-- @BeforeMethod StartSignInTest -->
  <testcase classname="testpackage.LoginPageTest" name="@BeforeMethod StartSignInTest" time="0.0">
    <skipped/>
  </testcase> <!-- @BeforeMethod StartSignInTest -->
  <testcase classname="testpackage.LoginPageTest" name="@BeforeMethod StartSignInTest" time="0.0">
    <skipped/>
  </testcase> <!-- @BeforeMethod StartSignInTest -->
  <testcase classname="testpackage.LoginPageTest" name="@BeforeMethod StartSignInTest" time="0.0">
    <skipped/>
  </testcase> <!-- @BeforeMethod StartSignInTest -->
  <testcase classname="testpackage.LoginPageTest" name="@BeforeMethod StartSignInTest" time="0.0">
    <skipped/>
  </testcase> <!-- @BeforeMethod StartSignInTest -->
  <testcase classname="testpackage.LoginPageTest" name="@BeforeMethod StartSignInTest" time="0.0">
    <skipped/>
  </testcase> <!-- @BeforeMethod StartSignInTest -->
  <testcase classname="testpackage.LoginPageTest" name="@BeforeMethod StartSignInTest" time="0.0">
    <skipped/>
  </testcase> <!-- @BeforeMethod StartSignInTest -->
  <testcase classname="testpackage.LoginPageTest" name="@BeforeMethod StartSignInTest" time="0.0">
    <skipped/>
  </testcase> <!-- @BeforeMethod StartSignInTest -->
  <testcase classname="testpackage.LoginPageTest" name="@BeforeMethod StartSignInTest" time="0.0">
    <skipped/>
  </testcase> <!-- @BeforeMethod StartSignInTest -->
  <testcase classname="testpackage.LoginPageTest" name="@BeforeMethod StartSignInTest" time="0.0">
    <skipped/>
  </testcase> <!-- @BeforeMethod StartSignInTest -->
  <testcase classname="testpackage.LoginPageTest" name="@BeforeMethod StartSignInTest" time="0.0">
    <skipped/>
  </testcase> <!-- @BeforeMethod StartSignInTest -->
  <testcase classname="testpackage.LoginPageTest" name="@BeforeMethod StartSignInTest" time="0.0">
    <skipped/>
  </testcase> <!-- @BeforeMethod StartSignInTest -->
  <testcase classname="testpackage.LoginPageTest" name="@BeforeMethod StartSignInTest" time="0.0">
    <skipped/>
  </testcase> <!-- @BeforeMethod StartSignInTest -->
  <testcase classname="testpackage.LoginPageTest" name="@BeforeMethod StartSignInTest" time="0.0">
    <skipped/>
  </testcase> <!-- @BeforeMethod StartSignInTest -->
  <testcase classname="testpackage.LoginPageTest" name="@BeforeMethod StartSignInTest" time="0.0">
    <skipped/>
  </testcase> <!-- @BeforeMethod StartSignInTest -->
  <testcase classname="testpackage.LoginPageTest" name="@BeforeMethod StartSignInTest" time="0.0">
    <skipped/>
  </testcase> <!-- @BeforeMethod StartSignInTest -->
  <testcase classname="testpackage.LoginPageTest" name="@BeforeMethod StartSignInTest" time="0.0">
    <skipped/>
  </testcase> <!-- @BeforeMethod StartSignInTest -->
  <testcase classname="testpackage.LoginPageTest" name="@BeforeMethod StartSignInTest" time="0.0">
    <skipped/>
  </testcase> <!-- @BeforeMethod StartSignInTest -->
  <testcase classname="testpackage.LoginPageTest" name="@BeforeMethod StartSignInTest" time="0.0">
    <skipped/>
  </testcase> <!-- @BeforeMethod StartSignInTest -->
  <testcase classname="testpackage.LoginPageTest" name="@BeforeMethod StartSignInTest" time="0.0">
    <skipped/>
  </testcase> <!-- @BeforeMethod StartSignInTest -->
  <testcase classname="testpackage.LoginPageTest" name="@BeforeMethod StartSignInTest" time="0.0">
    <skipped/>
  </testcase> <!-- @BeforeMethod StartSignInTest -->
  <testcase classname="testpackage.LoginPageTest" name="@BeforeMethod StartSignInTest" time="0.0">
    <skipped/>
  </testcase> <!-- @BeforeMethod StartSignInTest -->
  <testcase classname="testpackage.LoginPageTest" name="@BeforeMethod StartSignInTest" time="0.0">
    <skipped/>
  </testcase> <!-- @BeforeMethod StartSignInTest -->
  <testcase classname="testpackage.LoginPageTest" name="@BeforeMethod StartSignInTest" time="0.0">
    <skipped/>
  </testcase> <!-- @BeforeMethod StartSignInTest -->
  <testcase classname="testpackage.LoginPageTest" name="@BeforeMethod StartSignInTest" time="0.0">
    <skipped/>
  </testcase> <!-- @BeforeMethod StartSignInTest -->
  <testcase classname="testpackage.LoginPageTest" name="@BeforeMethod StartSignInTest" time="0.0">
    <skipped/>
  </testcase> <!-- @BeforeMethod StartSignInTest -->
  <testcase classname="testpackage.LoginPageTest" name="@BeforeMethod StartSignInTest" time="0.0">
    <skipped/>
  </testcase> <!-- @BeforeMethod StartSignInTest -->
  <testcase classname="testpackage.LoginPageTest" name="@BeforeMethod StartSignInTest" time="0.0">
    <skipped/>
  </testcase> <!-- @BeforeMethod StartSignInTest -->
  <testcase classname="testpackage.LoginPageTest" name="@BeforeMethod StartSignInTest" time="0.0">
    <skipped/>
  </testcase> <!-- @BeforeMethod StartSignInTest -->
  <testcase classname="testpackage.LoginPageTest" name="@BeforeMethod StartSignInTest" time="0.0">
    <skipped/>
  </testcase> <!-- @BeforeMethod StartSignInTest -->
  <testcase classname="testpackage.LoginPageTest" name="@BeforeMethod StartSignInTest" time="0.0">
    <skipped/>
  </testcase> <!-- @BeforeMethod StartSignInTest -->
  <testcase classname="testpackage.LoginPageTest" name="@BeforeMethod StartSignInTest" time="0.0">
    <skipped/>
  </testcase> <!-- @BeforeMethod StartSignInTest -->
  <testcase classname="testpackage.LoginPageTest" name="@BeforeMethod StartSignInTest" time="0.0">
    <skipped/>
  </testcase> <!-- @BeforeMethod StartSignInTest -->
  <testcase classname="testpackage.LoginPageTest" name="@BeforeMethod StartSignInTest" time="0.0">
    <skipped/>
  </testcase> <!-- @BeforeMethod StartSignInTest -->
  <testcase classname="testpackage.LoginPageTest" name="@BeforeMethod StartSignInTest" time="0.0">
    <skipped/>
  </testcase> <!-- @BeforeMethod StartSignInTest -->
  <testcase classname="testpackage.LoginPageTest" name="@BeforeMethod StartSignInTest" time="0.0">
    <skipped/>
  </testcase> <!-- @BeforeMethod StartSignInTest -->
  <testcase classname="testpackage.LoginPageTest" name="@BeforeMethod StartSignInTest" time="0.0">
    <skipped/>
  </testcase> <!-- @BeforeMethod StartSignInTest -->
  <testcase classname="testpackage.LoginPageTest" name="@BeforeMethod StartSignInTest" time="0.0">
    <skipped/>
  </testcase> <!-- @BeforeMethod StartSignInTest -->
  <testcase classname="testpackage.LoginPageTest" name="@BeforeMethod StartSignInTest" time="0.0">
    <skipped/>
  </testcase> <!-- @BeforeMethod StartSignInTest -->
  <testcase classname="testpackage.LoginPageTest" name="@BeforeMethod StartSignInTest" time="0.0">
    <skipped/>
  </testcase> <!-- @BeforeMethod StartSignInTest -->
  <testcase classname="testpackage.LoginPageTest" name="@BeforeMethod StartSignInTest" time="0.0">
    <skipped/>
  </testcase> <!-- @BeforeMethod StartSignInTest -->
  <testcase classname="testpackage.LoginPageTest" name="@BeforeMethod StartSignInTest" time="0.0">
    <skipped/>
  </testcase> <!-- @BeforeMethod StartSignInTest -->
  <testcase classname="testpackage.LoginPageTest" name="@BeforeMethod StartSignInTest" time="0.0">
    <skipped/>
  </testcase> <!-- @BeforeMethod StartSignInTest -->
  <testcase classname="testpackage.LoginPageTest" name="@BeforeMethod StartSignInTest" time="0.0">
    <skipped/>
  </testcase> <!-- @BeforeMethod StartSignInTest -->
  <testcase classname="testpackage.LoginPageTest" name="@BeforeMethod StartSignInTest" time="0.0">
    <skipped/>
  </testcase> <!-- @BeforeMethod StartSignInTest -->
  <testcase classname="testpackage.LoginPageTest" name="@BeforeMethod StartSignInTest" time="0.0">
    <skipped/>
  </testcase> <!-- @BeforeMethod StartSignInTest -->
  <testcase classname="testpackage.LoginPageTest" name="@BeforeMethod StartSignInTest" time="0.0">
    <skipped/>
  </testcase> <!-- @BeforeMethod StartSignInTest -->
  <testcase classname="testpackage.LoginPageTest" name="@BeforeMethod StartSignInTest" time="0.0">
    <skipped/>
  </testcase> <!-- @BeforeMethod StartSignInTest -->
  <testcase classname="testpackage.LoginPageTest" name="@BeforeMethod StartSignInTest" time="0.0">
    <skipped/>
  </testcase> <!-- @BeforeMethod StartSignInTest -->
  <testcase classname="testpackage.LoginPageTest" name="@BeforeMethod StartSignInTest" time="0.0">
    <skipped/>
  </testcase> <!-- @BeforeMethod StartSignInTest -->
  <testcase classname="testpackage.LoginPageTest" name="@BeforeMethod StartSignInTest" time="0.0">
    <skipped/>
  </testcase> <!-- @BeforeMethod StartSignInTest -->
  <testcase classname="testpackage.LoginPageTest" name="@BeforeMethod StartSignInTest" time="0.0">
    <skipped/>
  </testcase> <!-- @BeforeMethod StartSignInTest -->
  <testcase classname="testpackage.LoginPageTest" name="@BeforeMethod StartSignInTest" time="0.0">
    <skipped/>
  </testcase> <!-- @BeforeMethod StartSignInTest -->
  <testcase classname="testpackage.LoginPageTest" name="@BeforeMethod StartSignInTest" time="0.0">
    <skipped/>
  </testcase> <!-- @BeforeMethod StartSignInTest -->
  <testcase classname="testpackage.LoginPageTest" name="@BeforeMethod StartSignInTest" time="0.0">
    <skipped/>
  </testcase> <!-- @BeforeMethod StartSignInTest -->
  <testcase classname="testpackage.LoginPageTest" name="@BeforeMethod StartSignInTest" time="0.0">
    <skipped/>
  </testcase> <!-- @BeforeMethod StartSignInTest -->
  <testcase classname="testpackage.LoginPageTest" name="@BeforeMethod StartSignInTest" time="0.0">
    <skipped/>
  </testcase> <!-- @BeforeMethod StartSignInTest -->
  <testcase classname="testpackage.LoginPageTest" name="@BeforeMethod StartSignInTest" time="0.0">
    <skipped/>
  </testcase> <!-- @BeforeMethod StartSignInTest -->
  <testcase classname="testpackage.LoginPageTest" name="@BeforeMethod StartSignInTest" time="0.0">
    <skipped/>
  </testcase> <!-- @BeforeMethod StartSignInTest -->
  <testcase classname="testpackage.LoginPageTest" name="@BeforeMethod StartSignInTest" time="0.0">
    <skipped/>
  </testcase> <!-- @BeforeMethod StartSignInTest -->
  <testcase classname="testpackage.LoginPageTest" name="@BeforeMethod StartSignInTest" time="0.0">
    <skipped/>
  </testcase> <!-- @BeforeMethod StartSignInTest -->
  <testcase classname="testpackage.LoginPageTest" name="@BeforeMethod StartSignInTest" time="0.0">
    <skipped/>
  </testcase> <!-- @BeforeMethod StartSignInTest -->
  <testcase classname="testpackage.LoginPageTest" name="@BeforeMethod StartSignInTest" time="0.0">
    <skipped/>
  </testcase> <!-- @BeforeMethod StartSignInTest -->
  <testcase classname="testpackage.LoginPageTest" name="@BeforeMethod StartSignInTest" time="0.0">
    <skipped/>
  </testcase> <!-- @BeforeMethod StartSignInTest -->
  <testcase classname="testpackage.LoginPageTest" name="@BeforeMethod StartSignInTest" time="0.0">
    <skipped/>
  </testcase> <!-- @BeforeMethod StartSignInTest -->
  <testcase classname="testpackage.LoginPageTest" name="@BeforeMethod StartSignInTest" time="0.0">
    <skipped/>
  </testcase> <!-- @BeforeMethod StartSignInTest -->
  <testcase classname="testpackage.LoginPageTest" name="@BeforeMethod StartSignInTest" time="0.0">
    <skipped/>
  </testcase> <!-- @BeforeMethod StartSignInTest -->
  <testcase classname="testpackage.LoginPageTest" name="@BeforeMethod StartSignInTest" time="0.0">
    <skipped/>
  </testcase> <!-- @BeforeMethod StartSignInTest -->
  <testcase classname="testpackage.LoginPageTest" name="@BeforeMethod StartSignInTest" time="0.0">
    <skipped/>
  </testcase> <!-- @BeforeMethod StartSignInTest -->
  <testcase classname="testpackage.LoginPageTest" name="@BeforeMethod StartSignInTest" time="0.0">
    <skipped/>
  </testcase> <!-- @BeforeMethod StartSignInTest -->
  <testcase classname="testpackage.LoginPageTest" name="@BeforeMethod StartSignInTest" time="0.0">
    <skipped/>
  </testcase> <!-- @BeforeMethod StartSignInTest -->
  <testcase classname="testpackage.LoginPageTest" name="@BeforeMethod StartSignInTest" time="0.0">
    <skipped/>
  </testcase> <!-- @BeforeMethod StartSignInTest -->
  <testcase classname="testpackage.LoginPageTest" name="@BeforeMethod StartSignInTest" time="0.0">
    <skipped/>
  </testcase> <!-- @BeforeMethod StartSignInTest -->
  <testcase classname="testpackage.LoginPageTest" name="@BeforeMethod StartSignInTest" time="0.0">
    <skipped/>
  </testcase> <!-- @BeforeMethod StartSignInTest -->
  <testcase classname="testpackage.LoginPageTest" name="@BeforeMethod StartSignInTest" time="0.0">
    <skipped/>
  </testcase> <!-- @BeforeMethod StartSignInTest -->
  <testcase classname="testpackage.LoginPageTest" name="@BeforeMethod StartSignInTest" time="0.0">
    <skipped/>
  </testcase> <!-- @BeforeMethod StartSignInTest -->
  <testcase classname="testpackage.LoginPageTest" name="@BeforeMethod StartSignInTest" time="0.0">
    <skipped/>
  </testcase> <!-- @BeforeMethod StartSignInTest -->
  <testcase classname="testpackage.LoginPageTest" name="@BeforeMethod StartSignInTest" time="0.0">
    <skipped/>
  </testcase> <!-- @BeforeMethod StartSignInTest -->
  <testcase classname="testpackage.LoginPageTest" name="@BeforeMethod StartSignInTest" time="0.0">
    <skipped/>
  </testcase> <!-- @BeforeMethod StartSignInTest -->
  <testcase classname="testpackage.LoginPageTest" name="@BeforeMethod StartSignInTest" time="0.0">
    <skipped/>
  </testcase> <!-- @BeforeMethod StartSignInTest -->
  <testcase classname="testpackage.LoginPageTest" name="@BeforeMethod StartSignInTest" time="0.0">
    <skipped/>
  </testcase> <!-- @BeforeMethod StartSignInTest -->
  <testcase classname="testpackage.LoginPageTest" name="@BeforeMethod StartSignInTest" time="0.0">
    <skipped/>
  </testcase> <!-- @BeforeMethod StartSignInTest -->
  <testcase classname="testpackage.LoginPageTest" name="@BeforeMethod StartSignInTest" time="0.0">
    <skipped/>
  </testcase> <!-- @BeforeMethod StartSignInTest -->
  <testcase classname="testpackage.LoginPageTest" name="@BeforeMethod StartSignInTest" time="0.0">
    <skipped/>
  </testcase> <!-- @BeforeMethod StartSignInTest -->
  <testcase classname="testpackage.LoginPageTest" name="@BeforeMethod StartSignInTest" time="0.0">
    <skipped/>
  </testcase> <!-- @BeforeMethod StartSignInTest -->
  <testcase classname="testpackage.LoginPageTest" name="@BeforeMethod StartSignInTest" time="0.0">
    <skipped/>
  </testcase> <!-- @BeforeMethod StartSignInTest -->
  <testcase classname="testpackage.LoginPageTest" name="@BeforeMethod StartSignInTest" time="0.0">
    <skipped/>
  </testcase> <!-- @BeforeMethod StartSignInTest -->
  <testcase classname="testpackage.LoginPageTest" name="@BeforeMethod StartSignInTest" time="0.0">
    <skipped/>
  </testcase> <!-- @BeforeMethod StartSignInTest -->
  <testcase classname="testpackage.LoginPageTest" name="@BeforeMethod StartSignInTest" time="0.0">
    <skipped/>
  </testcase> <!-- @BeforeMethod StartSignInTest -->
  <testcase classname="testpackage.LoginPageTest" name="@BeforeMethod StartSignInTest" time="0.0">
    <skipped/>
  </testcase> <!-- @BeforeMethod StartSignInTest -->
  <testcase classname="testpackage.LoginPageTest" name="@BeforeMethod StartSignInTest" time="0.0">
    <skipped/>
  </testcase> <!-- @BeforeMethod StartSignInTest -->
  <testcase classname="testpackage.LoginPageTest" name="@BeforeMethod StartSignInTest" time="0.0">
    <skipped/>
  </testcase> <!-- @BeforeMethod StartSignInTest -->
  <testcase classname="testpackage.LoginPageTest" name="@BeforeMethod StartSignInTest" time="0.0">
    <skipped/>
  </testcase> <!-- @BeforeMethod StartSignInTest -->
  <testcase classname="testpackage.LoginPageTest" name="@BeforeMethod StartSignInTest" time="0.0">
    <skipped/>
  </testcase> <!-- @BeforeMethod StartSignInTest -->
  <testcase classname="testpackage.LoginPageTest" name="@BeforeMethod StartSignInTest" time="0.0">
    <skipped/>
  </testcase> <!-- @BeforeMethod StartSignInTest -->
  <testcase classname="testpackage.LoginPageTest" name="@BeforeMethod StartSignInTest" time="0.0">
    <skipped/>
  </testcase> <!-- @BeforeMethod StartSignInTest -->
  <testcase classname="testpackage.LoginPageTest" name="@BeforeMethod StartSignInTest" time="0.0">
    <skipped/>
  </testcase> <!-- @BeforeMethod StartSignInTest -->
  <testcase classname="testpackage.LoginPageTest" name="@BeforeMethod StartSignInTest" time="0.0">
    <skipped/>
  </testcase> <!-- @BeforeMethod StartSignInTest -->
  <testcase classname="testpackage.LoginPageTest" name="@BeforeMethod StartSignInTest" time="0.0">
    <skipped/>
  </testcase> <!-- @BeforeMethod StartSignInTest -->
  <testcase classname="testpackage.LoginPageTest" name="@BeforeMethod StartSignInTest" time="0.0">
    <skipped/>
  </testcase> <!-- @BeforeMethod StartSignInTest -->
  <testcase classname="testpackage.LoginPageTest" name="@BeforeMethod StartSignInTest" time="0.0">
    <skipped/>
  </testcase> <!-- @BeforeMethod StartSignInTest -->
  <testcase classname="testpackage.LoginPageTest" name="@BeforeMethod StartSignInTest" time="0.0">
    <skipped/>
  </testcase> <!-- @BeforeMethod StartSignInTest -->
  <testcase classname="testpackage.LoginPageTest" name="@BeforeMethod StartSignInTest" time="0.0">
    <skipped/>
  </testcase> <!-- @BeforeMethod StartSignInTest -->
  <testcase classname="testpackage.LoginPageTest" name="@BeforeMethod StartSignInTest" time="0.0">
    <skipped/>
  </testcase> <!-- @BeforeMethod StartSignInTest -->
  <testcase classname="testpackage.LoginPageTest" name="@BeforeMethod StartSignInTest" time="0.0">
    <skipped/>
  </testcase> <!-- @BeforeMethod StartSignInTest -->
  <testcase classname="testpackage.LoginPageTest" name="@BeforeMethod StartSignInTest" time="0.0">
    <skipped/>
  </testcase> <!-- @BeforeMethod StartSignInTest -->
  <testcase classname="testpackage.LoginPageTest" name="@BeforeMethod StartSignInTest" time="0.0">
    <skipped/>
  </testcase> <!-- @BeforeMethod StartSignInTest -->
  <testcase classname="testpackage.LoginPageTest" name="@BeforeMethod StartSignInTest" time="0.0">
    <skipped/>
  </testcase> <!-- @BeforeMethod StartSignInTest -->
  <testcase classname="testpackage.LoginPageTest" name="@BeforeMethod StartSignInTest" time="0.0">
    <skipped/>
  </testcase> <!-- @BeforeMethod StartSignInTest -->
  <testcase classname="testpackage.LoginPageTest" name="@BeforeMethod StartSignInTest" time="0.0">
    <skipped/>
  </testcase> <!-- @BeforeMethod StartSignInTest -->
  <testcase classname="testpackage.LoginPageTest" name="@BeforeMethod StartSignInTest" time="0.0">
    <skipped/>
  </testcase> <!-- @BeforeMethod StartSignInTest -->
  <testcase classname="testpackage.LoginPageTest" name="@BeforeMethod StartSignInTest" time="0.0">
    <skipped/>
  </testcase> <!-- @BeforeMethod StartSignInTest -->
  <testcase classname="testpackage.LoginPageTest" name="@BeforeMethod StartSignInTest" time="0.0">
    <skipped/>
  </testcase> <!-- @BeforeMethod StartSignInTest -->
  <testcase classname="testpackage.LoginPageTest" name="@BeforeMethod StartSignInTest" time="0.0">
    <skipped/>
  </testcase> <!-- @BeforeMethod StartSignInTest -->
  <testcase classname="testpackage.LoginPageTest" name="@BeforeMethod StartSignInTest" time="0.0">
    <skipped/>
  </testcase> <!-- @BeforeMethod StartSignInTest -->
  <testcase classname="testpackage.LoginPageTest" name="@BeforeMethod StartSignInTest" time="0.0">
    <skipped/>
  </testcase> <!-- @BeforeMethod StartSignInTest -->
  <testcase classname="testpackage.LoginPageTest" name="@BeforeMethod StartSignInTest" time="0.0">
    <skipped/>
  </testcase> <!-- @BeforeMethod StartSignInTest -->
  <testcase classname="testpackage.LoginPageTest" name="@BeforeMethod StartSignInTest" time="0.0">
    <skipped/>
  </testcase> <!-- @BeforeMethod StartSignInTest -->
  <testcase classname="testpackage.LoginPageTest" name="@BeforeMethod StartSignInTest" time="0.0">
    <skipped/>
  </testcase> <!-- @BeforeMethod StartSignInTest -->
  <testcase classname="testpackage.LoginPageTest" name="@BeforeMethod StartSignInTest" time="0.0">
    <skipped/>
  </testcase> <!-- @BeforeMethod StartSignInTest -->
  <testcase classname="testpackage.LoginPageTest" name="@BeforeMethod StartSignInTest" time="0.0">
    <skipped/>
  </testcase> <!-- @BeforeMethod StartSignInTest -->
  <testcase classname="testpackage.LoginPageTest" name="@BeforeMethod StartSignInTest" time="0.0">
    <skipped/>
  </testcase> <!-- @BeforeMethod StartSignInTest -->
  <testcase classname="testpackage.LoginPageTest" name="@BeforeMethod StartSignInTest" time="0.0">
    <skipped/>
  </testcase> <!-- @BeforeMethod StartSignInTest -->
  <testcase classname="testpackage.LoginPageTest" name="@BeforeMethod StartSignInTest" time="0.0">
    <skipped/>
  </testcase> <!-- @BeforeMethod StartSignInTest -->
  <testcase classname="testpackage.LoginPageTest" name="@BeforeMethod StartSignInTest" time="0.0">
    <skipped/>
  </testcase> <!-- @BeforeMethod StartSignInTest -->
  <testcase classname="testpackage.LoginPageTest" name="@BeforeMethod StartSignInTest" time="0.0">
    <skipped/>
  </testcase> <!-- @BeforeMethod StartSignInTest -->
  <testcase classname="testpackage.LoginPageTest" name="@BeforeMethod StartSignInTest" time="0.0">
    <skipped/>
  </testcase> <!-- @BeforeMethod StartSignInTest -->
  <testcase classname="testpackage.LoginPageTest" name="@BeforeMethod StartSignInTest" time="0.0">
    <skipped/>
  </testcase> <!-- @BeforeMethod StartSignInTest -->
  <testcase classname="testpackage.LoginPageTest" name="@BeforeMethod StartSignInTest" time="0.0">
    <skipped/>
  </testcase> <!-- @BeforeMethod StartSignInTest -->
  <testcase classname="testpackage.LoginPageTest" name="@BeforeMethod StartSignInTest" time="0.0">
    <skipped/>
  </testcase> <!-- @BeforeMethod StartSignInTest -->
  <testcase classname="testpackage.LoginPageTest" name="@BeforeMethod StartSignInTest" time="0.0">
    <skipped/>
  </testcase> <!-- @BeforeMethod StartSignInTest -->
  <testcase classname="testpackage.LoginPageTest" name="@BeforeMethod StartSignInTest" time="0.0">
    <skipped/>
  </testcase> <!-- @BeforeMethod StartSignInTest -->
  <testcase classname="testpackage.LoginPageTest" name="@BeforeMethod StartSignInTest" time="0.0">
    <skipped/>
  </testcase> <!-- @BeforeMethod StartSignInTest -->
  <testcase classname="testpackage.LoginPageTest" name="@BeforeMethod StartSignInTest" time="0.0">
    <skipped/>
  </testcase> <!-- @BeforeMethod StartSignInTest -->
  <testcase classname="testpackage.LoginPageTest" name="@BeforeMethod StartSignInTest" time="0.0">
    <skipped/>
  </testcase> <!-- @BeforeMethod StartSignInTest -->
  <testcase classname="testpackage.LoginPageTest" name="@BeforeMethod StartSignInTest" time="0.0">
    <skipped/>
  </testcase> <!-- @BeforeMethod StartSignInTest -->
  <testcase classname="testpackage.LoginPageTest" name="@BeforeMethod StartSignInTest" time="0.0">
    <skipped/>
  </testcase> <!-- @BeforeMethod StartSignInTest -->
  <testcase classname="testpackage.LoginPageTest" name="@BeforeMethod StartSignInTest" time="0.0">
    <skipped/>
  </testcase> <!-- @BeforeMethod StartSignInTest -->
  <testcase classname="testpackage.LoginPageTest" name="@BeforeMethod StartSignInTest" time="0.0">
    <skipped/>
  </testcase> <!-- @BeforeMethod StartSignInTest -->
  <testcase classname="testpackage.LoginPageTest" name="@BeforeMethod StartSignInTest" time="0.0">
    <skipped/>
  </testcase> <!-- @BeforeMethod StartSignInTest -->
  <testcase classname="testpackage.LoginPageTest" name="@BeforeMethod StartSignInTest" time="0.0">
    <skipped/>
  </testcase> <!-- @BeforeMethod StartSignInTest -->
  <testcase classname="testpackage.LoginPageTest" name="@BeforeMethod StartSignInTest" time="0.0">
    <skipped/>
  </testcase> <!-- @BeforeMethod StartSignInTest -->
  <testcase classname="testpackage.LoginPageTest" name="@BeforeMethod StartSignInTest" time="0.0">
    <skipped/>
  </testcase> <!-- @BeforeMethod StartSignInTest -->
  <testcase classname="testpackage.LoginPageTest" name="@BeforeMethod StartSignInTest" time="0.0">
    <skipped/>
  </testcase> <!-- @BeforeMethod StartSignInTest -->
  <testcase classname="testpackage.LoginPageTest" name="@BeforeMethod StartSignInTest" time="0.0">
    <skipped/>
  </testcase> <!-- @BeforeMethod StartSignInTest -->
  <testcase classname="testpackage.LoginPageTest" name="@BeforeMethod StartSignInTest" time="0.0">
    <skipped/>
  </testcase> <!-- @BeforeMethod StartSignInTest -->
  <testcase classname="testpackage.LoginPageTest" name="@BeforeMethod StartSignInTest" time="0.0">
    <skipped/>
  </testcase> <!-- @BeforeMethod StartSignInTest -->
  <testcase classname="testpackage.LoginPageTest" name="@BeforeMethod StartSignInTest" time="0.0">
    <skipped/>
  </testcase> <!-- @BeforeMethod StartSignInTest -->
  <testcase classname="testpackage.LoginPageTest" name="@BeforeMethod StartSignInTest" time="0.0">
    <skipped/>
  </testcase> <!-- @BeforeMethod StartSignInTest -->
  <testcase classname="testpackage.LoginPageTest" name="@BeforeMethod StartSignInTest" time="0.0">
    <skipped/>
  </testcase> <!-- @BeforeMethod StartSignInTest -->
  <testcase classname="testpackage.LoginPageTest" name="@BeforeMethod StartSignInTest" time="0.0">
    <skipped/>
  </testcase> <!-- @BeforeMethod StartSignInTest -->
  <testcase classname="testpackage.LoginPageTest" name="@BeforeMethod StartSignInTest" time="0.0">
    <skipped/>
  </testcase> <!-- @BeforeMethod StartSignInTest -->
  <testcase classname="testpackage.LoginPageTest" name="@BeforeMethod StartSignInTest" time="0.0">
    <skipped/>
  </testcase> <!-- @BeforeMethod StartSignInTest -->
  <testcase classname="testpackage.LoginPageTest" name="@BeforeMethod StartSignInTest" time="0.0">
    <skipped/>
  </testcase> <!-- @BeforeMethod StartSignInTest -->
  <testcase classname="testpackage.LoginPageTest" name="@BeforeMethod StartSignInTest" time="0.0">
    <skipped/>
  </testcase> <!-- @BeforeMethod StartSignInTest -->
  <testcase classname="testpackage.LoginPageTest" name="@BeforeMethod StartSignInTest" time="0.0">
    <skipped/>
  </testcase> <!-- @BeforeMethod StartSignInTest -->
  <testcase classname="testpackage.LoginPageTest" name="@BeforeMethod StartSignInTest" time="0.0">
    <skipped/>
  </testcase> <!-- @BeforeMethod StartSignInTest -->
  <testcase classname="testpackage.LoginPageTest" name="@BeforeMethod StartSignInTest" time="0.0">
    <skipped/>
  </testcase> <!-- @BeforeMethod StartSignInTest -->
  <testcase classname="testpackage.LoginPageTest" name="@BeforeMethod StartSignInTest" time="0.0">
    <skipped/>
  </testcase> <!-- @BeforeMethod StartSignInTest -->
  <testcase classname="testpackage.LoginPageTest" name="@BeforeMethod StartSignInTest" time="0.0">
    <skipped/>
  </testcase> <!-- @BeforeMethod StartSignInTest -->
  <testcase classname="testpackage.LoginPageTest" name="@BeforeMethod StartSignInTest" time="0.0">
    <skipped/>
  </testcase> <!-- @BeforeMethod StartSignInTest -->
  <testcase classname="testpackage.LoginPageTest" name="@BeforeMethod StartSignInTest" time="0.0">
    <skipped/>
  </testcase> <!-- @BeforeMethod StartSignInTest -->
  <testcase classname="testpackage.LoginPageTest" name="@BeforeMethod StartSignInTest" time="0.0">
    <skipped/>
  </testcase> <!-- @BeforeMethod StartSignInTest -->
  <testcase classname="testpackage.LoginPageTest" name="@BeforeMethod StartSignInTest" time="0.0">
    <skipped/>
  </testcase> <!-- @BeforeMethod StartSignInTest -->
  <testcase classname="testpackage.LoginPageTest" name="@BeforeMethod StartSignInTest" time="0.0">
    <skipped/>
  </testcase> <!-- @BeforeMethod StartSignInTest -->
  <testcase classname="testpackage.LoginPageTest" name="@BeforeMethod StartSignInTest" time="0.0">
    <skipped/>
  </testcase> <!-- @BeforeMethod StartSignInTest -->
  <testcase classname="testpackage.LoginPageTest" name="@BeforeMethod StartSignInTest" time="0.0">
    <skipped/>
  </testcase> <!-- @BeforeMethod StartSignInTest -->
  <testcase classname="testpackage.LoginPageTest" name="@BeforeMethod StartSignInTest" time="0.0">
    <skipped/>
  </testcase> <!-- @BeforeMethod StartSignInTest -->
  <testcase classname="testpackage.LoginPageTest" name="@BeforeMethod StartSignInTest" time="0.0">
    <skipped/>
  </testcase> <!-- @BeforeMethod StartSignInTest -->
  <testcase classname="testpackage.LoginPageTest" name="@BeforeMethod StartSignInTest" time="0.0">
    <skipped/>
  </testcase> <!-- @BeforeMethod StartSignInTest -->
  <testcase classname="testpackage.LoginPageTest" name="@BeforeMethod StartSignInTest" time="0.0">
    <skipped/>
  </testcase> <!-- @BeforeMethod StartSignInTest -->
  <testcase classname="testpackage.LoginPageTest" name="@BeforeMethod StartSignInTest" time="0.0">
    <skipped/>
  </testcase> <!-- @BeforeMethod StartSignInTest -->
  <testcase classname="testpackage.LoginPageTest" name="@BeforeMethod StartSignInTest" time="0.0">
    <skipped/>
  </testcase> <!-- @BeforeMethod StartSignInTest -->
  <testcase classname="basepackage.BaseTest" name="@BeforeClass getDriver" time="0.0">
    <skipped/>
  </testcase> <!-- @BeforeClass getDriver -->
  <testcase classname="testpackage.MousHoverTest" name="@BeforeMethod StartSignInTest" time="0.0">
    <skipped/>
  </testcase> <!-- @BeforeMethod StartSignInTest -->
  <testcase classname="basepackage.BaseTest" name="@BeforeClass getDriver" time="0.0">
    <skipped/>
  </testcase> <!-- @BeforeClass getDriver -->
  <testcase classname="testpackage.NewTabTest" name="@BeforeMethod StartSignInTest" time="0.0">
    <skipped/>
  </testcase> <!-- @BeforeMethod StartSignInTest -->
  <testcase classname="basepackage.BaseTest" name="@BeforeClass getDriver" time="0.0">
    <skipped/>
  </testcase> <!-- @BeforeClass getDriver -->
  <testcase classname="testpackage.NotificationTest" name="@BeforeMethod StartSignInTest" time="0.0">
    <skipped/>
  </testcase> <!-- @BeforeMethod StartSignInTest -->
  <testcase classname="basepackage.BaseTest" name="@AfterTest quitbrowser" time="0.0">
    <skipped/>
  </testcase> <!-- @AfterTest quitbrowser -->
  <testcase classname="testpackage.CheckBoxTest" name="CheckedCheckBoxtest" time="0.0">
    <skipped/>
  </testcase> <!-- CheckedCheckBoxtest -->
  <testcase classname="testpackage.CheckBoxTest" name="UncheckedCheckBoxtest" time="0.0">
    <skipped/>
  </testcase> <!-- UncheckedCheckBoxtest -->
  <testcase classname="testpackage.ContextmenuTest" name="alerttest" time="0.0">
    <skipped/>
  </testcase> <!-- alerttest -->
  <testcase classname="testpackage.DragandDropTest" name="DragtestforA" time="0.0">
    <skipped/>
  </testcase> <!-- DragtestforA -->
  <testcase classname="testpackage.DragandDropTest" name="DragtestforB" time="0.0">
    <skipped/>
  </testcase> <!-- DragtestforB -->
  <testcase classname="testpackage.DynamiccontentTest" name="Dynamiccontent1test" time="0.0">
    <skipped/>
  </testcase> <!-- Dynamiccontent1test -->
  <testcase classname="testpackage.DynamiccontentTest" name="Dynamiccontent2test" time="0.0">
    <skipped/>
  </testcase> <!-- Dynamiccontent2test -->
  <testcase classname="testpackage.DynamiccontentTest" name="Dynamiccontent3test" time="0.0">
    <skipped/>
  </testcase> <!-- Dynamiccontent3test -->
  <testcase classname="testpackage.DynamicLoadingTest" name="startbuttontest" time="0.0">
    <skipped/>
  </testcase> <!-- startbuttontest -->
  <testcase classname="testpackage.IndexTest" name="allIndexTabTest" time="0.0">
    <skipped/>
  </testcase> <!-- allIndexTabTest -->
  <testcase classname="testpackage.IndexTest" name="alternativesTabTest" time="0.0">
    <skipped/>
  </testcase> <!-- alternativesTabTest -->
  <testcase classname="testpackage.IndexTest" name="assetTypeTest" time="0.0">
    <skipped/>
  </testcase> <!-- assetTypeTest -->
  <testcase classname="testpackage.IndexTest" name="dayColumntest" time="0.001">
    <skipped/>
  </testcase> <!-- dayColumntest -->
  <testcase classname="testpackage.IndexTest" name="equityTabTest" time="0.0">
    <skipped/>
  </testcase> <!-- equityTabTest -->
  <testcase classname="testpackage.IndexTest" name="esgTabTest" time="0.0">
    <skipped/>
  </testcase> <!-- esgTabTest -->
  <testcase classname="testpackage.IndexTest" name="fixedIncomeTabTest" time="0.0">
    <skipped/>
  </testcase> <!-- fixedIncomeTabTest -->
  <testcase classname="testpackage.IndexTest" name="geoRegionTest" time="0.0">
    <skipped/>
  </testcase> <!-- geoRegionTest -->
  <testcase classname="testpackage.IndexTest" name="indexByKeywordTest" time="0.0">
    <skipped/>
  </testcase> <!-- indexByKeywordTest -->
  <testcase classname="testpackage.IndexTest" name="indexByNameTest" time="0.0">
    <skipped/>
  </testcase> <!-- indexByNameTest -->
  <testcase classname="testpackage.IndexTest" name="indexFamilyTest" time="0.0">
    <skipped/>
  </testcase> <!-- indexFamilyTest -->
  <testcase classname="testpackage.IndexTest" name="indexType" time="0.0">
    <skipped/>
  </testcase> <!-- indexType -->
  <testcase classname="testpackage.IndexTest" name="marketingTextTest" time="0.0">
    <skipped/>
  </testcase> <!-- marketingTextTest -->
  <testcase classname="testpackage.IndexTest" name="multiAssetTabTest" time="0.0">
    <skipped/>
  </testcase> <!-- multiAssetTabTest -->
  <testcase classname="testpackage.IndexTest" name="privateMarketTabTest" time="0.0">
    <skipped/>
  </testcase> <!-- privateMarketTabTest -->
  <testcase classname="testpackage.IndexTest" name="result_10test" time="0.0">
    <skipped/>
  </testcase> <!-- result_10test -->
  <testcase classname="testpackage.IndexTest" name="result_20test" time="0.0">
    <skipped/>
  </testcase> <!-- result_20test -->
  <testcase classname="testpackage.IndexTest" name="result_50test" time="0.0">
    <skipped/>
  </testcase> <!-- result_50test -->
  <testcase classname="testpackage.IndexTest" name="tabListTest" time="0.0">
    <skipped/>
  </testcase> <!-- tabListTest -->
  <testcase classname="testpackage.IndexTest" name="weekColumntest" time="0.0">
    <skipped/>
  </testcase> <!-- weekColumntest -->
  <testcase classname="testpackage.JSAlertTest" name="jsalerttest" time="0.0">
    <skipped/>
  </testcase> <!-- jsalerttest -->
  <testcase classname="testpackage.JSAlertTest" name="jsconfirmtest" time="0.0">
    <skipped/>
  </testcase> <!-- jsconfirmtest -->
  <testcase classname="testpackage.JSAlertTest" name="jsprompttest" time="0.0">
    <skipped/>
  </testcase> <!-- jsprompttest -->
  <testcase classname="testpackage.LoginPageTest" name="loginbuttontest" time="0.0">
    <skipped/>
  </testcase> <!-- loginbuttontest -->
  <testcase classname="testpackage.LoginPageTest" name="failloginbuttontest" time="0.001">
    <skipped/>
  </testcase> <!-- failloginbuttontest -->
  <testcase classname="testpackage.LoginPageTest" name="failloginbuttontest" time="0.0">
    <skipped/>
  </testcase> <!-- failloginbuttontest -->
  <testcase classname="testpackage.LoginPageTest" name="failloginbuttontest" time="0.0">
    <skipped/>
  </testcase> <!-- failloginbuttontest -->
  <testcase classname="testpackage.LoginPageTest" name="failloginbuttontest" time="0.0">
    <skipped/>
  </testcase> <!-- failloginbuttontest -->
  <testcase classname="testpackage.LoginPageTest" name="failloginbuttontest" time="0.0">
    <skipped/>
  </testcase> <!-- failloginbuttontest -->
  <testcase classname="testpackage.LoginPageTest" name="failloginbuttontest" time="0.0">
    <skipped/>
  </testcase> <!-- failloginbuttontest -->
  <testcase classname="testpackage.LoginPageTest" name="failloginbuttontest" time="0.0">
    <skipped/>
  </testcase> <!-- failloginbuttontest -->
  <testcase classname="testpackage.LoginPageTest" name="failloginbuttontest" time="0.0">
    <skipped/>
  </testcase> <!-- failloginbuttontest -->
  <testcase classname="testpackage.LoginPageTest" name="failloginbuttontest" time="0.0">
    <skipped/>
  </testcase> <!-- failloginbuttontest -->
  <testcase classname="testpackage.LoginPageTest" name="failloginbuttontest" time="0.0">
    <skipped/>
  </testcase> <!-- failloginbuttontest -->
  <testcase classname="testpackage.LoginPageTest" name="failloginbuttontest" time="0.0">
    <skipped/>
  </testcase> <!-- failloginbuttontest -->
  <testcase classname="testpackage.LoginPageTest" name="failloginbuttontest" time="0.0">
    <skipped/>
  </testcase> <!-- failloginbuttontest -->
  <testcase classname="testpackage.LoginPageTest" name="failloginbuttontest" time="0.0">
    <skipped/>
  </testcase> <!-- failloginbuttontest -->
  <testcase classname="testpackage.LoginPageTest" name="failloginbuttontest" time="0.0">
    <skipped/>
  </testcase> <!-- failloginbuttontest -->
  <testcase classname="testpackage.LoginPageTest" name="failloginbuttontest" time="0.0">
    <skipped/>
  </testcase> <!-- failloginbuttontest -->
  <testcase classname="testpackage.LoginPageTest" name="failloginbuttontest" time="0.0">
    <skipped/>
  </testcase> <!-- failloginbuttontest -->
  <testcase classname="testpackage.LoginPageTest" name="failloginbuttontest" time="0.0">
    <skipped/>
  </testcase> <!-- failloginbuttontest -->
  <testcase classname="testpackage.LoginPageTest" name="failloginbuttontest" time="0.0">
    <skipped/>
  </testcase> <!-- failloginbuttontest -->
  <testcase classname="testpackage.LoginPageTest" name="failloginbuttontest" time="0.0">
    <skipped/>
  </testcase> <!-- failloginbuttontest -->
  <testcase classname="testpackage.LoginPageTest" name="failloginbuttontest" time="0.0">
    <skipped/>
  </testcase> <!-- failloginbuttontest -->
  <testcase classname="testpackage.LoginPageTest" name="failloginbuttontest" time="0.0">
    <skipped/>
  </testcase> <!-- failloginbuttontest -->
  <testcase classname="testpackage.LoginPageTest" name="failloginbuttontest" time="0.0">
    <skipped/>
  </testcase> <!-- failloginbuttontest -->
  <testcase classname="testpackage.LoginPageTest" name="failloginbuttontest" time="0.0">
    <skipped/>
  </testcase> <!-- failloginbuttontest -->
  <testcase classname="testpackage.LoginPageTest" name="failloginbuttontest" time="0.0">
    <skipped/>
  </testcase> <!-- failloginbuttontest -->
  <testcase classname="testpackage.LoginPageTest" name="failloginbuttontest" time="0.0">
    <skipped/>
  </testcase> <!-- failloginbuttontest -->
  <testcase classname="testpackage.LoginPageTest" name="failloginbuttontest" time="0.0">
    <skipped/>
  </testcase> <!-- failloginbuttontest -->
  <testcase classname="testpackage.LoginPageTest" name="failloginbuttontest" time="0.0">
    <skipped/>
  </testcase> <!-- failloginbuttontest -->
  <testcase classname="testpackage.LoginPageTest" name="failloginbuttontest" time="0.0">
    <skipped/>
  </testcase> <!-- failloginbuttontest -->
  <testcase classname="testpackage.LoginPageTest" name="failloginbuttontest" time="0.0">
    <skipped/>
  </testcase> <!-- failloginbuttontest -->
  <testcase classname="testpackage.LoginPageTest" name="failloginbuttontest" time="0.0">
    <skipped/>
  </testcase> <!-- failloginbuttontest -->
  <testcase classname="testpackage.LoginPageTest" name="failloginbuttontest" time="0.0">
    <skipped/>
  </testcase> <!-- failloginbuttontest -->
  <testcase classname="testpackage.LoginPageTest" name="failloginbuttontest" time="0.0">
    <skipped/>
  </testcase> <!-- failloginbuttontest -->
  <testcase classname="testpackage.LoginPageTest" name="failloginbuttontest" time="0.0">
    <skipped/>
  </testcase> <!-- failloginbuttontest -->
  <testcase classname="testpackage.LoginPageTest" name="failloginbuttontest" time="0.0">
    <skipped/>
  </testcase> <!-- failloginbuttontest -->
  <testcase classname="testpackage.LoginPageTest" name="failloginbuttontest" time="0.0">
    <skipped/>
  </testcase> <!-- failloginbuttontest -->
  <testcase classname="testpackage.LoginPageTest" name="failloginbuttontest" time="0.0">
    <skipped/>
  </testcase> <!-- failloginbuttontest -->
  <testcase classname="testpackage.LoginPageTest" name="failloginbuttontest" time="0.0">
    <skipped/>
  </testcase> <!-- failloginbuttontest -->
  <testcase classname="testpackage.LoginPageTest" name="failloginbuttontest" time="0.0">
    <skipped/>
  </testcase> <!-- failloginbuttontest -->
  <testcase classname="testpackage.LoginPageTest" name="failloginbuttontest" time="0.0">
    <skipped/>
  </testcase> <!-- failloginbuttontest -->
  <testcase classname="testpackage.LoginPageTest" name="failloginbuttontest" time="0.0">
    <skipped/>
  </testcase> <!-- failloginbuttontest -->
  <testcase classname="testpackage.LoginPageTest" name="failloginbuttontest" time="0.0">
    <skipped/>
  </testcase> <!-- failloginbuttontest -->
  <testcase classname="testpackage.LoginPageTest" name="failloginbuttontest" time="0.0">
    <skipped/>
  </testcase> <!-- failloginbuttontest -->
  <testcase classname="testpackage.LoginPageTest" name="failloginbuttontest" time="0.0">
    <skipped/>
  </testcase> <!-- failloginbuttontest -->
  <testcase classname="testpackage.LoginPageTest" name="failloginbuttontest" time="0.0">
    <skipped/>
  </testcase> <!-- failloginbuttontest -->
  <testcase classname="testpackage.LoginPageTest" name="failloginbuttontest" time="0.0">
    <skipped/>
  </testcase> <!-- failloginbuttontest -->
  <testcase classname="testpackage.LoginPageTest" name="failloginbuttontest" time="0.0">
    <skipped/>
  </testcase> <!-- failloginbuttontest -->
  <testcase classname="testpackage.LoginPageTest" name="failloginbuttontest" time="0.0">
    <skipped/>
  </testcase> <!-- failloginbuttontest -->
  <testcase classname="testpackage.LoginPageTest" name="failloginbuttontest" time="0.0">
    <skipped/>
  </testcase> <!-- failloginbuttontest -->
  <testcase classname="testpackage.LoginPageTest" name="failloginbuttontest" time="0.0">
    <skipped/>
  </testcase> <!-- failloginbuttontest -->
  <testcase classname="testpackage.LoginPageTest" name="failloginbuttontest" time="0.0">
    <skipped/>
  </testcase> <!-- failloginbuttontest -->
  <testcase classname="testpackage.LoginPageTest" name="failloginbuttontest" time="0.0">
    <skipped/>
  </testcase> <!-- failloginbuttontest -->
  <testcase classname="testpackage.LoginPageTest" name="failloginbuttontest" time="0.0">
    <skipped/>
  </testcase> <!-- failloginbuttontest -->
  <testcase classname="testpackage.LoginPageTest" name="failloginbuttontest" time="0.0">
    <skipped/>
  </testcase> <!-- failloginbuttontest -->
  <testcase classname="testpackage.LoginPageTest" name="failloginbuttontest" time="0.0">
    <skipped/>
  </testcase> <!-- failloginbuttontest -->
  <testcase classname="testpackage.LoginPageTest" name="failloginbuttontest" time="0.0">
    <skipped/>
  </testcase> <!-- failloginbuttontest -->
  <testcase classname="testpackage.LoginPageTest" name="failloginbuttontest" time="0.0">
    <skipped/>
  </testcase> <!-- failloginbuttontest -->
  <testcase classname="testpackage.LoginPageTest" name="failloginbuttontest" time="0.0">
    <skipped/>
  </testcase> <!-- failloginbuttontest -->
  <testcase classname="testpackage.LoginPageTest" name="failloginbuttontest" time="0.0">
    <skipped/>
  </testcase> <!-- failloginbuttontest -->
  <testcase classname="testpackage.LoginPageTest" name="failloginbuttontest" time="0.0">
    <skipped/>
  </testcase> <!-- failloginbuttontest -->
  <testcase classname="testpackage.LoginPageTest" name="failloginbuttontest" time="0.0">
    <skipped/>
  </testcase> <!-- failloginbuttontest -->
  <testcase classname="testpackage.LoginPageTest" name="failloginbuttontest" time="0.0">
    <skipped/>
  </testcase> <!-- failloginbuttontest -->
  <testcase classname="testpackage.LoginPageTest" name="failloginbuttontest" time="0.0">
    <skipped/>
  </testcase> <!-- failloginbuttontest -->
  <testcase classname="testpackage.LoginPageTest" name="failloginbuttontest" time="0.0">
    <skipped/>
  </testcase> <!-- failloginbuttontest -->
  <testcase classname="testpackage.LoginPageTest" name="failloginbuttontest" time="0.0">
    <skipped/>
  </testcase> <!-- failloginbuttontest -->
  <testcase classname="testpackage.LoginPageTest" name="failloginbuttontest" time="0.0">
    <skipped/>
  </testcase> <!-- failloginbuttontest -->
  <testcase classname="testpackage.LoginPageTest" name="failloginbuttontest" time="0.001">
    <skipped/>
  </testcase> <!-- failloginbuttontest -->
  <testcase classname="testpackage.LoginPageTest" name="failloginbuttontest" time="0.0">
    <skipped/>
  </testcase> <!-- failloginbuttontest -->
  <testcase classname="testpackage.LoginPageTest" name="failloginbuttontest" time="0.001">
    <skipped/>
  </testcase> <!-- failloginbuttontest -->
  <testcase classname="testpackage.LoginPageTest" name="failloginbuttontest" time="0.0">
    <skipped/>
  </testcase> <!-- failloginbuttontest -->
  <testcase classname="testpackage.LoginPageTest" name="failloginbuttontest" time="0.0">
    <skipped/>
  </testcase> <!-- failloginbuttontest -->
  <testcase classname="testpackage.LoginPageTest" name="failloginbuttontest" time="0.0">
    <skipped/>
  </testcase> <!-- failloginbuttontest -->
  <testcase classname="testpackage.LoginPageTest" name="failloginbuttontest" time="0.0">
    <skipped/>
  </testcase> <!-- failloginbuttontest -->
  <testcase classname="testpackage.LoginPageTest" name="failloginbuttontest" time="0.0">
    <skipped/>
  </testcase> <!-- failloginbuttontest -->
  <testcase classname="testpackage.LoginPageTest" name="failloginbuttontest" time="0.0">
    <skipped/>
  </testcase> <!-- failloginbuttontest -->
  <testcase classname="testpackage.LoginPageTest" name="failloginbuttontest" time="0.0">
    <skipped/>
  </testcase> <!-- failloginbuttontest -->
  <testcase classname="testpackage.LoginPageTest" name="failloginbuttontest" time="0.0">
    <skipped/>
  </testcase> <!-- failloginbuttontest -->
  <testcase classname="testpackage.LoginPageTest" name="failloginbuttontest" time="0.0">
    <skipped/>
  </testcase> <!-- failloginbuttontest -->
  <testcase classname="testpackage.LoginPageTest" name="failloginbuttontest" time="0.0">
    <skipped/>
  </testcase> <!-- failloginbuttontest -->
  <testcase classname="testpackage.LoginPageTest" name="failloginbuttontest" time="0.0">
    <skipped/>
  </testcase> <!-- failloginbuttontest -->
  <testcase classname="testpackage.LoginPageTest" name="failloginbuttontest" time="0.0">
    <skipped/>
  </testcase> <!-- failloginbuttontest -->
  <testcase classname="testpackage.LoginPageTest" name="failloginbuttontest" time="0.0">
    <skipped/>
  </testcase> <!-- failloginbuttontest -->
  <testcase classname="testpackage.LoginPageTest" name="failloginbuttontest" time="0.001">
    <skipped/>
  </testcase> <!-- failloginbuttontest -->
  <testcase classname="testpackage.LoginPageTest" name="failloginbuttontest" time="0.0">
    <skipped/>
  </testcase> <!-- failloginbuttontest -->
  <testcase classname="testpackage.LoginPageTest" name="failloginbuttontest" time="0.001">
    <skipped/>
  </testcase> <!-- failloginbuttontest -->
  <testcase classname="testpackage.LoginPageTest" name="failloginbuttontest" time="0.0">
    <skipped/>
  </testcase> <!-- failloginbuttontest -->
  <testcase classname="testpackage.LoginPageTest" name="failloginbuttontest" time="0.0">
    <skipped/>
  </testcase> <!-- failloginbuttontest -->
  <testcase classname="testpackage.LoginPageTest" name="failloginbuttontest" time="0.0">
    <skipped/>
  </testcase> <!-- failloginbuttontest -->
  <testcase classname="testpackage.LoginPageTest" name="failloginbuttontest" time="0.0">
    <skipped/>
  </testcase> <!-- failloginbuttontest -->
  <testcase classname="testpackage.LoginPageTest" name="failloginbuttontest" time="0.0">
    <skipped/>
  </testcase> <!-- failloginbuttontest -->
  <testcase classname="testpackage.LoginPageTest" name="failloginbuttontest" time="0.0">
    <skipped/>
  </testcase> <!-- failloginbuttontest -->
  <testcase classname="testpackage.LoginPageTest" name="failloginbuttontest" time="0.0">
    <skipped/>
  </testcase> <!-- failloginbuttontest -->
  <testcase classname="testpackage.LoginPageTest" name="failloginbuttontest" time="0.0">
    <skipped/>
  </testcase> <!-- failloginbuttontest -->
  <testcase classname="testpackage.LoginPageTest" name="failloginbuttontest" time="0.0">
    <skipped/>
  </testcase> <!-- failloginbuttontest -->
  <testcase classname="testpackage.LoginPageTest" name="failloginbuttontest" time="0.0">
    <skipped/>
  </testcase> <!-- failloginbuttontest -->
  <testcase classname="testpackage.LoginPageTest" name="failloginbuttontest" time="0.0">
    <skipped/>
  </testcase> <!-- failloginbuttontest -->
  <testcase classname="testpackage.LoginPageTest" name="failloginbuttontest" time="0.0">
    <skipped/>
  </testcase> <!-- failloginbuttontest -->
  <testcase classname="testpackage.LoginPageTest" name="failloginbuttontest" time="0.0">
    <skipped/>
  </testcase> <!-- failloginbuttontest -->
  <testcase classname="testpackage.LoginPageTest" name="failloginbuttontest" time="0.0">
    <skipped/>
  </testcase> <!-- failloginbuttontest -->
  <testcase classname="testpackage.LoginPageTest" name="failloginbuttontest" time="0.0">
    <skipped/>
  </testcase> <!-- failloginbuttontest -->
  <testcase classname="testpackage.LoginPageTest" name="failloginbuttontest" time="0.0">
    <skipped/>
  </testcase> <!-- failloginbuttontest -->
  <testcase classname="testpackage.LoginPageTest" name="failloginbuttontest" time="0.0">
    <skipped/>
  </testcase> <!-- failloginbuttontest -->
  <testcase classname="testpackage.LoginPageTest" name="failloginbuttontest" time="0.0">
    <skipped/>
  </testcase> <!-- failloginbuttontest -->
  <testcase classname="testpackage.LoginPageTest" name="failloginbuttontest" time="0.0">
    <skipped/>
  </testcase> <!-- failloginbuttontest -->
  <testcase classname="testpackage.LoginPageTest" name="failloginbuttontest" time="0.0">
    <skipped/>
  </testcase> <!-- failloginbuttontest -->
  <testcase classname="testpackage.LoginPageTest" name="failloginbuttontest" time="0.0">
    <skipped/>
  </testcase> <!-- failloginbuttontest -->
  <testcase classname="testpackage.LoginPageTest" name="failloginbuttontest" time="0.0">
    <skipped/>
  </testcase> <!-- failloginbuttontest -->
  <testcase classname="testpackage.LoginPageTest" name="failloginbuttontest" time="0.0">
    <skipped/>
  </testcase> <!-- failloginbuttontest -->
  <testcase classname="testpackage.LoginPageTest" name="failloginbuttontest" time="0.0">
    <skipped/>
  </testcase> <!-- failloginbuttontest -->
  <testcase classname="testpackage.LoginPageTest" name="failloginbuttontest" time="0.0">
    <skipped/>
  </testcase> <!-- failloginbuttontest -->
  <testcase classname="testpackage.LoginPageTest" name="failloginbuttontest" time="0.0">
    <skipped/>
  </testcase> <!-- failloginbuttontest -->
  <testcase classname="testpackage.LoginPageTest" name="failloginbuttontest" time="0.0">
    <skipped/>
  </testcase> <!-- failloginbuttontest -->
  <testcase classname="testpackage.LoginPageTest" name="failloginbuttontest" time="0.0">
    <skipped/>
  </testcase> <!-- failloginbuttontest -->
  <testcase classname="testpackage.LoginPageTest" name="failloginbuttontest" time="0.0">
    <skipped/>
  </testcase> <!-- failloginbuttontest -->
  <testcase classname="testpackage.LoginPageTest" name="failloginbuttontest" time="0.0">
    <skipped/>
  </testcase> <!-- failloginbuttontest -->
  <testcase classname="testpackage.LoginPageTest" name="failloginbuttontest" time="0.0">
    <skipped/>
  </testcase> <!-- failloginbuttontest -->
  <testcase classname="testpackage.LoginPageTest" name="failloginbuttontest" time="0.0">
    <skipped/>
  </testcase> <!-- failloginbuttontest -->
  <testcase classname="testpackage.LoginPageTest" name="failloginbuttontest" time="0.0">
    <skipped/>
  </testcase> <!-- failloginbuttontest -->
  <testcase classname="testpackage.LoginPageTest" name="failloginbuttontest" time="0.0">
    <skipped/>
  </testcase> <!-- failloginbuttontest -->
  <testcase classname="testpackage.LoginPageTest" name="failloginbuttontest" time="0.0">
    <skipped/>
  </testcase> <!-- failloginbuttontest -->
  <testcase classname="testpackage.LoginPageTest" name="failloginbuttontest" time="0.0">
    <skipped/>
  </testcase> <!-- failloginbuttontest -->
  <testcase classname="testpackage.LoginPageTest" name="failloginbuttontest" time="0.0">
    <skipped/>
  </testcase> <!-- failloginbuttontest -->
  <testcase classname="testpackage.LoginPageTest" name="failloginbuttontest" time="0.0">
    <skipped/>
  </testcase> <!-- failloginbuttontest -->
  <testcase classname="testpackage.LoginPageTest" name="failloginbuttontest" time="0.001">
    <skipped/>
  </testcase> <!-- failloginbuttontest -->
  <testcase classname="testpackage.LoginPageTest" name="failloginbuttontest" time="0.0">
    <skipped/>
  </testcase> <!-- failloginbuttontest -->
  <testcase classname="testpackage.LoginPageTest" name="failloginbuttontest" time="0.0">
    <skipped/>
  </testcase> <!-- failloginbuttontest -->
  <testcase classname="testpackage.LoginPageTest" name="failloginbuttontest" time="0.0">
    <skipped/>
  </testcase> <!-- failloginbuttontest -->
  <testcase classname="testpackage.LoginPageTest" name="failloginbuttontest" time="0.0">
    <skipped/>
  </testcase> <!-- failloginbuttontest -->
  <testcase classname="testpackage.LoginPageTest" name="failloginbuttontest" time="0.0">
    <skipped/>
  </testcase> <!-- failloginbuttontest -->
  <testcase classname="testpackage.LoginPageTest" name="failloginbuttontest" time="0.0">
    <skipped/>
  </testcase> <!-- failloginbuttontest -->
  <testcase classname="testpackage.LoginPageTest" name="failloginbuttontest" time="0.0">
    <skipped/>
  </testcase> <!-- failloginbuttontest -->
  <testcase classname="testpackage.LoginPageTest" name="failloginbuttontest" time="0.0">
    <skipped/>
  </testcase> <!-- failloginbuttontest -->
  <testcase classname="testpackage.LoginPageTest" name="failloginbuttontest" time="0.0">
    <skipped/>
  </testcase> <!-- failloginbuttontest -->
  <testcase classname="testpackage.LoginPageTest" name="failloginbuttontest" time="0.0">
    <skipped/>
  </testcase> <!-- failloginbuttontest -->
  <testcase classname="testpackage.LoginPageTest" name="failloginbuttontest" time="0.0">
    <skipped/>
  </testcase> <!-- failloginbuttontest -->
  <testcase classname="testpackage.LoginPageTest" name="failloginbuttontest" time="0.0">
    <skipped/>
  </testcase> <!-- failloginbuttontest -->
  <testcase classname="testpackage.LoginPageTest" name="failloginbuttontest" time="0.0">
    <skipped/>
  </testcase> <!-- failloginbuttontest -->
  <testcase classname="testpackage.LoginPageTest" name="failloginbuttontest" time="0.0">
    <skipped/>
  </testcase> <!-- failloginbuttontest -->
  <testcase classname="testpackage.LoginPageTest" name="failloginbuttontest" time="0.0">
    <skipped/>
  </testcase> <!-- failloginbuttontest -->
  <testcase classname="testpackage.LoginPageTest" name="failloginbuttontest" time="0.0">
    <skipped/>
  </testcase> <!-- failloginbuttontest -->
  <testcase classname="testpackage.LoginPageTest" name="failloginbuttontest" time="0.0">
    <skipped/>
  </testcase> <!-- failloginbuttontest -->
  <testcase classname="testpackage.LoginPageTest" name="failloginbuttontest" time="0.0">
    <skipped/>
  </testcase> <!-- failloginbuttontest -->
  <testcase classname="testpackage.LoginPageTest" name="failloginbuttontest" time="0.0">
    <skipped/>
  </testcase> <!-- failloginbuttontest -->
  <testcase classname="testpackage.LoginPageTest" name="failloginbuttontest" time="0.001">
    <skipped/>
  </testcase> <!-- failloginbuttontest -->
  <testcase classname="testpackage.LoginPageTest" name="failloginbuttontest" time="0.0">
    <skipped/>
  </testcase> <!-- failloginbuttontest -->
  <testcase classname="testpackage.LoginPageTest" name="failloginbuttontest" time="0.0">
    <skipped/>
  </testcase> <!-- failloginbuttontest -->
  <testcase classname="testpackage.LoginPageTest" name="failloginbuttontest" time="0.0">
    <skipped/>
  </testcase> <!-- failloginbuttontest -->
  <testcase classname="testpackage.LoginPageTest" name="failloginbuttontest" time="0.0">
    <skipped/>
  </testcase> <!-- failloginbuttontest -->
  <testcase classname="testpackage.LoginPageTest" name="failloginbuttontest" time="0.0">
    <skipped/>
  </testcase> <!-- failloginbuttontest -->
  <testcase classname="testpackage.LoginPageTest" name="failloginbuttontest" time="0.0">
    <skipped/>
  </testcase> <!-- failloginbuttontest -->
  <testcase classname="testpackage.LoginPageTest" name="failloginbuttontest" time="0.0">
    <skipped/>
  </testcase> <!-- failloginbuttontest -->
  <testcase classname="testpackage.LoginPageTest" name="failloginbuttontest" time="0.0">
    <skipped/>
  </testcase> <!-- failloginbuttontest -->
  <testcase classname="testpackage.LoginPageTest" name="failloginbuttontest" time="0.0">
    <skipped/>
  </testcase> <!-- failloginbuttontest -->
  <testcase classname="testpackage.LoginPageTest" name="failloginbuttontest" time="0.0">
    <skipped/>
  </testcase> <!-- failloginbuttontest -->
  <testcase classname="testpackage.LoginPageTest" name="failloginbuttontest" time="0.0">
    <skipped/>
  </testcase> <!-- failloginbuttontest -->
  <testcase classname="testpackage.LoginPageTest" name="failloginbuttontest" time="0.0">
    <skipped/>
  </testcase> <!-- failloginbuttontest -->
  <testcase classname="testpackage.LoginPageTest" name="failloginbuttontest" time="0.0">
    <skipped/>
  </testcase> <!-- failloginbuttontest -->
  <testcase classname="testpackage.LoginPageTest" name="failloginbuttontest" time="0.0">
    <skipped/>
  </testcase> <!-- failloginbuttontest -->
  <testcase classname="testpackage.LoginPageTest" name="failloginbuttontest" time="0.0">
    <skipped/>
  </testcase> <!-- failloginbuttontest -->
  <testcase classname="testpackage.LoginPageTest" name="failloginbuttontest" time="0.0">
    <skipped/>
  </testcase> <!-- failloginbuttontest -->
  <testcase classname="testpackage.LoginPageTest" name="failloginbuttontest" time="0.0">
    <skipped/>
  </testcase> <!-- failloginbuttontest -->
  <testcase classname="testpackage.LoginPageTest" name="failloginbuttontest" time="0.0">
    <skipped/>
  </testcase> <!-- failloginbuttontest -->
  <testcase classname="testpackage.LoginPageTest" name="failloginbuttontest" time="0.0">
    <skipped/>
  </testcase> <!-- failloginbuttontest -->
  <testcase classname="testpackage.LoginPageTest" name="failloginbuttontest" time="0.0">
    <skipped/>
  </testcase> <!-- failloginbuttontest -->
  <testcase classname="testpackage.LoginPageTest" name="failloginbuttontest" time="0.0">
    <skipped/>
  </testcase> <!-- failloginbuttontest -->
  <testcase classname="testpackage.LoginPageTest" name="failloginbuttontest" time="0.0">
    <skipped/>
  </testcase> <!-- failloginbuttontest -->
  <testcase classname="testpackage.LoginPageTest" name="failloginbuttontest" time="0.0">
    <skipped/>
  </testcase> <!-- failloginbuttontest -->
  <testcase classname="testpackage.LoginPageTest" name="failloginbuttontest" time="0.0">
    <skipped/>
  </testcase> <!-- failloginbuttontest -->
  <testcase classname="testpackage.LoginPageTest" name="failloginbuttontest" time="0.0">
    <skipped/>
  </testcase> <!-- failloginbuttontest -->
  <testcase classname="testpackage.LoginPageTest" name="failloginbuttontest" time="0.0">
    <skipped/>
  </testcase> <!-- failloginbuttontest -->
  <testcase classname="testpackage.LoginPageTest" name="failloginbuttontest" time="0.0">
    <skipped/>
  </testcase> <!-- failloginbuttontest -->
  <testcase classname="testpackage.LoginPageTest" name="failloginbuttontest" time="0.0">
    <skipped/>
  </testcase> <!-- failloginbuttontest -->
  <testcase classname="testpackage.LoginPageTest" name="failloginbuttontest" time="0.0">
    <skipped/>
  </testcase> <!-- failloginbuttontest -->
  <testcase classname="testpackage.LoginPageTest" name="failloginbuttontest" time="0.0">
    <skipped/>
  </testcase> <!-- failloginbuttontest -->
  <testcase classname="testpackage.LoginPageTest" name="failloginbuttontest" time="0.0">
    <skipped/>
  </testcase> <!-- failloginbuttontest -->
  <testcase classname="testpackage.LoginPageTest" name="failloginbuttontest" time="0.0">
    <skipped/>
  </testcase> <!-- failloginbuttontest -->
  <testcase classname="testpackage.LoginPageTest" name="failloginbuttontest" time="0.0">
    <skipped/>
  </testcase> <!-- failloginbuttontest -->
  <testcase classname="testpackage.LoginPageTest" name="failloginbuttontest" time="0.0">
    <skipped/>
  </testcase> <!-- failloginbuttontest -->
  <testcase classname="testpackage.LoginPageTest" name="failloginbuttontest" time="0.0">
    <skipped/>
  </testcase> <!-- failloginbuttontest -->
  <testcase classname="testpackage.LoginPageTest" name="failloginbuttontest" time="0.0">
    <skipped/>
  </testcase> <!-- failloginbuttontest -->
  <testcase classname="testpackage.LoginPageTest" name="failloginbuttontest" time="0.0">
    <skipped/>
  </testcase> <!-- failloginbuttontest -->
  <testcase classname="testpackage.LoginPageTest" name="failloginbuttontest" time="0.0">
    <skipped/>
  </testcase> <!-- failloginbuttontest -->
  <testcase classname="testpackage.LoginPageTest" name="failloginbuttontest" time="0.0">
    <skipped/>
  </testcase> <!-- failloginbuttontest -->
  <testcase classname="testpackage.LoginPageTest" name="failloginbuttontest" time="0.0">
    <skipped/>
  </testcase> <!-- failloginbuttontest -->
  <testcase classname="testpackage.LoginPageTest" name="failloginbuttontest" time="0.0">
    <skipped/>
  </testcase> <!-- failloginbuttontest -->
  <testcase classname="testpackage.LoginPageTest" name="failloginbuttontest" time="0.0">
    <skipped/>
  </testcase> <!-- failloginbuttontest -->
  <testcase classname="testpackage.LoginPageTest" name="failloginbuttontest" time="0.0">
    <skipped/>
  </testcase> <!-- failloginbuttontest -->
  <testcase classname="testpackage.LoginPageTest" name="failloginbuttontest" time="0.0">
    <skipped/>
  </testcase> <!-- failloginbuttontest -->
  <testcase classname="testpackage.LoginPageTest" name="failloginbuttontest" time="0.0">
    <skipped/>
  </testcase> <!-- failloginbuttontest -->
  <testcase classname="testpackage.LoginPageTest" name="failloginbuttontest" time="0.0">
    <skipped/>
  </testcase> <!-- failloginbuttontest -->
  <testcase classname="testpackage.LoginPageTest" name="failloginbuttontest" time="0.0">
    <skipped/>
  </testcase> <!-- failloginbuttontest -->
  <testcase classname="testpackage.LoginPageTest" name="failloginbuttontest" time="0.0">
    <skipped/>
  </testcase> <!-- failloginbuttontest -->
  <testcase classname="testpackage.LoginPageTest" name="failloginbuttontest" time="0.0">
    <skipped/>
  </testcase> <!-- failloginbuttontest -->
  <testcase classname="testpackage.LoginPageTest" name="failloginbuttontest" time="0.0">
    <skipped/>
  </testcase> <!-- failloginbuttontest -->
  <testcase classname="testpackage.LoginPageTest" name="failloginbuttontest" time="0.0">
    <skipped/>
  </testcase> <!-- failloginbuttontest -->
  <testcase classname="testpackage.LoginPageTest" name="failloginbuttontest" time="0.0">
    <skipped/>
  </testcase> <!-- failloginbuttontest -->
  <testcase classname="testpackage.LoginPageTest" name="failloginbuttontest" time="0.0">
    <skipped/>
  </testcase> <!-- failloginbuttontest -->
  <testcase classname="testpackage.LoginPageTest" name="failloginbuttontest" time="0.0">
    <skipped/>
  </testcase> <!-- failloginbuttontest -->
  <testcase classname="testpackage.LoginPageTest" name="failloginbuttontest" time="0.0">
    <skipped/>
  </testcase> <!-- failloginbuttontest -->
  <testcase classname="testpackage.LoginPageTest" name="failloginbuttontest" time="0.0">
    <skipped/>
  </testcase> <!-- failloginbuttontest -->
  <testcase classname="testpackage.LoginPageTest" name="failloginbuttontest" time="0.0">
    <skipped/>
  </testcase> <!-- failloginbuttontest -->
  <testcase classname="testpackage.LoginPageTest" name="failloginbuttontest" time="0.0">
    <skipped/>
  </testcase> <!-- failloginbuttontest -->
  <testcase classname="testpackage.LoginPageTest" name="failloginbuttontest" time="0.0">
    <skipped/>
  </testcase> <!-- failloginbuttontest -->
  <testcase classname="testpackage.LoginPageTest" name="failloginbuttontest" time="0.0">
    <skipped/>
  </testcase> <!-- failloginbuttontest -->
  <testcase classname="testpackage.LoginPageTest" name="failloginbuttontest" time="0.0">
    <skipped/>
  </testcase> <!-- failloginbuttontest -->
  <testcase classname="testpackage.MousHoverTest" name="img1test" time="0.0">
    <skipped/>
  </testcase> <!-- img1test -->
  <testcase classname="testpackage.NewTabTest" name="tabtest" time="0.0">
    <skipped/>
  </testcase> <!-- tabtest -->
  <testcase classname="testpackage.NotificationTest" name="notificationtest" time="0.0">
    <skipped/>
  </testcase> <!-- notificationtest -->
  <testcase classname="basepackage.BaseTest" name="@BeforeTest initiate" time="0.0">
    <ignored/>
  </testcase> <!-- @BeforeTest initiate -->
  <testcase classname="basepackage.BaseTest" name="@AfterTest quitbrowser" time="0.0">
    <ignored/>
  </testcase> <!-- @AfterTest quitbrowser -->
  <testcase classname="basepackage.BaseTest" name="@AfterTest quitbrowser" time="0.0">
    <ignored/>
  </testcase> <!-- @AfterTest quitbrowser -->
  <testcase classname="basepackage.BaseTest" name="@BeforeTest initiate" time="0.0">
    <ignored/>
  </testcase> <!-- @BeforeTest initiate -->
  <testcase classname="basepackage.BaseTest" name="@BeforeTest initiate" time="0.0">
    <ignored/>
  </testcase> <!-- @BeforeTest initiate -->
  <testcase classname="basepackage.BaseTest" name="@BeforeTest initiate" time="0.0">
    <ignored/>
  </testcase> <!-- @BeforeTest initiate -->
  <testcase classname="basepackage.BaseTest" name="@AfterTest quitbrowser" time="0.0">
    <ignored/>
  </testcase> <!-- @AfterTest quitbrowser -->
  <testcase classname="basepackage.BaseTest" name="@BeforeTest initiate" time="0.0">
    <ignored/>
  </testcase> <!-- @BeforeTest initiate -->
  <testcase classname="basepackage.BaseTest" name="@BeforeTest initiate" time="0.0">
    <ignored/>
  </testcase> <!-- @BeforeTest initiate -->
  <testcase classname="basepackage.BaseTest" name="@AfterTest quitbrowser" time="0.0">
    <ignored/>
  </testcase> <!-- @AfterTest quitbrowser -->
  <testcase classname="basepackage.BaseTest" name="@AfterTest quitbrowser" time="0.0">
    <ignored/>
  </testcase> <!-- @AfterTest quitbrowser -->
  <testcase classname="basepackage.BaseTest" name="@BeforeTest initiate" time="0.0">
    <ignored/>
  </testcase> <!-- @BeforeTest initiate -->
  <testcase classname="basepackage.BaseTest" name="@BeforeTest initiate" time="0.0">
    <ignored/>
  </testcase> <!-- @BeforeTest initiate -->
  <testcase classname="basepackage.BaseTest" name="@AfterTest quitbrowser" time="0.0">
    <ignored/>
  </testcase> <!-- @AfterTest quitbrowser -->
  <testcase classname="basepackage.BaseTest" name="@AfterTest quitbrowser" time="0.0">
    <ignored/>
  </testcase> <!-- @AfterTest quitbrowser -->
  <testcase classname="basepackage.BaseTest" name="@AfterTest quitbrowser" time="0.0">
    <ignored/>
  </testcase> <!-- @AfterTest quitbrowser -->
  <testcase classname="basepackage.BaseTest" name="@BeforeTest initiate" time="0.0">
    <ignored/>
  </testcase> <!-- @BeforeTest initiate -->
  <testcase classname="basepackage.BaseTest" name="@BeforeTest initiate" time="0.0">
    <ignored/>
  </testcase> <!-- @BeforeTest initiate -->
  <testcase classname="basepackage.BaseTest" name="@AfterTest quitbrowser" time="0.0">
    <ignored/>
  </testcase> <!-- @AfterTest quitbrowser -->
  <testcase classname="basepackage.BaseTest" name="@AfterTest quitbrowser" time="0.0">
    <ignored/>
  </testcase> <!-- @AfterTest quitbrowser -->
</testsuite> <!-- Command line test -->
