<?xml version="1.0" encoding="UTF-8"?>
<!-- Generated by org.testng.reporters.JUnitXMLReporter -->
<testsuite ignored="0" hostname="LAPTOP-MVNUQ4K1" failures="0" tests="17" name="Command line test" time="444.183" errors="0" timestamp="2022-12-04T00:13:21 GMT-05:00">
  <testcase classname="testpackage.CheckBoxTest" name="CheckedCheckBoxtest" time="2.339"/>
  <testcase classname="testpackage.CheckBoxTest" name="UncheckedCheckBoxtest" time="1.608"/>
  <testcase classname="testpackage.ContextmenuTest" name="alerttest" time="3.392"/>
  <testcase classname="testpackage.DragandDropTest" name="DragtestforA" time="4.786"/>
  <testcase classname="testpackage.DragandDropTest" name="DragtestforB" time="2.302"/>
  <testcase classname="testpackage.DynamiccontentTest" name="Dynamiccontent1test" time="5.196"/>
  <testcase classname="testpackage.DynamiccontentTest" name="Dynamiccontent2test" time="6.214"/>
  <testcase classname="testpackage.DynamiccontentTest" name="Dynamiccontent3test" time="7.625"/>
  <testcase classname="testpackage.DynamicLoadingTest" name="startbuttontest" time="9.086"/>
  <testcase classname="testpackage.JSAlertTest" name="jsalerttest" time="1.099"/>
  <testcase classname="testpackage.JSAlertTest" name="jsconfirmtest" time="0.797"/>
  <testcase classname="testpackage.JSAlertTest" name="jsprompttest" time="1.393"/>
  <testcase classname="testpackage.LoginPageTest" name="failloginbuttontest" time="8.789"/>
  <testcase classname="testpackage.LoginPageTest" name="loginbuttontest" time="8.399"/>
  <testcase classname="testpackage.MousHoverTest" name="img1test" time="1.371"/>
  <testcase classname="testpackage.NewTabTest" name="tabtest" time="0.048"/>
  <testcase classname="testpackage.NotificationTest" name="notificationtest" time="4.597"/>
</testsuite> <!-- Command line test -->
