<?xml version="1.0" encoding="UTF-8"?>
<!-- Generated by org.testng.reporters.JUnitXMLReporter -->
<testsuite ignored="16" hostname="LAPTOP-MVNUQ4K1" failures="0" tests="32" name="EdgeTest" time="92.952" errors="0" timestamp="2022-12-26T16:01:42 GMT-05:00">
  <testcase classname="testpackage.Downloadtest" name="@BeforeMethod StartSignInTest" time="0.019">
    <failure type="org.openqa.selenium.UnhandledAlertException" message="unexpected alert open: {Alert text : You selected a context menu}
  (Session info: MicrosoftEdge=108.0.1462.54): You selected a context menu
Build info: version: &amp;apos;3.141.59&amp;apos;, revision: &amp;apos;e82be7d358&amp;apos;, time: &amp;apos;2018-11-14T08:17:03&amp;apos;
System info: host: &amp;apos;LAPTOP-MVNUQ4K1&amp;apos;, ip: &amp;apos;192.168.48.1&amp;apos;, os.name: &amp;apos;Windows 11&amp;apos;, os.arch: &amp;apos;amd64&amp;apos;, os.version: &amp;apos;10.0&amp;apos;, java.version: &amp;apos;17.0.3.1&amp;apos;
Driver info: org.openqa.selenium.edge.EdgeDriver
Capabilities {acceptInsecureCerts: false, browserName: msedge, browserVersion: 108.0.1462.54, javascriptEnabled: true, ms:edgeOptions: {debuggerAddress: localhost:49778}, msedge: {msedgedriverVersion: 108.0.1462.54 (c2998c8c6617..., userDataDir: C:\Users\shiva\AppData\Loca...}, networkConnectionEnabled: false, pageLoadStrategy: normal, platform: WINDOWS, platformName: WINDOWS, proxy: Proxy(), setWindowRect: true, strictFileInteractability: false, timeouts: {implicit: 0, pageLoad: 300000, script: 30000}, unhandledPromptBehavior: dismiss and notify, webauthn:extension:credBlob: true, webauthn:extension:largeBlob: true, webauthn:virtualAuthenticators: true}
Session ID: 2ed9d65f4d14cfc783d22f7c1ae3528f">
      <![CDATA[org.openqa.selenium.UnhandledAlertException: unexpected alert open: {Alert text : You selected a context menu}
  (Session info: MicrosoftEdge=108.0.1462.54): You selected a context menu
Build info: version: '3.141.59', revision: 'e82be7d358', time: '2018-11-14T08:17:03'
System info: host: 'LAPTOP-MVNUQ4K1', ip: '192.168.48.1', os.name: 'Windows 11', os.arch: 'amd64', os.version: '10.0', java.version: '17.0.3.1'
Driver info: org.openqa.selenium.edge.EdgeDriver
Capabilities {acceptInsecureCerts: false, browserName: msedge, browserVersion: 108.0.1462.54, javascriptEnabled: true, ms:edgeOptions: {debuggerAddress: localhost:49778}, msedge: {msedgedriverVersion: 108.0.1462.54 (c2998c8c6617..., userDataDir: C:\Users\shiva\AppData\Loca...}, networkConnectionEnabled: false, pageLoadStrategy: normal, platform: WINDOWS, platformName: WINDOWS, proxy: Proxy(), setWindowRect: true, strictFileInteractability: false, timeouts: {implicit: 0, pageLoad: 300000, script: 30000}, unhandledPromptBehavior: dismiss and notify, webauthn:extension:credBlob: true, webauthn:extension:largeBlob: true, webauthn:virtualAuthenticators: true}
Session ID: 2ed9d65f4d14cfc783d22f7c1ae3528f
at org.openqa.selenium.remote.http.W3CHttpResponseCodec.decode(W3CHttpResponseCodec.java:120)
at org.openqa.selenium.remote.http.W3CHttpResponseCodec.decode(W3CHttpResponseCodec.java:49)
at org.openqa.selenium.remote.HttpCommandExecutor.execute(HttpCommandExecutor.java:158)
at org.openqa.selenium.remote.service.DriverCommandExecutor.execute(DriverCommandExecutor.java:83)
at org.openqa.selenium.remote.RemoteWebDriver.execute(RemoteWebDriver.java:552)
at org.openqa.selenium.remote.RemoteWebDriver.get(RemoteWebDriver.java:277)
at testpackage.Downloadtest.StartSignInTest(Downloadtest.java:20)
at java.base/java.util.ArrayList.forEach(ArrayList.java:1511)
... Removed 31 stack frames]]>
    </failure>
  </testcase> <!-- @BeforeMethod StartSignInTest -->
  <testcase classname="testpackage.ContextmenuTest" name="alerttest" time="0.365"/>
  <testcase classname="testpackage.Downloadtest" name="testdownload" time="0.0">
    <skipped/>
  </testcase> <!-- testdownload -->
  <testcase classname="testpackage.DragandDropTest" name="DragtestforA" time="0.318"/>
  <testcase classname="testpackage.DragandDropTest" name="DragtestforB" time="1.943"/>
  <testcase classname="testpackage.DynamiccontentTest" name="Dynamiccontent1test" time="0.511"/>
  <testcase classname="testpackage.DynamiccontentTest" name="Dynamiccontent2test" time="0.454"/>
  <testcase classname="testpackage.DynamiccontentTest" name="Dynamiccontent3test" time="0.518"/>
  <testcase classname="testpackage.Dropdowntest" name="option1test" time="0.154"/>
  <testcase classname="testpackage.Dropdowntest" name="option2test" time="0.146"/>
  <testcase classname="testpackage.DynamicLoadingTest" name="startbuttontest" time="5.476"/>
  <testcase classname="testpackage.Floatingmenutest" name="floatinmenutest" time="0.028"/>
  <testcase classname="testpackage.iframetest" name="Frametest" time="0.189"/>
  <testcase classname="testpackage.IndexTest" name="allIndexTabTest" time="0.182"/>
  <testcase classname="testpackage.IndexTest" name="alternativesTabTest" time="0.198"/>
  <testcase classname="testpackage.IndexTest" name="assetTypeTest" time="0.593"/>
  <testcase classname="testpackage.IndexTest" name="dayColumntest" time="0.246"/>
  <testcase classname="testpackage.IndexTest" name="equityTabTest" time="0.169"/>
  <testcase classname="testpackage.IndexTest" name="esgTabTest" time="0.181"/>
  <testcase classname="testpackage.IndexTest" name="fixedIncomeTabTest" time="0.189"/>
  <testcase classname="testpackage.IndexTest" name="geoRegionTest" time="2.056"/>
  <testcase classname="testpackage.IndexTest" name="indexByKeywordTest" time="0.32"/>
  <testcase classname="testpackage.IndexTest" name="indexByNameTest" time="0.112"/>
  <testcase classname="testpackage.IndexTest" name="indexFamilyTest" time="17.817"/>
  <testcase classname="testpackage.IndexTest" name="indexType" time="0.314"/>
  <testcase classname="testpackage.IndexTest" name="marketingTextTest" time="0.037"/>
  <testcase classname="testpackage.IndexTest" name="multiAssetTabTest" time="0.148"/>
  <testcase classname="testpackage.IndexTest" name="privateMarketTabTest" time="0.175"/>
  <testcase classname="testpackage.IndexTest" name="result_10test" time="0.463"/>
  <testcase classname="testpackage.IndexTest" name="result_20test" time="0.376"/>
  <testcase classname="testpackage.IndexTest" name="result_50test" time="0.423"/>
  <testcase classname="testpackage.IndexTest" name="tabListTest" time="0.148"/>
  <testcase classname="testpackage.IndexTest" name="weekColumntest" time="0.239"/>
  <testcase classname="basepackage.BaseTest" name="@BeforeTest initiate" time="0.0">
    <ignored/>
  </testcase> <!-- @BeforeTest initiate -->
  <testcase classname="basepackage.BaseTest" name="@AfterTest quitbrowser" time="0.0">
    <ignored/>
  </testcase> <!-- @AfterTest quitbrowser -->
  <testcase classname="basepackage.BaseTest" name="@AfterTest quitbrowser" time="0.0">
    <ignored/>
  </testcase> <!-- @AfterTest quitbrowser -->
  <testcase classname="basepackage.BaseTest" name="@AfterTest quitbrowser" time="0.0">
    <ignored/>
  </testcase> <!-- @AfterTest quitbrowser -->
  <testcase classname="basepackage.BaseTest" name="@AfterTest quitbrowser" time="0.0">
    <ignored/>
  </testcase> <!-- @AfterTest quitbrowser -->
  <testcase classname="basepackage.BaseTest" name="@BeforeTest initiate" time="0.0">
    <ignored/>
  </testcase> <!-- @BeforeTest initiate -->
  <testcase classname="basepackage.BaseTest" name="@BeforeTest initiate" time="0.0">
    <ignored/>
  </testcase> <!-- @BeforeTest initiate -->
  <testcase classname="basepackage.BaseTest" name="@BeforeTest initiate" time="0.0">
    <ignored/>
  </testcase> <!-- @BeforeTest initiate -->
  <testcase classname="basepackage.BaseTest" name="@AfterTest quitbrowser" time="0.0">
    <ignored/>
  </testcase> <!-- @AfterTest quitbrowser -->
  <testcase classname="basepackage.BaseTest" name="@BeforeTest initiate" time="0.0">
    <ignored/>
  </testcase> <!-- @BeforeTest initiate -->
  <testcase classname="basepackage.BaseTest" name="@AfterTest quitbrowser" time="0.0">
    <ignored/>
  </testcase> <!-- @AfterTest quitbrowser -->
  <testcase classname="basepackage.BaseTest" name="@BeforeTest initiate" time="0.0">
    <ignored/>
  </testcase> <!-- @BeforeTest initiate -->
  <testcase classname="basepackage.BaseTest" name="@BeforeTest initiate" time="0.0">
    <ignored/>
  </testcase> <!-- @BeforeTest initiate -->
  <testcase classname="basepackage.BaseTest" name="@BeforeTest initiate" time="0.0">
    <ignored/>
  </testcase> <!-- @BeforeTest initiate -->
  <testcase classname="basepackage.BaseTest" name="@AfterTest quitbrowser" time="0.0">
    <ignored/>
  </testcase> <!-- @AfterTest quitbrowser -->
  <testcase classname="basepackage.BaseTest" name="@AfterTest quitbrowser" time="0.0">
    <ignored/>
  </testcase> <!-- @AfterTest quitbrowser -->
</testsuite> <!-- EdgeTest -->
