<?xml version="1.0" encoding="UTF-8" ?>
<testsuite tests="17" failures="0" name="TestSuite" time="69.044" errors="0" skipped="0">
  <properties>
[...]
</properties>
  <testcase classname="testpackage.CheckBoxTest" name="CheckedCheckBoxtest" time="2.343"/>
  <testcase classname="testpackage.CheckBoxTest" name="UncheckedCheckBoxtest" time="1.608"/>
  <testcase classname="testpackage.ContextmenuTest" name="alerttest" time="3.393"/>
  <testcase classname="testpackage.DragandDropTest" name="DragtestforA" time="4.788"/>
  <testcase classname="testpackage.DragandDropTest" name="DragtestforB" time="2.302"/>
  <testcase classname="testpackage.DynamiccontentTest" name="Dynamiccontent1test" time="5.197"/>
  <testcase classname="testpackage.DynamiccontentTest" name="Dynamiccontent2test" time="6.211"/>
  <testcase classname="testpackage.DynamiccontentTest" name="Dynamiccontent3test" time="7.625"/>
  <testcase classname="testpackage.DynamicLoadingTest" name="startbuttontest" time="9.087"/>
  <testcase classname="testpackage.JSAlertTest" name="jsalerttest" time="1.1"/>
  <testcase classname="testpackage.JSAlertTest" name="jsconfirmtest" time="0.794"/>
  <testcase classname="testpackage.JSAlertTest" name="jsprompttest" time="1.393"/>
  <testcase classname="testpackage.LoginPageTest" name="failloginbuttontest" time="8.787"/>
  <testcase classname="testpackage.LoginPageTest" name="loginbuttontest" time="8.398"/>
  <testcase classname="testpackage.MousHoverTest" name="img1test" time="1.372"/>
  <testcase classname="testpackage.NewTabTest" name="tabtest" time="0.049"/>
  <testcase classname="testpackage.NotificationTest" name="notificationtest" time="4.597"/>
</testsuite>