<?xml version="1.0" encoding="UTF-8" ?>
<testsuite tests="493" failures="1" name="TestSuite" time="27.038" errors="0" skipped="492">
  <properties>
[...]
</properties>
  <testcase classname="testpackage.CheckBoxTest" name="initiate" time="8.672">
    <failure message="
Parameter &apos;browser&apos; is required by BeforeTest on method initiate but has not been marked @Optional or defined
" type="org.testng.TestNGException">org.testng.TestNGException: 
Parameter &apos;browser&apos; is required by BeforeTest on method initiate but has not been marked @Optional or defined

	at org.testng.internal.Parameters.createParams(Parameters.java:267)
	at org.testng.internal.Parameters.createParametersForMethod(Parameters.java:355)
	at org.testng.internal.Parameters.createParameters(Parameters.java:684)
	at org.testng.internal.Parameters.createConfigurationParameters(Parameters.java:166)
	at org.testng.internal.invokers.ConfigInvoker.invokeConfigurations(ConfigInvoker.java:277)
	at org.testng.TestRunner.invokeTestConfigurations(TestRunner.java:643)
	at org.testng.TestRunner.beforeRun(TestRunner.java:632)
	at org.testng.TestRunner.run(TestRunner.java:594)
	at org.testng.SuiteRunner.runTest(SuiteRunner.java:433)
	at org.testng.SuiteRunner.runSequentially(SuiteRunner.java:427)
	at org.testng.SuiteRunner.privateRun(SuiteRunner.java:387)
	at org.testng.SuiteRunner.run(SuiteRunner.java:330)
	at org.testng.SuiteRunnerWorker.runSuite(SuiteRunnerWorker.java:52)
	at org.testng.SuiteRunnerWorker.run(SuiteRunnerWorker.java:95)
	at org.testng.TestNG.runSuitesSequentially(TestNG.java:1256)
	at org.testng.TestNG.runSuitesLocally(TestNG.java:1176)
	at org.testng.TestNG.runSuites(TestNG.java:1099)
	at org.testng.TestNG.run(TestNG.java:1067)
	at org.apache.maven.surefire.testng.TestNGExecutor.run(TestNGExecutor.java:77)
	at org.apache.maven.surefire.testng.TestNGDirectoryTestSuite.executeMulti(TestNGDirectoryTestSuite.java:159)
	at org.apache.maven.surefire.testng.TestNGDirectoryTestSuite.execute(TestNGDirectoryTestSuite.java:99)
	at org.apache.maven.surefire.testng.TestNGProvider.invoke(TestNGProvider.java:106)
	at java.base/jdk.internal.reflect.NativeMethodAccessorImpl.invoke0(Native Method)
	at java.base/jdk.internal.reflect.NativeMethodAccessorImpl.invoke(NativeMethodAccessorImpl.java:77)
	at java.base/jdk.internal.reflect.DelegatingMethodAccessorImpl.invoke(DelegatingMethodAccessorImpl.java:43)
	at java.base/java.lang.reflect.Method.invoke(Method.java:568)
	at org.apache.maven.surefire.util.ReflectionUtils.invokeMethodWithArray(ReflectionUtils.java:189)
	at org.apache.maven.surefire.booter.ProviderFactory$ProviderProxy.invoke(ProviderFactory.java:165)
	at org.apache.maven.surefire.booter.ProviderFactory.invokeProvider(ProviderFactory.java:85)
	at org.apache.maven.surefire.booter.ForkedBooter.runSuitesInProcess(ForkedBooter.java:115)
	at org.apache.maven.surefire.booter.ForkedBooter.main(ForkedBooter.java:75)
</failure>
    <system-out>Configuring TestNG with: org.apache.maven.surefire.testng.conf.TestNG652Configurator@6615435c
</system-out>
    <system-err>SLF4J: Failed to load class &quot;org.slf4j.impl.StaticLoggerBinder&quot;.
SLF4J: Defaulting to no-operation (NOP) logger implementation
SLF4J: See http://www.slf4j.org/codes.html#StaticLoggerBinder for further details.
</system-err>
  </testcase>
  <testcase classname="testpackage.CheckBoxTest" name="getDriver" time="8.708">
    <skipped/>
  </testcase>
  <testcase classname="testpackage.CheckBoxTest" name="StartSignInTest" time="8.728">
    <skipped/>
  </testcase>
  <testcase classname="testpackage.CheckBoxTest" name="CheckedCheckBoxtest" time="0.003">
    <skipped/>
  </testcase>
  <testcase classname="testpackage.CheckBoxTest" name="StartSignInTest" time="0.006">
    <skipped/>
  </testcase>
  <testcase classname="testpackage.CheckBoxTest" name="UncheckedCheckBoxtest" time="0">
    <skipped/>
  </testcase>
  <testcase classname="testpackage.ContextmenuTest" name="getDriver" time="0.001">
    <skipped/>
  </testcase>
  <testcase classname="testpackage.ContextmenuTest" name="StartSignInTest" time="0.002">
    <skipped/>
  </testcase>
  <testcase classname="testpackage.ContextmenuTest" name="alerttest" time="0">
    <skipped/>
  </testcase>
  <testcase classname="testpackage.DragandDropTest" name="getDriver" time="0.001">
    <skipped/>
  </testcase>
  <testcase classname="testpackage.DragandDropTest" name="StartSignInTest" time="0.002">
    <skipped/>
  </testcase>
  <testcase classname="testpackage.DragandDropTest" name="DragtestforA" time="0">
    <skipped/>
  </testcase>
  <testcase classname="testpackage.DragandDropTest" name="StartSignInTest" time="0.001">
    <skipped/>
  </testcase>
  <testcase classname="testpackage.DragandDropTest" name="DragtestforB" time="0">
    <skipped/>
  </testcase>
  <testcase classname="testpackage.DynamiccontentTest" name="getDriver" time="0">
    <skipped/>
  </testcase>
  <testcase classname="testpackage.DynamiccontentTest" name="StartSignInTest" time="0">
    <skipped/>
  </testcase>
  <testcase classname="testpackage.DynamiccontentTest" name="Dynamiccontent1test" time="0">
    <skipped/>
  </testcase>
  <testcase classname="testpackage.DynamiccontentTest" name="StartSignInTest" time="0">
    <skipped/>
  </testcase>
  <testcase classname="testpackage.DynamiccontentTest" name="Dynamiccontent2test" time="0">
    <skipped/>
  </testcase>
  <testcase classname="testpackage.DynamiccontentTest" name="StartSignInTest" time="0.001">
    <skipped/>
  </testcase>
  <testcase classname="testpackage.DynamiccontentTest" name="Dynamiccontent3test" time="0">
    <skipped/>
  </testcase>
  <testcase classname="testpackage.DynamicLoadingTest" name="getDriver" time="0.001">
    <skipped/>
  </testcase>
  <testcase classname="testpackage.DynamicLoadingTest" name="StartSignInTest" time="0.001">
    <skipped/>
  </testcase>
  <testcase classname="testpackage.DynamicLoadingTest" name="startbuttontest" time="0">
    <skipped/>
  </testcase>
  <testcase classname="testpackage.IndexTest" name="getDriver" time="0">
    <skipped/>
  </testcase>
  <testcase classname="testpackage.IndexTest" name="indexTest" time="0.001">
    <skipped/>
  </testcase>
  <testcase classname="testpackage.IndexTest" name="allIndexTabTest" time="0">
    <skipped/>
  </testcase>
  <testcase classname="testpackage.IndexTest" name="indexTest" time="0.001">
    <skipped/>
  </testcase>
  <testcase classname="testpackage.IndexTest" name="alternativesTabTest" time="0">
    <skipped/>
  </testcase>
  <testcase classname="testpackage.IndexTest" name="indexTest" time="0.001">
    <skipped/>
  </testcase>
  <testcase classname="testpackage.IndexTest" name="assetTypeTest" time="0">
    <skipped/>
  </testcase>
  <testcase classname="testpackage.IndexTest" name="indexTest" time="0.001">
    <skipped/>
  </testcase>
  <testcase classname="testpackage.IndexTest" name="dayColumntest" time="0">
    <skipped/>
  </testcase>
  <testcase classname="testpackage.IndexTest" name="indexTest" time="0">
    <skipped/>
  </testcase>
  <testcase classname="testpackage.IndexTest" name="equityTabTest" time="0.001">
    <skipped/>
  </testcase>
  <testcase classname="testpackage.IndexTest" name="indexTest" time="0.001">
    <skipped/>
  </testcase>
  <testcase classname="testpackage.IndexTest" name="esgTabTest" time="0">
    <skipped/>
  </testcase>
  <testcase classname="testpackage.IndexTest" name="indexTest" time="0">
    <skipped/>
  </testcase>
  <testcase classname="testpackage.IndexTest" name="fixedIncomeTabTest" time="0">
    <skipped/>
  </testcase>
  <testcase classname="testpackage.IndexTest" name="indexTest" time="0.001">
    <skipped/>
  </testcase>
  <testcase classname="testpackage.IndexTest" name="geoRegionTest" time="0">
    <skipped/>
  </testcase>
  <testcase classname="testpackage.IndexTest" name="indexTest" time="0.001">
    <skipped/>
  </testcase>
  <testcase classname="testpackage.IndexTest" name="indexByKeywordTest" time="0">
    <skipped/>
  </testcase>
  <testcase classname="testpackage.IndexTest" name="indexTest" time="0.001">
    <skipped/>
  </testcase>
  <testcase classname="testpackage.IndexTest" name="indexByNameTest" time="0">
    <skipped/>
  </testcase>
  <testcase classname="testpackage.IndexTest" name="indexTest" time="0">
    <skipped/>
  </testcase>
  <testcase classname="testpackage.IndexTest" name="indexFamilyTest" time="0">
    <skipped/>
  </testcase>
  <testcase classname="testpackage.IndexTest" name="indexTest" time="0.001">
    <skipped/>
  </testcase>
  <testcase classname="testpackage.IndexTest" name="indexType" time="0.001">
    <skipped/>
  </testcase>
  <testcase classname="testpackage.IndexTest" name="indexTest" time="0.001">
    <skipped/>
  </testcase>
  <testcase classname="testpackage.IndexTest" name="marketingTextTest" time="0">
    <skipped/>
  </testcase>
  <testcase classname="testpackage.IndexTest" name="indexTest" time="0.001">
    <skipped/>
  </testcase>
  <testcase classname="testpackage.IndexTest" name="multiAssetTabTest" time="0">
    <skipped/>
  </testcase>
  <testcase classname="testpackage.IndexTest" name="indexTest" time="0.001">
    <skipped/>
  </testcase>
  <testcase classname="testpackage.IndexTest" name="privateMarketTabTest" time="0">
    <skipped/>
  </testcase>
  <testcase classname="testpackage.IndexTest" name="indexTest" time="0.001">
    <skipped/>
  </testcase>
  <testcase classname="testpackage.IndexTest" name="result_10test" time="0">
    <skipped/>
  </testcase>
  <testcase classname="testpackage.IndexTest" name="indexTest" time="0.001">
    <skipped/>
  </testcase>
  <testcase classname="testpackage.IndexTest" name="result_20test" time="0">
    <skipped/>
  </testcase>
  <testcase classname="testpackage.IndexTest" name="indexTest" time="0.001">
    <skipped/>
  </testcase>
  <testcase classname="testpackage.IndexTest" name="result_50test" time="0">
    <skipped/>
  </testcase>
  <testcase classname="testpackage.IndexTest" name="indexTest" time="0.001">
    <skipped/>
  </testcase>
  <testcase classname="testpackage.IndexTest" name="tabListTest" time="0">
    <skipped/>
  </testcase>
  <testcase classname="testpackage.IndexTest" name="indexTest" time="0.001">
    <skipped/>
  </testcase>
  <testcase classname="testpackage.IndexTest" name="weekColumntest" time="0">
    <skipped/>
  </testcase>
  <testcase classname="testpackage.JSAlertTest" name="getDriver" time="0.001">
    <skipped/>
  </testcase>
  <testcase classname="testpackage.JSAlertTest" name="StartSignInTest" time="0.002">
    <skipped/>
  </testcase>
  <testcase classname="testpackage.JSAlertTest" name="jsalerttest" time="0">
    <skipped/>
  </testcase>
  <testcase classname="testpackage.JSAlertTest" name="StartSignInTest" time="0.001">
    <skipped/>
  </testcase>
  <testcase classname="testpackage.JSAlertTest" name="jsconfirmtest" time="0">
    <skipped/>
  </testcase>
  <testcase classname="testpackage.JSAlertTest" name="StartSignInTest" time="0.001">
    <skipped/>
  </testcase>
  <testcase classname="testpackage.JSAlertTest" name="jsprompttest" time="0">
    <skipped/>
  </testcase>
  <testcase classname="testpackage.LoginPageTest" name="getDriver" time="0">
    <skipped/>
  </testcase>
  <testcase classname="testpackage.LoginPageTest" name="StartSignInTest" time="0.001">
    <skipped/>
  </testcase>
  <testcase classname="testpackage.LoginPageTest" name="loginbuttontest" time="0">
    <skipped/>
  </testcase>
  <testcase classname="testpackage.LoginPageTest" name="StartSignInTest" time="0.806">
    <skipped/>
    <system-err>ERROR StatusLogger Log4j2 could not find a logging implementation. Please add log4j-core to the classpath. Using SimpleLogger to log to the console...
</system-err>
  </testcase>
  <testcase classname="testpackage.LoginPageTest" name="failloginbuttontest" time="0">
    <skipped/>
  </testcase>
  <testcase classname="testpackage.LoginPageTest" name="StartSignInTest" time="0">
    <skipped/>
  </testcase>
  <testcase classname="testpackage.LoginPageTest" name="failloginbuttontest" time="0">
    <skipped/>
  </testcase>
  <testcase classname="testpackage.LoginPageTest" name="StartSignInTest" time="0.001">
    <skipped/>
  </testcase>
  <testcase classname="testpackage.LoginPageTest" name="failloginbuttontest" time="0">
    <skipped/>
  </testcase>
  <testcase classname="testpackage.LoginPageTest" name="StartSignInTest" time="0">
    <skipped/>
  </testcase>
  <testcase classname="testpackage.LoginPageTest" name="failloginbuttontest" time="0">
    <skipped/>
  </testcase>
  <testcase classname="testpackage.LoginPageTest" name="StartSignInTest" time="0.001">
    <skipped/>
  </testcase>
  <testcase classname="testpackage.LoginPageTest" name="failloginbuttontest" time="0">
    <skipped/>
  </testcase>
  <testcase classname="testpackage.LoginPageTest" name="StartSignInTest" time="0">
    <skipped/>
  </testcase>
  <testcase classname="testpackage.LoginPageTest" name="failloginbuttontest" time="0">
    <skipped/>
  </testcase>
  <testcase classname="testpackage.LoginPageTest" name="StartSignInTest" time="0">
    <skipped/>
  </testcase>
  <testcase classname="testpackage.LoginPageTest" name="failloginbuttontest" time="0">
    <skipped/>
  </testcase>
  <testcase classname="testpackage.LoginPageTest" name="StartSignInTest" time="0.001">
    <skipped/>
  </testcase>
  <testcase classname="testpackage.LoginPageTest" name="failloginbuttontest" time="0">
    <skipped/>
  </testcase>
  <testcase classname="testpackage.LoginPageTest" name="StartSignInTest" time="0">
    <skipped/>
  </testcase>
  <testcase classname="testpackage.LoginPageTest" name="failloginbuttontest" time="0">
    <skipped/>
  </testcase>
  <testcase classname="testpackage.LoginPageTest" name="StartSignInTest" time="0.001">
    <skipped/>
  </testcase>
  <testcase classname="testpackage.LoginPageTest" name="failloginbuttontest" time="0">
    <skipped/>
  </testcase>
  <testcase classname="testpackage.LoginPageTest" name="StartSignInTest" time="0">
    <skipped/>
  </testcase>
  <testcase classname="testpackage.LoginPageTest" name="failloginbuttontest" time="0">
    <skipped/>
  </testcase>
  <testcase classname="testpackage.LoginPageTest" name="StartSignInTest" time="0.001">
    <skipped/>
  </testcase>
  <testcase classname="testpackage.LoginPageTest" name="failloginbuttontest" time="0">
    <skipped/>
  </testcase>
  <testcase classname="testpackage.LoginPageTest" name="StartSignInTest" time="0">
    <skipped/>
  </testcase>
  <testcase classname="testpackage.LoginPageTest" name="failloginbuttontest" time="0">
    <skipped/>
  </testcase>
  <testcase classname="testpackage.LoginPageTest" name="StartSignInTest" time="0.001">
    <skipped/>
  </testcase>
  <testcase classname="testpackage.LoginPageTest" name="failloginbuttontest" time="0">
    <skipped/>
  </testcase>
  <testcase classname="testpackage.LoginPageTest" name="StartSignInTest" time="0">
    <skipped/>
  </testcase>
  <testcase classname="testpackage.LoginPageTest" name="failloginbuttontest" time="0">
    <skipped/>
  </testcase>
  <testcase classname="testpackage.LoginPageTest" name="StartSignInTest" time="0.001">
    <skipped/>
  </testcase>
  <testcase classname="testpackage.LoginPageTest" name="failloginbuttontest" time="0">
    <skipped/>
  </testcase>
  <testcase classname="testpackage.LoginPageTest" name="StartSignInTest" time="0">
    <skipped/>
  </testcase>
  <testcase classname="testpackage.LoginPageTest" name="failloginbuttontest" time="0">
    <skipped/>
  </testcase>
  <testcase classname="testpackage.LoginPageTest" name="StartSignInTest" time="0.001">
    <skipped/>
  </testcase>
  <testcase classname="testpackage.LoginPageTest" name="failloginbuttontest" time="0">
    <skipped/>
  </testcase>
  <testcase classname="testpackage.LoginPageTest" name="StartSignInTest" time="0">
    <skipped/>
  </testcase>
  <testcase classname="testpackage.LoginPageTest" name="failloginbuttontest" time="0">
    <skipped/>
  </testcase>
  <testcase classname="testpackage.LoginPageTest" name="StartSignInTest" time="0.001">
    <skipped/>
  </testcase>
  <testcase classname="testpackage.LoginPageTest" name="failloginbuttontest" time="0">
    <skipped/>
  </testcase>
  <testcase classname="testpackage.LoginPageTest" name="StartSignInTest" time="0">
    <skipped/>
  </testcase>
  <testcase classname="testpackage.LoginPageTest" name="failloginbuttontest" time="0">
    <skipped/>
  </testcase>
  <testcase classname="testpackage.LoginPageTest" name="StartSignInTest" time="0">
    <skipped/>
  </testcase>
  <testcase classname="testpackage.LoginPageTest" name="failloginbuttontest" time="0">
    <skipped/>
  </testcase>
  <testcase classname="testpackage.LoginPageTest" name="StartSignInTest" time="0.001">
    <skipped/>
  </testcase>
  <testcase classname="testpackage.LoginPageTest" name="failloginbuttontest" time="0">
    <skipped/>
  </testcase>
  <testcase classname="testpackage.LoginPageTest" name="StartSignInTest" time="0">
    <skipped/>
  </testcase>
  <testcase classname="testpackage.LoginPageTest" name="failloginbuttontest" time="0">
    <skipped/>
  </testcase>
  <testcase classname="testpackage.LoginPageTest" name="StartSignInTest" time="0.001">
    <skipped/>
  </testcase>
  <testcase classname="testpackage.LoginPageTest" name="failloginbuttontest" time="0">
    <skipped/>
  </testcase>
  <testcase classname="testpackage.LoginPageTest" name="StartSignInTest" time="0">
    <skipped/>
  </testcase>
  <testcase classname="testpackage.LoginPageTest" name="failloginbuttontest" time="0">
    <skipped/>
  </testcase>
  <testcase classname="testpackage.LoginPageTest" name="StartSignInTest" time="0.001">
    <skipped/>
  </testcase>
  <testcase classname="testpackage.LoginPageTest" name="failloginbuttontest" time="0">
    <skipped/>
  </testcase>
  <testcase classname="testpackage.LoginPageTest" name="StartSignInTest" time="0">
    <skipped/>
  </testcase>
  <testcase classname="testpackage.LoginPageTest" name="failloginbuttontest" time="0">
    <skipped/>
  </testcase>
  <testcase classname="testpackage.LoginPageTest" name="StartSignInTest" time="0.001">
    <skipped/>
  </testcase>
  <testcase classname="testpackage.LoginPageTest" name="failloginbuttontest" time="0">
    <skipped/>
  </testcase>
  <testcase classname="testpackage.LoginPageTest" name="StartSignInTest" time="0">
    <skipped/>
  </testcase>
  <testcase classname="testpackage.LoginPageTest" name="failloginbuttontest" time="0">
    <skipped/>
  </testcase>
  <testcase classname="testpackage.LoginPageTest" name="StartSignInTest" time="0.001">
    <skipped/>
  </testcase>
  <testcase classname="testpackage.LoginPageTest" name="failloginbuttontest" time="0">
    <skipped/>
  </testcase>
  <testcase classname="testpackage.LoginPageTest" name="StartSignInTest" time="0">
    <skipped/>
  </testcase>
  <testcase classname="testpackage.LoginPageTest" name="failloginbuttontest" time="0">
    <skipped/>
  </testcase>
  <testcase classname="testpackage.LoginPageTest" name="StartSignInTest" time="0.001">
    <skipped/>
  </testcase>
  <testcase classname="testpackage.LoginPageTest" name="failloginbuttontest" time="0">
    <skipped/>
  </testcase>
  <testcase classname="testpackage.LoginPageTest" name="StartSignInTest" time="0">
    <skipped/>
  </testcase>
  <testcase classname="testpackage.LoginPageTest" name="failloginbuttontest" time="0">
    <skipped/>
  </testcase>
  <testcase classname="testpackage.LoginPageTest" name="StartSignInTest" time="0">
    <skipped/>
  </testcase>
  <testcase classname="testpackage.LoginPageTest" name="failloginbuttontest" time="0">
    <skipped/>
  </testcase>
  <testcase classname="testpackage.LoginPageTest" name="StartSignInTest" time="0">
    <skipped/>
  </testcase>
  <testcase classname="testpackage.LoginPageTest" name="failloginbuttontest" time="0">
    <skipped/>
  </testcase>
  <testcase classname="testpackage.LoginPageTest" name="StartSignInTest" time="0">
    <skipped/>
  </testcase>
  <testcase classname="testpackage.LoginPageTest" name="failloginbuttontest" time="0">
    <skipped/>
  </testcase>
  <testcase classname="testpackage.LoginPageTest" name="StartSignInTest" time="0.001">
    <skipped/>
  </testcase>
  <testcase classname="testpackage.LoginPageTest" name="failloginbuttontest" time="0">
    <skipped/>
  </testcase>
  <testcase classname="testpackage.LoginPageTest" name="StartSignInTest" time="0">
    <skipped/>
  </testcase>
  <testcase classname="testpackage.LoginPageTest" name="failloginbuttontest" time="0">
    <skipped/>
  </testcase>
  <testcase classname="testpackage.LoginPageTest" name="StartSignInTest" time="0.001">
    <skipped/>
  </testcase>
  <testcase classname="testpackage.LoginPageTest" name="failloginbuttontest" time="0">
    <skipped/>
  </testcase>
  <testcase classname="testpackage.LoginPageTest" name="StartSignInTest" time="0">
    <skipped/>
  </testcase>
  <testcase classname="testpackage.LoginPageTest" name="failloginbuttontest" time="0">
    <skipped/>
  </testcase>
  <testcase classname="testpackage.LoginPageTest" name="StartSignInTest" time="0">
    <skipped/>
  </testcase>
  <testcase classname="testpackage.LoginPageTest" name="failloginbuttontest" time="0">
    <skipped/>
  </testcase>
  <testcase classname="testpackage.LoginPageTest" name="StartSignInTest" time="0.001">
    <skipped/>
  </testcase>
  <testcase classname="testpackage.LoginPageTest" name="failloginbuttontest" time="0">
    <skipped/>
  </testcase>
  <testcase classname="testpackage.LoginPageTest" name="StartSignInTest" time="0">
    <skipped/>
  </testcase>
  <testcase classname="testpackage.LoginPageTest" name="failloginbuttontest" time="0">
    <skipped/>
  </testcase>
  <testcase classname="testpackage.LoginPageTest" name="StartSignInTest" time="0.001">
    <skipped/>
  </testcase>
  <testcase classname="testpackage.LoginPageTest" name="failloginbuttontest" time="0">
    <skipped/>
  </testcase>
  <testcase classname="testpackage.LoginPageTest" name="StartSignInTest" time="0">
    <skipped/>
  </testcase>
  <testcase classname="testpackage.LoginPageTest" name="failloginbuttontest" time="0">
    <skipped/>
  </testcase>
  <testcase classname="testpackage.LoginPageTest" name="StartSignInTest" time="0.001">
    <skipped/>
  </testcase>
  <testcase classname="testpackage.LoginPageTest" name="failloginbuttontest" time="0">
    <skipped/>
  </testcase>
  <testcase classname="testpackage.LoginPageTest" name="StartSignInTest" time="0">
    <skipped/>
  </testcase>
  <testcase classname="testpackage.LoginPageTest" name="failloginbuttontest" time="0">
    <skipped/>
  </testcase>
  <testcase classname="testpackage.LoginPageTest" name="StartSignInTest" time="0.001">
    <skipped/>
  </testcase>
  <testcase classname="testpackage.LoginPageTest" name="failloginbuttontest" time="0">
    <skipped/>
  </testcase>
  <testcase classname="testpackage.LoginPageTest" name="StartSignInTest" time="0">
    <skipped/>
  </testcase>
  <testcase classname="testpackage.LoginPageTest" name="failloginbuttontest" time="0">
    <skipped/>
  </testcase>
  <testcase classname="testpackage.LoginPageTest" name="StartSignInTest" time="0.001">
    <skipped/>
  </testcase>
  <testcase classname="testpackage.LoginPageTest" name="failloginbuttontest" time="0">
    <skipped/>
  </testcase>
  <testcase classname="testpackage.LoginPageTest" name="StartSignInTest" time="0">
    <skipped/>
  </testcase>
  <testcase classname="testpackage.LoginPageTest" name="failloginbuttontest" time="0">
    <skipped/>
  </testcase>
  <testcase classname="testpackage.LoginPageTest" name="StartSignInTest" time="0.001">
    <skipped/>
  </testcase>
  <testcase classname="testpackage.LoginPageTest" name="failloginbuttontest" time="0">
    <skipped/>
  </testcase>
  <testcase classname="testpackage.LoginPageTest" name="StartSignInTest" time="0">
    <skipped/>
  </testcase>
  <testcase classname="testpackage.LoginPageTest" name="failloginbuttontest" time="0.001">
    <skipped/>
  </testcase>
  <testcase classname="testpackage.LoginPageTest" name="StartSignInTest" time="0.001">
    <skipped/>
  </testcase>
  <testcase classname="testpackage.LoginPageTest" name="failloginbuttontest" time="0">
    <skipped/>
  </testcase>
  <testcase classname="testpackage.LoginPageTest" name="StartSignInTest" time="0">
    <skipped/>
  </testcase>
  <testcase classname="testpackage.LoginPageTest" name="failloginbuttontest" time="0">
    <skipped/>
  </testcase>
  <testcase classname="testpackage.LoginPageTest" name="StartSignInTest" time="0">
    <skipped/>
  </testcase>
  <testcase classname="testpackage.LoginPageTest" name="failloginbuttontest" time="0">
    <skipped/>
  </testcase>
  <testcase classname="testpackage.LoginPageTest" name="StartSignInTest" time="0">
    <skipped/>
  </testcase>
  <testcase classname="testpackage.LoginPageTest" name="failloginbuttontest" time="0">
    <skipped/>
  </testcase>
  <testcase classname="testpackage.LoginPageTest" name="StartSignInTest" time="0">
    <skipped/>
  </testcase>
  <testcase classname="testpackage.LoginPageTest" name="failloginbuttontest" time="0">
    <skipped/>
  </testcase>
  <testcase classname="testpackage.LoginPageTest" name="StartSignInTest" time="0.001">
    <skipped/>
  </testcase>
  <testcase classname="testpackage.LoginPageTest" name="failloginbuttontest" time="0">
    <skipped/>
  </testcase>
  <testcase classname="testpackage.LoginPageTest" name="StartSignInTest" time="0">
    <skipped/>
  </testcase>
  <testcase classname="testpackage.LoginPageTest" name="failloginbuttontest" time="0">
    <skipped/>
  </testcase>
  <testcase classname="testpackage.LoginPageTest" name="StartSignInTest" time="0.001">
    <skipped/>
  </testcase>
  <testcase classname="testpackage.LoginPageTest" name="failloginbuttontest" time="0">
    <skipped/>
  </testcase>
  <testcase classname="testpackage.LoginPageTest" name="StartSignInTest" time="0">
    <skipped/>
  </testcase>
  <testcase classname="testpackage.LoginPageTest" name="failloginbuttontest" time="0">
    <skipped/>
  </testcase>
  <testcase classname="testpackage.LoginPageTest" name="StartSignInTest" time="0.001">
    <skipped/>
  </testcase>
  <testcase classname="testpackage.LoginPageTest" name="failloginbuttontest" time="0">
    <skipped/>
  </testcase>
  <testcase classname="testpackage.LoginPageTest" name="StartSignInTest" time="0">
    <skipped/>
  </testcase>
  <testcase classname="testpackage.LoginPageTest" name="failloginbuttontest" time="0">
    <skipped/>
  </testcase>
  <testcase classname="testpackage.LoginPageTest" name="StartSignInTest" time="0.001">
    <skipped/>
  </testcase>
  <testcase classname="testpackage.LoginPageTest" name="failloginbuttontest" time="0">
    <skipped/>
  </testcase>
  <testcase classname="testpackage.LoginPageTest" name="StartSignInTest" time="0">
    <skipped/>
  </testcase>
  <testcase classname="testpackage.LoginPageTest" name="failloginbuttontest" time="0">
    <skipped/>
  </testcase>
  <testcase classname="testpackage.LoginPageTest" name="StartSignInTest" time="0.001">
    <skipped/>
  </testcase>
  <testcase classname="testpackage.LoginPageTest" name="failloginbuttontest" time="0">
    <skipped/>
  </testcase>
  <testcase classname="testpackage.LoginPageTest" name="StartSignInTest" time="0">
    <skipped/>
  </testcase>
  <testcase classname="testpackage.LoginPageTest" name="failloginbuttontest" time="0">
    <skipped/>
  </testcase>
  <testcase classname="testpackage.LoginPageTest" name="StartSignInTest" time="0">
    <skipped/>
  </testcase>
  <testcase classname="testpackage.LoginPageTest" name="failloginbuttontest" time="0">
    <skipped/>
  </testcase>
  <testcase classname="testpackage.LoginPageTest" name="StartSignInTest" time="0">
    <skipped/>
  </testcase>
  <testcase classname="testpackage.LoginPageTest" name="failloginbuttontest" time="0">
    <skipped/>
  </testcase>
  <testcase classname="testpackage.LoginPageTest" name="StartSignInTest" time="0.001">
    <skipped/>
  </testcase>
  <testcase classname="testpackage.LoginPageTest" name="failloginbuttontest" time="0">
    <skipped/>
  </testcase>
  <testcase classname="testpackage.LoginPageTest" name="StartSignInTest" time="0">
    <skipped/>
  </testcase>
  <testcase classname="testpackage.LoginPageTest" name="failloginbuttontest" time="0">
    <skipped/>
  </testcase>
  <testcase classname="testpackage.LoginPageTest" name="StartSignInTest" time="0.001">
    <skipped/>
  </testcase>
  <testcase classname="testpackage.LoginPageTest" name="failloginbuttontest" time="0">
    <skipped/>
  </testcase>
  <testcase classname="testpackage.LoginPageTest" name="StartSignInTest" time="0">
    <skipped/>
  </testcase>
  <testcase classname="testpackage.LoginPageTest" name="failloginbuttontest" time="0">
    <skipped/>
  </testcase>
  <testcase classname="testpackage.LoginPageTest" name="StartSignInTest" time="0">
    <skipped/>
  </testcase>
  <testcase classname="testpackage.LoginPageTest" name="failloginbuttontest" time="0">
    <skipped/>
  </testcase>
  <testcase classname="testpackage.LoginPageTest" name="StartSignInTest" time="0">
    <skipped/>
  </testcase>
  <testcase classname="testpackage.LoginPageTest" name="failloginbuttontest" time="0">
    <skipped/>
  </testcase>
  <testcase classname="testpackage.LoginPageTest" name="StartSignInTest" time="0.001">
    <skipped/>
  </testcase>
  <testcase classname="testpackage.LoginPageTest" name="failloginbuttontest" time="0">
    <skipped/>
  </testcase>
  <testcase classname="testpackage.LoginPageTest" name="StartSignInTest" time="0">
    <skipped/>
  </testcase>
  <testcase classname="testpackage.LoginPageTest" name="failloginbuttontest" time="0">
    <skipped/>
  </testcase>
  <testcase classname="testpackage.LoginPageTest" name="StartSignInTest" time="0.001">
    <skipped/>
  </testcase>
  <testcase classname="testpackage.LoginPageTest" name="failloginbuttontest" time="0">
    <skipped/>
  </testcase>
  <testcase classname="testpackage.LoginPageTest" name="StartSignInTest" time="0">
    <skipped/>
  </testcase>
  <testcase classname="testpackage.LoginPageTest" name="failloginbuttontest" time="0">
    <skipped/>
  </testcase>
  <testcase classname="testpackage.LoginPageTest" name="StartSignInTest" time="0.001">
    <skipped/>
  </testcase>
  <testcase classname="testpackage.LoginPageTest" name="failloginbuttontest" time="0">
    <skipped/>
  </testcase>
  <testcase classname="testpackage.LoginPageTest" name="StartSignInTest" time="0">
    <skipped/>
  </testcase>
  <testcase classname="testpackage.LoginPageTest" name="failloginbuttontest" time="0">
    <skipped/>
  </testcase>
  <testcase classname="testpackage.LoginPageTest" name="StartSignInTest" time="0.001">
    <skipped/>
  </testcase>
  <testcase classname="testpackage.LoginPageTest" name="failloginbuttontest" time="0">
    <skipped/>
  </testcase>
  <testcase classname="testpackage.LoginPageTest" name="StartSignInTest" time="0">
    <skipped/>
  </testcase>
  <testcase classname="testpackage.LoginPageTest" name="failloginbuttontest" time="0">
    <skipped/>
  </testcase>
  <testcase classname="testpackage.LoginPageTest" name="StartSignInTest" time="0.001">
    <skipped/>
  </testcase>
  <testcase classname="testpackage.LoginPageTest" name="failloginbuttontest" time="0">
    <skipped/>
  </testcase>
  <testcase classname="testpackage.LoginPageTest" name="StartSignInTest" time="0">
    <skipped/>
  </testcase>
  <testcase classname="testpackage.LoginPageTest" name="failloginbuttontest" time="0">
    <skipped/>
  </testcase>
  <testcase classname="testpackage.LoginPageTest" name="StartSignInTest" time="0.001">
    <skipped/>
  </testcase>
  <testcase classname="testpackage.LoginPageTest" name="failloginbuttontest" time="0">
    <skipped/>
  </testcase>
  <testcase classname="testpackage.LoginPageTest" name="StartSignInTest" time="0">
    <skipped/>
  </testcase>
  <testcase classname="testpackage.LoginPageTest" name="failloginbuttontest" time="0">
    <skipped/>
  </testcase>
  <testcase classname="testpackage.LoginPageTest" name="StartSignInTest" time="0.001">
    <skipped/>
  </testcase>
  <testcase classname="testpackage.LoginPageTest" name="failloginbuttontest" time="0">
    <skipped/>
  </testcase>
  <testcase classname="testpackage.LoginPageTest" name="StartSignInTest" time="0">
    <skipped/>
  </testcase>
  <testcase classname="testpackage.LoginPageTest" name="failloginbuttontest" time="0.001">
    <skipped/>
  </testcase>
  <testcase classname="testpackage.LoginPageTest" name="StartSignInTest" time="0.001">
    <skipped/>
  </testcase>
  <testcase classname="testpackage.LoginPageTest" name="failloginbuttontest" time="0">
    <skipped/>
  </testcase>
  <testcase classname="testpackage.LoginPageTest" name="StartSignInTest" time="0">
    <skipped/>
  </testcase>
  <testcase classname="testpackage.LoginPageTest" name="failloginbuttontest" time="0.001">
    <skipped/>
  </testcase>
  <testcase classname="testpackage.LoginPageTest" name="StartSignInTest" time="0.001">
    <skipped/>
  </testcase>
  <testcase classname="testpackage.LoginPageTest" name="failloginbuttontest" time="0">
    <skipped/>
  </testcase>
  <testcase classname="testpackage.LoginPageTest" name="StartSignInTest" time="0">
    <skipped/>
  </testcase>
  <testcase classname="testpackage.LoginPageTest" name="failloginbuttontest" time="0">
    <skipped/>
  </testcase>
  <testcase classname="testpackage.LoginPageTest" name="StartSignInTest" time="0">
    <skipped/>
  </testcase>
  <testcase classname="testpackage.LoginPageTest" name="failloginbuttontest" time="0">
    <skipped/>
  </testcase>
  <testcase classname="testpackage.LoginPageTest" name="StartSignInTest" time="0">
    <skipped/>
  </testcase>
  <testcase classname="testpackage.LoginPageTest" name="failloginbuttontest" time="0">
    <skipped/>
  </testcase>
  <testcase classname="testpackage.LoginPageTest" name="StartSignInTest" time="0.001">
    <skipped/>
  </testcase>
  <testcase classname="testpackage.LoginPageTest" name="failloginbuttontest" time="0">
    <skipped/>
  </testcase>
  <testcase classname="testpackage.LoginPageTest" name="StartSignInTest" time="0">
    <skipped/>
  </testcase>
  <testcase classname="testpackage.LoginPageTest" name="failloginbuttontest" time="0">
    <skipped/>
  </testcase>
  <testcase classname="testpackage.LoginPageTest" name="StartSignInTest" time="0">
    <skipped/>
  </testcase>
  <testcase classname="testpackage.LoginPageTest" name="failloginbuttontest" time="0">
    <skipped/>
  </testcase>
  <testcase classname="testpackage.LoginPageTest" name="StartSignInTest" time="0.001">
    <skipped/>
  </testcase>
  <testcase classname="testpackage.LoginPageTest" name="failloginbuttontest" time="0">
    <skipped/>
  </testcase>
  <testcase classname="testpackage.LoginPageTest" name="StartSignInTest" time="0">
    <skipped/>
  </testcase>
  <testcase classname="testpackage.LoginPageTest" name="failloginbuttontest" time="0">
    <skipped/>
  </testcase>
  <testcase classname="testpackage.LoginPageTest" name="StartSignInTest" time="0.001">
    <skipped/>
  </testcase>
  <testcase classname="testpackage.LoginPageTest" name="failloginbuttontest" time="0">
    <skipped/>
  </testcase>
  <testcase classname="testpackage.LoginPageTest" name="StartSignInTest" time="0">
    <skipped/>
  </testcase>
  <testcase classname="testpackage.LoginPageTest" name="failloginbuttontest" time="0">
    <skipped/>
  </testcase>
  <testcase classname="testpackage.LoginPageTest" name="StartSignInTest" time="0">
    <skipped/>
  </testcase>
  <testcase classname="testpackage.LoginPageTest" name="failloginbuttontest" time="0">
    <skipped/>
  </testcase>
  <testcase classname="testpackage.LoginPageTest" name="StartSignInTest" time="0">
    <skipped/>
  </testcase>
  <testcase classname="testpackage.LoginPageTest" name="failloginbuttontest" time="0">
    <skipped/>
  </testcase>
  <testcase classname="testpackage.LoginPageTest" name="StartSignInTest" time="0">
    <skipped/>
  </testcase>
  <testcase classname="testpackage.LoginPageTest" name="failloginbuttontest" time="0">
    <skipped/>
  </testcase>
  <testcase classname="testpackage.LoginPageTest" name="StartSignInTest" time="0">
    <skipped/>
  </testcase>
  <testcase classname="testpackage.LoginPageTest" name="failloginbuttontest" time="0">
    <skipped/>
  </testcase>
  <testcase classname="testpackage.LoginPageTest" name="StartSignInTest" time="0">
    <skipped/>
  </testcase>
  <testcase classname="testpackage.LoginPageTest" name="failloginbuttontest" time="0">
    <skipped/>
  </testcase>
  <testcase classname="testpackage.LoginPageTest" name="StartSignInTest" time="0">
    <skipped/>
  </testcase>
  <testcase classname="testpackage.LoginPageTest" name="failloginbuttontest" time="0">
    <skipped/>
  </testcase>
  <testcase classname="testpackage.LoginPageTest" name="StartSignInTest" time="0">
    <skipped/>
  </testcase>
  <testcase classname="testpackage.LoginPageTest" name="failloginbuttontest" time="0">
    <skipped/>
  </testcase>
  <testcase classname="testpackage.LoginPageTest" name="StartSignInTest" time="0">
    <skipped/>
  </testcase>
  <testcase classname="testpackage.LoginPageTest" name="failloginbuttontest" time="0">
    <skipped/>
  </testcase>
  <testcase classname="testpackage.LoginPageTest" name="StartSignInTest" time="0">
    <skipped/>
  </testcase>
  <testcase classname="testpackage.LoginPageTest" name="failloginbuttontest" time="0">
    <skipped/>
  </testcase>
  <testcase classname="testpackage.LoginPageTest" name="StartSignInTest" time="0">
    <skipped/>
  </testcase>
  <testcase classname="testpackage.LoginPageTest" name="failloginbuttontest" time="0">
    <skipped/>
  </testcase>
  <testcase classname="testpackage.LoginPageTest" name="StartSignInTest" time="0">
    <skipped/>
  </testcase>
  <testcase classname="testpackage.LoginPageTest" name="failloginbuttontest" time="0">
    <skipped/>
  </testcase>
  <testcase classname="testpackage.LoginPageTest" name="StartSignInTest" time="0">
    <skipped/>
  </testcase>
  <testcase classname="testpackage.LoginPageTest" name="failloginbuttontest" time="0">
    <skipped/>
  </testcase>
  <testcase classname="testpackage.LoginPageTest" name="StartSignInTest" time="0">
    <skipped/>
  </testcase>
  <testcase classname="testpackage.LoginPageTest" name="failloginbuttontest" time="0">
    <skipped/>
  </testcase>
  <testcase classname="testpackage.LoginPageTest" name="StartSignInTest" time="0">
    <skipped/>
  </testcase>
  <testcase classname="testpackage.LoginPageTest" name="failloginbuttontest" time="0">
    <skipped/>
  </testcase>
  <testcase classname="testpackage.LoginPageTest" name="StartSignInTest" time="0.001">
    <skipped/>
  </testcase>
  <testcase classname="testpackage.LoginPageTest" name="failloginbuttontest" time="0">
    <skipped/>
  </testcase>
  <testcase classname="testpackage.LoginPageTest" name="StartSignInTest" time="0">
    <skipped/>
  </testcase>
  <testcase classname="testpackage.LoginPageTest" name="failloginbuttontest" time="0">
    <skipped/>
  </testcase>
  <testcase classname="testpackage.LoginPageTest" name="StartSignInTest" time="0.001">
    <skipped/>
  </testcase>
  <testcase classname="testpackage.LoginPageTest" name="failloginbuttontest" time="0">
    <skipped/>
  </testcase>
  <testcase classname="testpackage.LoginPageTest" name="StartSignInTest" time="0">
    <skipped/>
  </testcase>
  <testcase classname="testpackage.LoginPageTest" name="failloginbuttontest" time="0">
    <skipped/>
  </testcase>
  <testcase classname="testpackage.LoginPageTest" name="StartSignInTest" time="0.001">
    <skipped/>
  </testcase>
  <testcase classname="testpackage.LoginPageTest" name="failloginbuttontest" time="0">
    <skipped/>
  </testcase>
  <testcase classname="testpackage.LoginPageTest" name="StartSignInTest" time="0">
    <skipped/>
  </testcase>
  <testcase classname="testpackage.LoginPageTest" name="failloginbuttontest" time="0">
    <skipped/>
  </testcase>
  <testcase classname="testpackage.LoginPageTest" name="StartSignInTest" time="0.001">
    <skipped/>
  </testcase>
  <testcase classname="testpackage.LoginPageTest" name="failloginbuttontest" time="0">
    <skipped/>
  </testcase>
  <testcase classname="testpackage.LoginPageTest" name="StartSignInTest" time="0">
    <skipped/>
  </testcase>
  <testcase classname="testpackage.LoginPageTest" name="failloginbuttontest" time="0">
    <skipped/>
  </testcase>
  <testcase classname="testpackage.LoginPageTest" name="StartSignInTest" time="0">
    <skipped/>
  </testcase>
  <testcase classname="testpackage.LoginPageTest" name="failloginbuttontest" time="0.001">
    <skipped/>
  </testcase>
  <testcase classname="testpackage.LoginPageTest" name="StartSignInTest" time="0.001">
    <skipped/>
  </testcase>
  <testcase classname="testpackage.LoginPageTest" name="failloginbuttontest" time="0">
    <skipped/>
  </testcase>
  <testcase classname="testpackage.LoginPageTest" name="StartSignInTest" time="0">
    <skipped/>
  </testcase>
  <testcase classname="testpackage.LoginPageTest" name="failloginbuttontest" time="0">
    <skipped/>
  </testcase>
  <testcase classname="testpackage.LoginPageTest" name="StartSignInTest" time="0.001">
    <skipped/>
  </testcase>
  <testcase classname="testpackage.LoginPageTest" name="failloginbuttontest" time="0">
    <skipped/>
  </testcase>
  <testcase classname="testpackage.LoginPageTest" name="StartSignInTest" time="0">
    <skipped/>
  </testcase>
  <testcase classname="testpackage.LoginPageTest" name="failloginbuttontest" time="0">
    <skipped/>
  </testcase>
  <testcase classname="testpackage.LoginPageTest" name="StartSignInTest" time="0">
    <skipped/>
  </testcase>
  <testcase classname="testpackage.LoginPageTest" name="failloginbuttontest" time="0">
    <skipped/>
  </testcase>
  <testcase classname="testpackage.LoginPageTest" name="StartSignInTest" time="0">
    <skipped/>
  </testcase>
  <testcase classname="testpackage.LoginPageTest" name="failloginbuttontest" time="0">
    <skipped/>
  </testcase>
  <testcase classname="testpackage.LoginPageTest" name="StartSignInTest" time="0">
    <skipped/>
  </testcase>
  <testcase classname="testpackage.LoginPageTest" name="failloginbuttontest" time="0">
    <skipped/>
  </testcase>
  <testcase classname="testpackage.LoginPageTest" name="StartSignInTest" time="0.001">
    <skipped/>
  </testcase>
  <testcase classname="testpackage.LoginPageTest" name="failloginbuttontest" time="0">
    <skipped/>
  </testcase>
  <testcase classname="testpackage.LoginPageTest" name="StartSignInTest" time="0">
    <skipped/>
  </testcase>
  <testcase classname="testpackage.LoginPageTest" name="failloginbuttontest" time="0">
    <skipped/>
  </testcase>
  <testcase classname="testpackage.LoginPageTest" name="StartSignInTest" time="0.001">
    <skipped/>
  </testcase>
  <testcase classname="testpackage.LoginPageTest" name="failloginbuttontest" time="0">
    <skipped/>
  </testcase>
  <testcase classname="testpackage.LoginPageTest" name="StartSignInTest" time="0">
    <skipped/>
  </testcase>
  <testcase classname="testpackage.LoginPageTest" name="failloginbuttontest" time="0">
    <skipped/>
  </testcase>
  <testcase classname="testpackage.LoginPageTest" name="StartSignInTest" time="0.001">
    <skipped/>
  </testcase>
  <testcase classname="testpackage.LoginPageTest" name="failloginbuttontest" time="0">
    <skipped/>
  </testcase>
  <testcase classname="testpackage.LoginPageTest" name="StartSignInTest" time="0">
    <skipped/>
  </testcase>
  <testcase classname="testpackage.LoginPageTest" name="failloginbuttontest" time="0">
    <skipped/>
  </testcase>
  <testcase classname="testpackage.LoginPageTest" name="StartSignInTest" time="0">
    <skipped/>
  </testcase>
  <testcase classname="testpackage.LoginPageTest" name="failloginbuttontest" time="0">
    <skipped/>
  </testcase>
  <testcase classname="testpackage.LoginPageTest" name="StartSignInTest" time="0">
    <skipped/>
  </testcase>
  <testcase classname="testpackage.LoginPageTest" name="failloginbuttontest" time="0">
    <skipped/>
  </testcase>
  <testcase classname="testpackage.LoginPageTest" name="StartSignInTest" time="0.001">
    <skipped/>
  </testcase>
  <testcase classname="testpackage.LoginPageTest" name="failloginbuttontest" time="0">
    <skipped/>
  </testcase>
  <testcase classname="testpackage.LoginPageTest" name="StartSignInTest" time="0">
    <skipped/>
  </testcase>
  <testcase classname="testpackage.LoginPageTest" name="failloginbuttontest" time="0">
    <skipped/>
  </testcase>
  <testcase classname="testpackage.LoginPageTest" name="StartSignInTest" time="0.001">
    <skipped/>
  </testcase>
  <testcase classname="testpackage.LoginPageTest" name="failloginbuttontest" time="0">
    <skipped/>
  </testcase>
  <testcase classname="testpackage.LoginPageTest" name="StartSignInTest" time="0">
    <skipped/>
  </testcase>
  <testcase classname="testpackage.LoginPageTest" name="failloginbuttontest" time="0">
    <skipped/>
  </testcase>
  <testcase classname="testpackage.LoginPageTest" name="StartSignInTest" time="0">
    <skipped/>
  </testcase>
  <testcase classname="testpackage.LoginPageTest" name="failloginbuttontest" time="0">
    <skipped/>
  </testcase>
  <testcase classname="testpackage.LoginPageTest" name="StartSignInTest" time="0">
    <skipped/>
  </testcase>
  <testcase classname="testpackage.LoginPageTest" name="failloginbuttontest" time="0">
    <skipped/>
  </testcase>
  <testcase classname="testpackage.LoginPageTest" name="StartSignInTest" time="0">
    <skipped/>
  </testcase>
  <testcase classname="testpackage.LoginPageTest" name="failloginbuttontest" time="0">
    <skipped/>
  </testcase>
  <testcase classname="testpackage.LoginPageTest" name="StartSignInTest" time="0.001">
    <skipped/>
  </testcase>
  <testcase classname="testpackage.LoginPageTest" name="failloginbuttontest" time="0">
    <skipped/>
  </testcase>
  <testcase classname="testpackage.LoginPageTest" name="StartSignInTest" time="0">
    <skipped/>
  </testcase>
  <testcase classname="testpackage.LoginPageTest" name="failloginbuttontest" time="0">
    <skipped/>
  </testcase>
  <testcase classname="testpackage.LoginPageTest" name="StartSignInTest" time="0.001">
    <skipped/>
  </testcase>
  <testcase classname="testpackage.LoginPageTest" name="failloginbuttontest" time="0">
    <skipped/>
  </testcase>
  <testcase classname="testpackage.LoginPageTest" name="StartSignInTest" time="0">
    <skipped/>
  </testcase>
  <testcase classname="testpackage.LoginPageTest" name="failloginbuttontest" time="0">
    <skipped/>
  </testcase>
  <testcase classname="testpackage.LoginPageTest" name="StartSignInTest" time="0">
    <skipped/>
  </testcase>
  <testcase classname="testpackage.LoginPageTest" name="failloginbuttontest" time="0">
    <skipped/>
  </testcase>
  <testcase classname="testpackage.LoginPageTest" name="StartSignInTest" time="0">
    <skipped/>
  </testcase>
  <testcase classname="testpackage.LoginPageTest" name="failloginbuttontest" time="0">
    <skipped/>
  </testcase>
  <testcase classname="testpackage.LoginPageTest" name="StartSignInTest" time="0">
    <skipped/>
  </testcase>
  <testcase classname="testpackage.LoginPageTest" name="failloginbuttontest" time="0">
    <skipped/>
  </testcase>
  <testcase classname="testpackage.LoginPageTest" name="StartSignInTest" time="0.001">
    <skipped/>
  </testcase>
  <testcase classname="testpackage.LoginPageTest" name="failloginbuttontest" time="0">
    <skipped/>
  </testcase>
  <testcase classname="testpackage.LoginPageTest" name="StartSignInTest" time="0">
    <skipped/>
  </testcase>
  <testcase classname="testpackage.LoginPageTest" name="failloginbuttontest" time="0">
    <skipped/>
  </testcase>
  <testcase classname="testpackage.LoginPageTest" name="StartSignInTest" time="0">
    <skipped/>
  </testcase>
  <testcase classname="testpackage.LoginPageTest" name="failloginbuttontest" time="0">
    <skipped/>
  </testcase>
  <testcase classname="testpackage.LoginPageTest" name="StartSignInTest" time="0">
    <skipped/>
  </testcase>
  <testcase classname="testpackage.LoginPageTest" name="failloginbuttontest" time="0">
    <skipped/>
  </testcase>
  <testcase classname="testpackage.LoginPageTest" name="StartSignInTest" time="0">
    <skipped/>
  </testcase>
  <testcase classname="testpackage.LoginPageTest" name="failloginbuttontest" time="0">
    <skipped/>
  </testcase>
  <testcase classname="testpackage.LoginPageTest" name="StartSignInTest" time="0.001">
    <skipped/>
  </testcase>
  <testcase classname="testpackage.LoginPageTest" name="failloginbuttontest" time="0">
    <skipped/>
  </testcase>
  <testcase classname="testpackage.LoginPageTest" name="StartSignInTest" time="0">
    <skipped/>
  </testcase>
  <testcase classname="testpackage.LoginPageTest" name="failloginbuttontest" time="0">
    <skipped/>
  </testcase>
  <testcase classname="testpackage.LoginPageTest" name="StartSignInTest" time="0">
    <skipped/>
  </testcase>
  <testcase classname="testpackage.LoginPageTest" name="failloginbuttontest" time="0">
    <skipped/>
  </testcase>
  <testcase classname="testpackage.LoginPageTest" name="StartSignInTest" time="0.001">
    <skipped/>
  </testcase>
  <testcase classname="testpackage.LoginPageTest" name="failloginbuttontest" time="0">
    <skipped/>
  </testcase>
  <testcase classname="testpackage.LoginPageTest" name="StartSignInTest" time="0">
    <skipped/>
  </testcase>
  <testcase classname="testpackage.LoginPageTest" name="failloginbuttontest" time="0">
    <skipped/>
  </testcase>
  <testcase classname="testpackage.LoginPageTest" name="StartSignInTest" time="0.001">
    <skipped/>
  </testcase>
  <testcase classname="testpackage.LoginPageTest" name="failloginbuttontest" time="0">
    <skipped/>
  </testcase>
  <testcase classname="testpackage.LoginPageTest" name="StartSignInTest" time="0">
    <skipped/>
  </testcase>
  <testcase classname="testpackage.LoginPageTest" name="failloginbuttontest" time="0">
    <skipped/>
  </testcase>
  <testcase classname="testpackage.LoginPageTest" name="StartSignInTest" time="0">
    <skipped/>
  </testcase>
  <testcase classname="testpackage.LoginPageTest" name="failloginbuttontest" time="0.001">
    <skipped/>
  </testcase>
  <testcase classname="testpackage.LoginPageTest" name="StartSignInTest" time="0.001">
    <skipped/>
  </testcase>
  <testcase classname="testpackage.LoginPageTest" name="failloginbuttontest" time="0">
    <skipped/>
  </testcase>
  <testcase classname="testpackage.LoginPageTest" name="StartSignInTest" time="0">
    <skipped/>
  </testcase>
  <testcase classname="testpackage.LoginPageTest" name="failloginbuttontest" time="0">
    <skipped/>
  </testcase>
  <testcase classname="testpackage.LoginPageTest" name="StartSignInTest" time="0">
    <skipped/>
  </testcase>
  <testcase classname="testpackage.LoginPageTest" name="failloginbuttontest" time="0">
    <skipped/>
  </testcase>
  <testcase classname="testpackage.LoginPageTest" name="StartSignInTest" time="0.001">
    <skipped/>
  </testcase>
  <testcase classname="testpackage.LoginPageTest" name="failloginbuttontest" time="0">
    <skipped/>
  </testcase>
  <testcase classname="testpackage.LoginPageTest" name="StartSignInTest" time="0">
    <skipped/>
  </testcase>
  <testcase classname="testpackage.LoginPageTest" name="failloginbuttontest" time="0">
    <skipped/>
  </testcase>
  <testcase classname="testpackage.LoginPageTest" name="StartSignInTest" time="0">
    <skipped/>
  </testcase>
  <testcase classname="testpackage.LoginPageTest" name="failloginbuttontest" time="0">
    <skipped/>
  </testcase>
  <testcase classname="testpackage.LoginPageTest" name="StartSignInTest" time="0">
    <skipped/>
  </testcase>
  <testcase classname="testpackage.LoginPageTest" name="failloginbuttontest" time="0">
    <skipped/>
  </testcase>
  <testcase classname="testpackage.LoginPageTest" name="StartSignInTest" time="0">
    <skipped/>
  </testcase>
  <testcase classname="testpackage.LoginPageTest" name="failloginbuttontest" time="0">
    <skipped/>
  </testcase>
  <testcase classname="testpackage.LoginPageTest" name="StartSignInTest" time="0.001">
    <skipped/>
  </testcase>
  <testcase classname="testpackage.LoginPageTest" name="failloginbuttontest" time="0">
    <skipped/>
  </testcase>
  <testcase classname="testpackage.LoginPageTest" name="StartSignInTest" time="0">
    <skipped/>
  </testcase>
  <testcase classname="testpackage.LoginPageTest" name="failloginbuttontest" time="0">
    <skipped/>
  </testcase>
  <testcase classname="testpackage.LoginPageTest" name="StartSignInTest" time="0">
    <skipped/>
  </testcase>
  <testcase classname="testpackage.LoginPageTest" name="failloginbuttontest" time="0">
    <skipped/>
  </testcase>
  <testcase classname="testpackage.LoginPageTest" name="StartSignInTest" time="0">
    <skipped/>
  </testcase>
  <testcase classname="testpackage.LoginPageTest" name="failloginbuttontest" time="0">
    <skipped/>
  </testcase>
  <testcase classname="testpackage.LoginPageTest" name="StartSignInTest" time="0.001">
    <skipped/>
  </testcase>
  <testcase classname="testpackage.LoginPageTest" name="failloginbuttontest" time="0">
    <skipped/>
  </testcase>
  <testcase classname="testpackage.LoginPageTest" name="StartSignInTest" time="0">
    <skipped/>
  </testcase>
  <testcase classname="testpackage.LoginPageTest" name="failloginbuttontest" time="0">
    <skipped/>
  </testcase>
  <testcase classname="testpackage.LoginPageTest" name="StartSignInTest" time="0.001">
    <skipped/>
  </testcase>
  <testcase classname="testpackage.LoginPageTest" name="failloginbuttontest" time="0">
    <skipped/>
  </testcase>
  <testcase classname="testpackage.LoginPageTest" name="StartSignInTest" time="0">
    <skipped/>
  </testcase>
  <testcase classname="testpackage.LoginPageTest" name="failloginbuttontest" time="0.001">
    <skipped/>
  </testcase>
  <testcase classname="testpackage.LoginPageTest" name="StartSignInTest" time="0.001">
    <skipped/>
  </testcase>
  <testcase classname="testpackage.LoginPageTest" name="failloginbuttontest" time="0">
    <skipped/>
  </testcase>
  <testcase classname="testpackage.LoginPageTest" name="StartSignInTest" time="0">
    <skipped/>
  </testcase>
  <testcase classname="testpackage.LoginPageTest" name="failloginbuttontest" time="0">
    <skipped/>
  </testcase>
  <testcase classname="testpackage.LoginPageTest" name="StartSignInTest" time="0">
    <skipped/>
  </testcase>
  <testcase classname="testpackage.LoginPageTest" name="failloginbuttontest" time="0">
    <skipped/>
  </testcase>
  <testcase classname="testpackage.LoginPageTest" name="StartSignInTest" time="0">
    <skipped/>
  </testcase>
  <testcase classname="testpackage.LoginPageTest" name="failloginbuttontest" time="0">
    <skipped/>
  </testcase>
  <testcase classname="testpackage.LoginPageTest" name="StartSignInTest" time="0">
    <skipped/>
  </testcase>
  <testcase classname="testpackage.LoginPageTest" name="failloginbuttontest" time="0">
    <skipped/>
  </testcase>
  <testcase classname="testpackage.LoginPageTest" name="StartSignInTest" time="0.001">
    <skipped/>
  </testcase>
  <testcase classname="testpackage.LoginPageTest" name="failloginbuttontest" time="0">
    <skipped/>
  </testcase>
  <testcase classname="testpackage.LoginPageTest" name="StartSignInTest" time="0">
    <skipped/>
  </testcase>
  <testcase classname="testpackage.LoginPageTest" name="failloginbuttontest" time="0">
    <skipped/>
  </testcase>
  <testcase classname="testpackage.LoginPageTest" name="StartSignInTest" time="0.001">
    <skipped/>
  </testcase>
  <testcase classname="testpackage.LoginPageTest" name="failloginbuttontest" time="0">
    <skipped/>
  </testcase>
  <testcase classname="testpackage.LoginPageTest" name="StartSignInTest" time="0">
    <skipped/>
  </testcase>
  <testcase classname="testpackage.LoginPageTest" name="failloginbuttontest" time="0">
    <skipped/>
  </testcase>
  <testcase classname="testpackage.LoginPageTest" name="StartSignInTest" time="0">
    <skipped/>
  </testcase>
  <testcase classname="testpackage.LoginPageTest" name="failloginbuttontest" time="0">
    <skipped/>
  </testcase>
  <testcase classname="testpackage.LoginPageTest" name="StartSignInTest" time="0.001">
    <skipped/>
  </testcase>
  <testcase classname="testpackage.LoginPageTest" name="failloginbuttontest" time="0">
    <skipped/>
  </testcase>
  <testcase classname="testpackage.LoginPageTest" name="StartSignInTest" time="0">
    <skipped/>
  </testcase>
  <testcase classname="testpackage.LoginPageTest" name="failloginbuttontest" time="0">
    <skipped/>
  </testcase>
  <testcase classname="testpackage.LoginPageTest" name="StartSignInTest" time="0">
    <skipped/>
  </testcase>
  <testcase classname="testpackage.LoginPageTest" name="failloginbuttontest" time="0">
    <skipped/>
  </testcase>
  <testcase classname="testpackage.LoginPageTest" name="StartSignInTest" time="0">
    <skipped/>
  </testcase>
  <testcase classname="testpackage.LoginPageTest" name="failloginbuttontest" time="0">
    <skipped/>
  </testcase>
  <testcase classname="testpackage.LoginPageTest" name="StartSignInTest" time="0">
    <skipped/>
  </testcase>
  <testcase classname="testpackage.LoginPageTest" name="failloginbuttontest" time="0">
    <skipped/>
  </testcase>
  <testcase classname="testpackage.LoginPageTest" name="StartSignInTest" time="0.001">
    <skipped/>
  </testcase>
  <testcase classname="testpackage.LoginPageTest" name="failloginbuttontest" time="0">
    <skipped/>
  </testcase>
  <testcase classname="testpackage.LoginPageTest" name="StartSignInTest" time="0">
    <skipped/>
  </testcase>
  <testcase classname="testpackage.LoginPageTest" name="failloginbuttontest" time="0">
    <skipped/>
  </testcase>
  <testcase classname="testpackage.LoginPageTest" name="StartSignInTest" time="0.001">
    <skipped/>
  </testcase>
  <testcase classname="testpackage.LoginPageTest" name="failloginbuttontest" time="0">
    <skipped/>
  </testcase>
  <testcase classname="testpackage.LoginPageTest" name="StartSignInTest" time="0">
    <skipped/>
  </testcase>
  <testcase classname="testpackage.LoginPageTest" name="failloginbuttontest" time="0">
    <skipped/>
  </testcase>
  <testcase classname="testpackage.MousHoverTest" name="getDriver" time="0">
    <skipped/>
  </testcase>
  <testcase classname="testpackage.MousHoverTest" name="StartSignInTest" time="0.001">
    <skipped/>
  </testcase>
  <testcase classname="testpackage.MousHoverTest" name="img1test" time="0">
    <skipped/>
  </testcase>
  <testcase classname="testpackage.NewTabTest" name="getDriver" time="0">
    <skipped/>
  </testcase>
  <testcase classname="testpackage.NewTabTest" name="StartSignInTest" time="0.001">
    <skipped/>
  </testcase>
  <testcase classname="testpackage.NewTabTest" name="tabtest" time="0">
    <skipped/>
  </testcase>
  <testcase classname="testpackage.NotificationTest" name="getDriver" time="0">
    <skipped/>
  </testcase>
  <testcase classname="testpackage.NotificationTest" name="StartSignInTest" time="0.001">
    <skipped/>
  </testcase>
  <testcase classname="testpackage.NotificationTest" name="notificationtest" time="0">
    <skipped/>
  </testcase>
  <testcase classname="testpackage.CheckBoxTest" name="quitbrowser" time="0">
    <skipped/>
  </testcase>
</testsuite>