<?xml version="1.0" encoding="UTF-8"?>
<testng-results ignored="0" total="17" passed="0" failed="0" skipped="17">
  <reporter-output>
  </reporter-output>
  <suite started-at="2022-12-08T22:01:08 GMT-05:00" name="Command line suite" finished-at="2022-12-08T22:01:14 GMT-05:00" duration-ms="5296">
    <groups>
    </groups>
    <test started-at="2022-12-08T22:01:08 GMT-05:00" name="Command line test" finished-at="2022-12-08T22:01:14 GMT-05:00" duration-ms="5296">
      <class name="testpackage.NewTabTest">
        <test-method signature="tabtest()[pri:0, instance:testpackage.NewTabTest@44ebcd03]" started-at="2022-12-08T22:01:14 GMT-05:00" name="tabtest" finished-at="2022-12-08T22:01:14 GMT-05:00" duration-ms="0" status="SKIP">
          <exception class="org.openqa.selenium.WebDriverException">
            <message>
              <![CDATA[unknown error: Microsoft Edge failed to start: exited normally.
  (unknown error: DevToolsActivePort file doesn't exist)
  (The process started from msedge location C:\Program Files (x86)\Microsoft\Edge\Application\msedge.exe is no longer running, so msedgedriver is assuming that msedge has crashed.)
Build info: version: '3.141.59', revision: 'e82be7d358', time: '2018-11-14T08:17:03'
System info: host: 'LAPTOP-MVNUQ4K1', ip: '192.168.48.1', os.name: 'Windows 11', os.arch: 'amd64', os.version: '10.0', java.version: '17.0.3.1'
Driver info: driver.version: EdgeDriver
remote stacktrace: Backtrace:
Microsoft::Applications::Events::EventProperties::SetProperty [0x00007FF652A291A2+14306]
Microsoft::Applications::Events::EventProperty::EventProperty [0x00007FF6529B0962+842818]
(No symbol) [0x00007FF652661D90]
(No symbol) [0x00007FF65268EEC5]
(No symbol) [0x00007FF652689DCF]
(No symbol) [0x00007FF6526CE027]
(No symbol) [0x00007FF6526CD3BA]
(No symbol) [0x00007FF6526C5B03]
(No symbol) [0x00007FF6526973B8]
(No symbol) [0x00007FF65269638E]
(No symbol) [0x00007FF652697AE4]
Microsoft::Applications::Events::EventProperty::EventProperty [0x00007FF6528FFDF8+119000]
Microsoft::Applications::Events::EventProperty::EventProperty [0x00007FF6528ED4D6+42934]
Microsoft::Applications::Events::EventProperty::EventProperty [0x00007FF6528F06EC+55756]
(No symbol) [0x00007FF652767923]
Microsoft::Applications::Events::EventProperty::EventProperty [0x00007FF6529B841A+874234]
Microsoft::Applications::Events::EventProperty::EventProperty [0x00007FF6529BD514+894964]
Microsoft::Applications::Events::EventProperty::EventProperty [0x00007FF6529BD66C+895308]
Microsoft::Applications::Events::EventProperty::EventProperty [0x00007FF6529C678E+932462]
BaseThreadInitThunk [0x00007FFAFC86244D+29]
RtlUserThreadStart [0x00007FFAFE06DFB8+40]
]]>
            </message>
            <full-stacktrace>
              <![CDATA[org.openqa.selenium.WebDriverException: unknown error: Microsoft Edge failed to start: exited normally.
  (unknown error: DevToolsActivePort file doesn't exist)
  (The process started from msedge location C:\Program Files (x86)\Microsoft\Edge\Application\msedge.exe is no longer running, so msedgedriver is assuming that msedge has crashed.)
Build info: version: '3.141.59', revision: 'e82be7d358', time: '2018-11-14T08:17:03'
System info: host: 'LAPTOP-MVNUQ4K1', ip: '192.168.48.1', os.name: 'Windows 11', os.arch: 'amd64', os.version: '10.0', java.version: '17.0.3.1'
Driver info: driver.version: EdgeDriver
remote stacktrace: Backtrace:
Microsoft::Applications::Events::EventProperties::SetProperty [0x00007FF652A291A2+14306]
Microsoft::Applications::Events::EventProperty::EventProperty [0x00007FF6529B0962+842818]
(No symbol) [0x00007FF652661D90]
(No symbol) [0x00007FF65268EEC5]
(No symbol) [0x00007FF652689DCF]
(No symbol) [0x00007FF6526CE027]
(No symbol) [0x00007FF6526CD3BA]
(No symbol) [0x00007FF6526C5B03]
(No symbol) [0x00007FF6526973B8]
(No symbol) [0x00007FF65269638E]
(No symbol) [0x00007FF652697AE4]
Microsoft::Applications::Events::EventProperty::EventProperty [0x00007FF6528FFDF8+119000]
Microsoft::Applications::Events::EventProperty::EventProperty [0x00007FF6528ED4D6+42934]
Microsoft::Applications::Events::EventProperty::EventProperty [0x00007FF6528F06EC+55756]
(No symbol) [0x00007FF652767923]
Microsoft::Applications::Events::EventProperty::EventProperty [0x00007FF6529B841A+874234]
Microsoft::Applications::Events::EventProperty::EventProperty [0x00007FF6529BD514+894964]
Microsoft::Applications::Events::EventProperty::EventProperty [0x00007FF6529BD66C+895308]
Microsoft::Applications::Events::EventProperty::EventProperty [0x00007FF6529C678E+932462]
BaseThreadInitThunk [0x00007FFAFC86244D+29]
RtlUserThreadStart [0x00007FFAFE06DFB8+40]

at java.base/jdk.internal.reflect.NativeConstructorAccessorImpl.newInstance0(Native Method)
at java.base/jdk.internal.reflect.NativeConstructorAccessorImpl.newInstance(NativeConstructorAccessorImpl.java:77)
at java.base/jdk.internal.reflect.DelegatingConstructorAccessorImpl.newInstance(DelegatingConstructorAccessorImpl.java:45)
at java.base/java.lang.reflect.Constructor.newInstanceWithCaller(Constructor.java:499)
at java.base/java.lang.reflect.Constructor.newInstance(Constructor.java:480)
at org.openqa.selenium.remote.W3CHandshakeResponse.lambda$errorHandler$0(W3CHandshakeResponse.java:62)
at org.openqa.selenium.remote.HandshakeResponse.lambda$getResponseFunction$0(HandshakeResponse.java:30)
at org.openqa.selenium.remote.ProtocolHandshake.lambda$createSession$0(ProtocolHandshake.java:126)
at java.base/java.util.stream.ReferencePipeline$3$1.accept(ReferencePipeline.java:197)
at java.base/java.util.Spliterators$ArraySpliterator.tryAdvance(Spliterators.java:1002)
at java.base/java.util.stream.ReferencePipeline.forEachWithCancel(ReferencePipeline.java:129)
at java.base/java.util.stream.AbstractPipeline.copyIntoWithCancel(AbstractPipeline.java:527)
at java.base/java.util.stream.AbstractPipeline.copyInto(AbstractPipeline.java:513)
at java.base/java.util.stream.AbstractPipeline.wrapAndCopyInto(AbstractPipeline.java:499)
at java.base/java.util.stream.FindOps$FindOp.evaluateSequential(FindOps.java:150)
at java.base/java.util.stream.AbstractPipeline.evaluate(AbstractPipeline.java:234)
at java.base/java.util.stream.ReferencePipeline.findFirst(ReferencePipeline.java:647)
at org.openqa.selenium.remote.ProtocolHandshake.createSession(ProtocolHandshake.java:128)
at org.openqa.selenium.remote.ProtocolHandshake.createSession(ProtocolHandshake.java:74)
at org.openqa.selenium.remote.HttpCommandExecutor.execute(HttpCommandExecutor.java:136)
at org.openqa.selenium.remote.service.DriverCommandExecutor.execute(DriverCommandExecutor.java:83)
at org.openqa.selenium.remote.RemoteWebDriver.execute(RemoteWebDriver.java:552)
at org.openqa.selenium.remote.RemoteWebDriver.startSession(RemoteWebDriver.java:213)
at org.openqa.selenium.remote.RemoteWebDriver.<init>(RemoteWebDriver.java:131)
at org.openqa.selenium.edge.EdgeDriver.<init>(EdgeDriver.java:141)
at org.openqa.selenium.edge.EdgeDriver.<init>(EdgeDriver.java:96)
at basepackage.BaseTest.initiate(BaseTest.java:66)
at testpackage.LoginPageTest.preTest(LoginPageTest.java:21)
at java.base/jdk.internal.reflect.NativeMethodAccessorImpl.invoke0(Native Method)
at java.base/jdk.internal.reflect.NativeMethodAccessorImpl.invoke(NativeMethodAccessorImpl.java:77)
at java.base/jdk.internal.reflect.DelegatingMethodAccessorImpl.invoke(DelegatingMethodAccessorImpl.java:43)
at java.base/java.lang.reflect.Method.invoke(Method.java:568)
at org.testng.internal.invokers.MethodInvocationHelper.invokeMethod(MethodInvocationHelper.java:139)
at org.testng.internal.invokers.MethodInvocationHelper.invokeMethodConsideringTimeout(MethodInvocationHelper.java:69)
at org.testng.internal.invokers.ConfigInvoker.invokeConfigurationMethod(ConfigInvoker.java:361)
at org.testng.internal.invokers.ConfigInvoker.invokeConfigurations(ConfigInvoker.java:296)
at org.testng.TestRunner.invokeTestConfigurations(TestRunner.java:643)
at org.testng.TestRunner.beforeRun(TestRunner.java:632)
at org.testng.TestRunner.run(TestRunner.java:594)
at org.testng.SuiteRunner.runTest(SuiteRunner.java:433)
at org.testng.SuiteRunner.runSequentially(SuiteRunner.java:427)
at org.testng.SuiteRunner.privateRun(SuiteRunner.java:387)
at org.testng.SuiteRunner.run(SuiteRunner.java:330)
at org.testng.SuiteRunnerWorker.runSuite(SuiteRunnerWorker.java:52)
at org.testng.SuiteRunnerWorker.run(SuiteRunnerWorker.java:95)
at org.testng.TestNG.runSuitesSequentially(TestNG.java:1256)
at org.testng.TestNG.runSuitesLocally(TestNG.java:1176)
at org.testng.TestNG.runSuites(TestNG.java:1099)
at org.testng.TestNG.run(TestNG.java:1067)
at org.apache.maven.surefire.testng.TestNGExecutor.run(TestNGExecutor.java:77)
at org.apache.maven.surefire.testng.TestNGDirectoryTestSuite.executeMulti(TestNGDirectoryTestSuite.java:159)
at org.apache.maven.surefire.testng.TestNGDirectoryTestSuite.execute(TestNGDirectoryTestSuite.java:99)
at org.apache.maven.surefire.testng.TestNGProvider.invoke(TestNGProvider.java:106)
at java.base/jdk.internal.reflect.NativeMethodAccessorImpl.invoke0(Native Method)
at java.base/jdk.internal.reflect.NativeMethodAccessorImpl.invoke(NativeMethodAccessorImpl.java:77)
at java.base/jdk.internal.reflect.DelegatingMethodAccessorImpl.invoke(DelegatingMethodAccessorImpl.java:43)
at java.base/java.lang.reflect.Method.invoke(Method.java:568)
at org.apache.maven.surefire.util.ReflectionUtils.invokeMethodWithArray(ReflectionUtils.java:189)
at org.apache.maven.surefire.booter.ProviderFactory$ProviderProxy.invoke(ProviderFactory.java:165)
at org.apache.maven.surefire.booter.ProviderFactory.invokeProvider(ProviderFactory.java:85)
at org.apache.maven.surefire.booter.ForkedBooter.runSuitesInProcess(ForkedBooter.java:115)
at org.apache.maven.surefire.booter.ForkedBooter.main(ForkedBooter.java:75)
]]>
            </full-stacktrace>
          </exception> <!-- org.openqa.selenium.WebDriverException -->
          <reporter-output>
          </reporter-output>
        </test-method> <!-- tabtest -->
        <test-method is-config="true" signature="StartSignInTest()[pri:0, instance:testpackage.NewTabTest@44ebcd03]" started-at="2022-12-08T22:01:14 GMT-05:00" name="StartSignInTest" finished-at="2022-12-08T22:01:14 GMT-05:00" duration-ms="0" status="SKIP">
          <reporter-output>
          </reporter-output>
        </test-method> <!-- StartSignInTest -->
      </class> <!-- testpackage.NewTabTest -->
      <class name="testpackage.LoginPageTest">
        <test-method is-config="true" signature="preTest()[pri:0, instance:testpackage.LoginPageTest@5af3afd9]" started-at="2022-12-08T22:01:08 GMT-05:00" name="preTest" finished-at="2022-12-08T22:01:14 GMT-05:00" duration-ms="5199" status="FAIL">
          <exception class="org.openqa.selenium.WebDriverException">
            <message>
              <![CDATA[unknown error: Microsoft Edge failed to start: exited normally.
  (unknown error: DevToolsActivePort file doesn't exist)
  (The process started from msedge location C:\Program Files (x86)\Microsoft\Edge\Application\msedge.exe is no longer running, so msedgedriver is assuming that msedge has crashed.)
Build info: version: '3.141.59', revision: 'e82be7d358', time: '2018-11-14T08:17:03'
System info: host: 'LAPTOP-MVNUQ4K1', ip: '192.168.48.1', os.name: 'Windows 11', os.arch: 'amd64', os.version: '10.0', java.version: '17.0.3.1'
Driver info: driver.version: EdgeDriver
remote stacktrace: Backtrace:
Microsoft::Applications::Events::EventProperties::SetProperty [0x00007FF652A291A2+14306]
Microsoft::Applications::Events::EventProperty::EventProperty [0x00007FF6529B0962+842818]
(No symbol) [0x00007FF652661D90]
(No symbol) [0x00007FF65268EEC5]
(No symbol) [0x00007FF652689DCF]
(No symbol) [0x00007FF6526CE027]
(No symbol) [0x00007FF6526CD3BA]
(No symbol) [0x00007FF6526C5B03]
(No symbol) [0x00007FF6526973B8]
(No symbol) [0x00007FF65269638E]
(No symbol) [0x00007FF652697AE4]
Microsoft::Applications::Events::EventProperty::EventProperty [0x00007FF6528FFDF8+119000]
Microsoft::Applications::Events::EventProperty::EventProperty [0x00007FF6528ED4D6+42934]
Microsoft::Applications::Events::EventProperty::EventProperty [0x00007FF6528F06EC+55756]
(No symbol) [0x00007FF652767923]
Microsoft::Applications::Events::EventProperty::EventProperty [0x00007FF6529B841A+874234]
Microsoft::Applications::Events::EventProperty::EventProperty [0x00007FF6529BD514+894964]
Microsoft::Applications::Events::EventProperty::EventProperty [0x00007FF6529BD66C+895308]
Microsoft::Applications::Events::EventProperty::EventProperty [0x00007FF6529C678E+932462]
BaseThreadInitThunk [0x00007FFAFC86244D+29]
RtlUserThreadStart [0x00007FFAFE06DFB8+40]
]]>
            </message>
            <full-stacktrace>
              <![CDATA[org.openqa.selenium.WebDriverException: unknown error: Microsoft Edge failed to start: exited normally.
  (unknown error: DevToolsActivePort file doesn't exist)
  (The process started from msedge location C:\Program Files (x86)\Microsoft\Edge\Application\msedge.exe is no longer running, so msedgedriver is assuming that msedge has crashed.)
Build info: version: '3.141.59', revision: 'e82be7d358', time: '2018-11-14T08:17:03'
System info: host: 'LAPTOP-MVNUQ4K1', ip: '192.168.48.1', os.name: 'Windows 11', os.arch: 'amd64', os.version: '10.0', java.version: '17.0.3.1'
Driver info: driver.version: EdgeDriver
remote stacktrace: Backtrace:
Microsoft::Applications::Events::EventProperties::SetProperty [0x00007FF652A291A2+14306]
Microsoft::Applications::Events::EventProperty::EventProperty [0x00007FF6529B0962+842818]
(No symbol) [0x00007FF652661D90]
(No symbol) [0x00007FF65268EEC5]
(No symbol) [0x00007FF652689DCF]
(No symbol) [0x00007FF6526CE027]
(No symbol) [0x00007FF6526CD3BA]
(No symbol) [0x00007FF6526C5B03]
(No symbol) [0x00007FF6526973B8]
(No symbol) [0x00007FF65269638E]
(No symbol) [0x00007FF652697AE4]
Microsoft::Applications::Events::EventProperty::EventProperty [0x00007FF6528FFDF8+119000]
Microsoft::Applications::Events::EventProperty::EventProperty [0x00007FF6528ED4D6+42934]
Microsoft::Applications::Events::EventProperty::EventProperty [0x00007FF6528F06EC+55756]
(No symbol) [0x00007FF652767923]
Microsoft::Applications::Events::EventProperty::EventProperty [0x00007FF6529B841A+874234]
Microsoft::Applications::Events::EventProperty::EventProperty [0x00007FF6529BD514+894964]
Microsoft::Applications::Events::EventProperty::EventProperty [0x00007FF6529BD66C+895308]
Microsoft::Applications::Events::EventProperty::EventProperty [0x00007FF6529C678E+932462]
BaseThreadInitThunk [0x00007FFAFC86244D+29]
RtlUserThreadStart [0x00007FFAFE06DFB8+40]

at java.base/jdk.internal.reflect.NativeConstructorAccessorImpl.newInstance0(Native Method)
at java.base/jdk.internal.reflect.NativeConstructorAccessorImpl.newInstance(NativeConstructorAccessorImpl.java:77)
at java.base/jdk.internal.reflect.DelegatingConstructorAccessorImpl.newInstance(DelegatingConstructorAccessorImpl.java:45)
at java.base/java.lang.reflect.Constructor.newInstanceWithCaller(Constructor.java:499)
at java.base/java.lang.reflect.Constructor.newInstance(Constructor.java:480)
at org.openqa.selenium.remote.W3CHandshakeResponse.lambda$errorHandler$0(W3CHandshakeResponse.java:62)
at org.openqa.selenium.remote.HandshakeResponse.lambda$getResponseFunction$0(HandshakeResponse.java:30)
at org.openqa.selenium.remote.ProtocolHandshake.lambda$createSession$0(ProtocolHandshake.java:126)
at java.base/java.util.stream.ReferencePipeline$3$1.accept(ReferencePipeline.java:197)
at java.base/java.util.Spliterators$ArraySpliterator.tryAdvance(Spliterators.java:1002)
at java.base/java.util.stream.ReferencePipeline.forEachWithCancel(ReferencePipeline.java:129)
at java.base/java.util.stream.AbstractPipeline.copyIntoWithCancel(AbstractPipeline.java:527)
at java.base/java.util.stream.AbstractPipeline.copyInto(AbstractPipeline.java:513)
at java.base/java.util.stream.AbstractPipeline.wrapAndCopyInto(AbstractPipeline.java:499)
at java.base/java.util.stream.FindOps$FindOp.evaluateSequential(FindOps.java:150)
at java.base/java.util.stream.AbstractPipeline.evaluate(AbstractPipeline.java:234)
at java.base/java.util.stream.ReferencePipeline.findFirst(ReferencePipeline.java:647)
at org.openqa.selenium.remote.ProtocolHandshake.createSession(ProtocolHandshake.java:128)
at org.openqa.selenium.remote.ProtocolHandshake.createSession(ProtocolHandshake.java:74)
at org.openqa.selenium.remote.HttpCommandExecutor.execute(HttpCommandExecutor.java:136)
at org.openqa.selenium.remote.service.DriverCommandExecutor.execute(DriverCommandExecutor.java:83)
at org.openqa.selenium.remote.RemoteWebDriver.execute(RemoteWebDriver.java:552)
at org.openqa.selenium.remote.RemoteWebDriver.startSession(RemoteWebDriver.java:213)
at org.openqa.selenium.remote.RemoteWebDriver.<init>(RemoteWebDriver.java:131)
at org.openqa.selenium.edge.EdgeDriver.<init>(EdgeDriver.java:141)
at org.openqa.selenium.edge.EdgeDriver.<init>(EdgeDriver.java:96)
at basepackage.BaseTest.initiate(BaseTest.java:66)
at testpackage.LoginPageTest.preTest(LoginPageTest.java:21)
at java.base/jdk.internal.reflect.NativeMethodAccessorImpl.invoke0(Native Method)
at java.base/jdk.internal.reflect.NativeMethodAccessorImpl.invoke(NativeMethodAccessorImpl.java:77)
at java.base/jdk.internal.reflect.DelegatingMethodAccessorImpl.invoke(DelegatingMethodAccessorImpl.java:43)
at java.base/java.lang.reflect.Method.invoke(Method.java:568)
at org.testng.internal.invokers.MethodInvocationHelper.invokeMethod(MethodInvocationHelper.java:139)
at org.testng.internal.invokers.MethodInvocationHelper.invokeMethodConsideringTimeout(MethodInvocationHelper.java:69)
at org.testng.internal.invokers.ConfigInvoker.invokeConfigurationMethod(ConfigInvoker.java:361)
at org.testng.internal.invokers.ConfigInvoker.invokeConfigurations(ConfigInvoker.java:296)
at org.testng.TestRunner.invokeTestConfigurations(TestRunner.java:643)
at org.testng.TestRunner.beforeRun(TestRunner.java:632)
at org.testng.TestRunner.run(TestRunner.java:594)
at org.testng.SuiteRunner.runTest(SuiteRunner.java:433)
at org.testng.SuiteRunner.runSequentially(SuiteRunner.java:427)
at org.testng.SuiteRunner.privateRun(SuiteRunner.java:387)
at org.testng.SuiteRunner.run(SuiteRunner.java:330)
at org.testng.SuiteRunnerWorker.runSuite(SuiteRunnerWorker.java:52)
at org.testng.SuiteRunnerWorker.run(SuiteRunnerWorker.java:95)
at org.testng.TestNG.runSuitesSequentially(TestNG.java:1256)
at org.testng.TestNG.runSuitesLocally(TestNG.java:1176)
at org.testng.TestNG.runSuites(TestNG.java:1099)
at org.testng.TestNG.run(TestNG.java:1067)
at org.apache.maven.surefire.testng.TestNGExecutor.run(TestNGExecutor.java:77)
at org.apache.maven.surefire.testng.TestNGDirectoryTestSuite.executeMulti(TestNGDirectoryTestSuite.java:159)
at org.apache.maven.surefire.testng.TestNGDirectoryTestSuite.execute(TestNGDirectoryTestSuite.java:99)
at org.apache.maven.surefire.testng.TestNGProvider.invoke(TestNGProvider.java:106)
at java.base/jdk.internal.reflect.NativeMethodAccessorImpl.invoke0(Native Method)
at java.base/jdk.internal.reflect.NativeMethodAccessorImpl.invoke(NativeMethodAccessorImpl.java:77)
at java.base/jdk.internal.reflect.DelegatingMethodAccessorImpl.invoke(DelegatingMethodAccessorImpl.java:43)
at java.base/java.lang.reflect.Method.invoke(Method.java:568)
at org.apache.maven.surefire.util.ReflectionUtils.invokeMethodWithArray(ReflectionUtils.java:189)
at org.apache.maven.surefire.booter.ProviderFactory$ProviderProxy.invoke(ProviderFactory.java:165)
at org.apache.maven.surefire.booter.ProviderFactory.invokeProvider(ProviderFactory.java:85)
at org.apache.maven.surefire.booter.ForkedBooter.runSuitesInProcess(ForkedBooter.java:115)
at org.apache.maven.surefire.booter.ForkedBooter.main(ForkedBooter.java:75)
]]>
            </full-stacktrace>
          </exception> <!-- org.openqa.selenium.WebDriverException -->
          <reporter-output>
          </reporter-output>
        </test-method> <!-- preTest -->
        <test-method signature="failloginbuttontest()[pri:0, instance:testpackage.LoginPageTest@5af3afd9]" started-at="2022-12-08T22:01:14 GMT-05:00" name="failloginbuttontest" finished-at="2022-12-08T22:01:14 GMT-05:00" duration-ms="0" status="SKIP">
          <exception class="org.openqa.selenium.WebDriverException">
            <message>
              <![CDATA[unknown error: Microsoft Edge failed to start: exited normally.
  (unknown error: DevToolsActivePort file doesn't exist)
  (The process started from msedge location C:\Program Files (x86)\Microsoft\Edge\Application\msedge.exe is no longer running, so msedgedriver is assuming that msedge has crashed.)
Build info: version: '3.141.59', revision: 'e82be7d358', time: '2018-11-14T08:17:03'
System info: host: 'LAPTOP-MVNUQ4K1', ip: '192.168.48.1', os.name: 'Windows 11', os.arch: 'amd64', os.version: '10.0', java.version: '17.0.3.1'
Driver info: driver.version: EdgeDriver
remote stacktrace: Backtrace:
Microsoft::Applications::Events::EventProperties::SetProperty [0x00007FF652A291A2+14306]
Microsoft::Applications::Events::EventProperty::EventProperty [0x00007FF6529B0962+842818]
(No symbol) [0x00007FF652661D90]
(No symbol) [0x00007FF65268EEC5]
(No symbol) [0x00007FF652689DCF]
(No symbol) [0x00007FF6526CE027]
(No symbol) [0x00007FF6526CD3BA]
(No symbol) [0x00007FF6526C5B03]
(No symbol) [0x00007FF6526973B8]
(No symbol) [0x00007FF65269638E]
(No symbol) [0x00007FF652697AE4]
Microsoft::Applications::Events::EventProperty::EventProperty [0x00007FF6528FFDF8+119000]
Microsoft::Applications::Events::EventProperty::EventProperty [0x00007FF6528ED4D6+42934]
Microsoft::Applications::Events::EventProperty::EventProperty [0x00007FF6528F06EC+55756]
(No symbol) [0x00007FF652767923]
Microsoft::Applications::Events::EventProperty::EventProperty [0x00007FF6529B841A+874234]
Microsoft::Applications::Events::EventProperty::EventProperty [0x00007FF6529BD514+894964]
Microsoft::Applications::Events::EventProperty::EventProperty [0x00007FF6529BD66C+895308]
Microsoft::Applications::Events::EventProperty::EventProperty [0x00007FF6529C678E+932462]
BaseThreadInitThunk [0x00007FFAFC86244D+29]
RtlUserThreadStart [0x00007FFAFE06DFB8+40]
]]>
            </message>
            <full-stacktrace>
              <![CDATA[org.openqa.selenium.WebDriverException: unknown error: Microsoft Edge failed to start: exited normally.
  (unknown error: DevToolsActivePort file doesn't exist)
  (The process started from msedge location C:\Program Files (x86)\Microsoft\Edge\Application\msedge.exe is no longer running, so msedgedriver is assuming that msedge has crashed.)
Build info: version: '3.141.59', revision: 'e82be7d358', time: '2018-11-14T08:17:03'
System info: host: 'LAPTOP-MVNUQ4K1', ip: '192.168.48.1', os.name: 'Windows 11', os.arch: 'amd64', os.version: '10.0', java.version: '17.0.3.1'
Driver info: driver.version: EdgeDriver
remote stacktrace: Backtrace:
Microsoft::Applications::Events::EventProperties::SetProperty [0x00007FF652A291A2+14306]
Microsoft::Applications::Events::EventProperty::EventProperty [0x00007FF6529B0962+842818]
(No symbol) [0x00007FF652661D90]
(No symbol) [0x00007FF65268EEC5]
(No symbol) [0x00007FF652689DCF]
(No symbol) [0x00007FF6526CE027]
(No symbol) [0x00007FF6526CD3BA]
(No symbol) [0x00007FF6526C5B03]
(No symbol) [0x00007FF6526973B8]
(No symbol) [0x00007FF65269638E]
(No symbol) [0x00007FF652697AE4]
Microsoft::Applications::Events::EventProperty::EventProperty [0x00007FF6528FFDF8+119000]
Microsoft::Applications::Events::EventProperty::EventProperty [0x00007FF6528ED4D6+42934]
Microsoft::Applications::Events::EventProperty::EventProperty [0x00007FF6528F06EC+55756]
(No symbol) [0x00007FF652767923]
Microsoft::Applications::Events::EventProperty::EventProperty [0x00007FF6529B841A+874234]
Microsoft::Applications::Events::EventProperty::EventProperty [0x00007FF6529BD514+894964]
Microsoft::Applications::Events::EventProperty::EventProperty [0x00007FF6529BD66C+895308]
Microsoft::Applications::Events::EventProperty::EventProperty [0x00007FF6529C678E+932462]
BaseThreadInitThunk [0x00007FFAFC86244D+29]
RtlUserThreadStart [0x00007FFAFE06DFB8+40]

at java.base/jdk.internal.reflect.NativeConstructorAccessorImpl.newInstance0(Native Method)
at java.base/jdk.internal.reflect.NativeConstructorAccessorImpl.newInstance(NativeConstructorAccessorImpl.java:77)
at java.base/jdk.internal.reflect.DelegatingConstructorAccessorImpl.newInstance(DelegatingConstructorAccessorImpl.java:45)
at java.base/java.lang.reflect.Constructor.newInstanceWithCaller(Constructor.java:499)
at java.base/java.lang.reflect.Constructor.newInstance(Constructor.java:480)
at org.openqa.selenium.remote.W3CHandshakeResponse.lambda$errorHandler$0(W3CHandshakeResponse.java:62)
at org.openqa.selenium.remote.HandshakeResponse.lambda$getResponseFunction$0(HandshakeResponse.java:30)
at org.openqa.selenium.remote.ProtocolHandshake.lambda$createSession$0(ProtocolHandshake.java:126)
at java.base/java.util.stream.ReferencePipeline$3$1.accept(ReferencePipeline.java:197)
at java.base/java.util.Spliterators$ArraySpliterator.tryAdvance(Spliterators.java:1002)
at java.base/java.util.stream.ReferencePipeline.forEachWithCancel(ReferencePipeline.java:129)
at java.base/java.util.stream.AbstractPipeline.copyIntoWithCancel(AbstractPipeline.java:527)
at java.base/java.util.stream.AbstractPipeline.copyInto(AbstractPipeline.java:513)
at java.base/java.util.stream.AbstractPipeline.wrapAndCopyInto(AbstractPipeline.java:499)
at java.base/java.util.stream.FindOps$FindOp.evaluateSequential(FindOps.java:150)
at java.base/java.util.stream.AbstractPipeline.evaluate(AbstractPipeline.java:234)
at java.base/java.util.stream.ReferencePipeline.findFirst(ReferencePipeline.java:647)
at org.openqa.selenium.remote.ProtocolHandshake.createSession(ProtocolHandshake.java:128)
at org.openqa.selenium.remote.ProtocolHandshake.createSession(ProtocolHandshake.java:74)
at org.openqa.selenium.remote.HttpCommandExecutor.execute(HttpCommandExecutor.java:136)
at org.openqa.selenium.remote.service.DriverCommandExecutor.execute(DriverCommandExecutor.java:83)
at org.openqa.selenium.remote.RemoteWebDriver.execute(RemoteWebDriver.java:552)
at org.openqa.selenium.remote.RemoteWebDriver.startSession(RemoteWebDriver.java:213)
at org.openqa.selenium.remote.RemoteWebDriver.<init>(RemoteWebDriver.java:131)
at org.openqa.selenium.edge.EdgeDriver.<init>(EdgeDriver.java:141)
at org.openqa.selenium.edge.EdgeDriver.<init>(EdgeDriver.java:96)
at basepackage.BaseTest.initiate(BaseTest.java:66)
at testpackage.LoginPageTest.preTest(LoginPageTest.java:21)
at java.base/jdk.internal.reflect.NativeMethodAccessorImpl.invoke0(Native Method)
at java.base/jdk.internal.reflect.NativeMethodAccessorImpl.invoke(NativeMethodAccessorImpl.java:77)
at java.base/jdk.internal.reflect.DelegatingMethodAccessorImpl.invoke(DelegatingMethodAccessorImpl.java:43)
at java.base/java.lang.reflect.Method.invoke(Method.java:568)
at org.testng.internal.invokers.MethodInvocationHelper.invokeMethod(MethodInvocationHelper.java:139)
at org.testng.internal.invokers.MethodInvocationHelper.invokeMethodConsideringTimeout(MethodInvocationHelper.java:69)
at org.testng.internal.invokers.ConfigInvoker.invokeConfigurationMethod(ConfigInvoker.java:361)
at org.testng.internal.invokers.ConfigInvoker.invokeConfigurations(ConfigInvoker.java:296)
at org.testng.TestRunner.invokeTestConfigurations(TestRunner.java:643)
at org.testng.TestRunner.beforeRun(TestRunner.java:632)
at org.testng.TestRunner.run(TestRunner.java:594)
at org.testng.SuiteRunner.runTest(SuiteRunner.java:433)
at org.testng.SuiteRunner.runSequentially(SuiteRunner.java:427)
at org.testng.SuiteRunner.privateRun(SuiteRunner.java:387)
at org.testng.SuiteRunner.run(SuiteRunner.java:330)
at org.testng.SuiteRunnerWorker.runSuite(SuiteRunnerWorker.java:52)
at org.testng.SuiteRunnerWorker.run(SuiteRunnerWorker.java:95)
at org.testng.TestNG.runSuitesSequentially(TestNG.java:1256)
at org.testng.TestNG.runSuitesLocally(TestNG.java:1176)
at org.testng.TestNG.runSuites(TestNG.java:1099)
at org.testng.TestNG.run(TestNG.java:1067)
at org.apache.maven.surefire.testng.TestNGExecutor.run(TestNGExecutor.java:77)
at org.apache.maven.surefire.testng.TestNGDirectoryTestSuite.executeMulti(TestNGDirectoryTestSuite.java:159)
at org.apache.maven.surefire.testng.TestNGDirectoryTestSuite.execute(TestNGDirectoryTestSuite.java:99)
at org.apache.maven.surefire.testng.TestNGProvider.invoke(TestNGProvider.java:106)
at java.base/jdk.internal.reflect.NativeMethodAccessorImpl.invoke0(Native Method)
at java.base/jdk.internal.reflect.NativeMethodAccessorImpl.invoke(NativeMethodAccessorImpl.java:77)
at java.base/jdk.internal.reflect.DelegatingMethodAccessorImpl.invoke(DelegatingMethodAccessorImpl.java:43)
at java.base/java.lang.reflect.Method.invoke(Method.java:568)
at org.apache.maven.surefire.util.ReflectionUtils.invokeMethodWithArray(ReflectionUtils.java:189)
at org.apache.maven.surefire.booter.ProviderFactory$ProviderProxy.invoke(ProviderFactory.java:165)
at org.apache.maven.surefire.booter.ProviderFactory.invokeProvider(ProviderFactory.java:85)
at org.apache.maven.surefire.booter.ForkedBooter.runSuitesInProcess(ForkedBooter.java:115)
at org.apache.maven.surefire.booter.ForkedBooter.main(ForkedBooter.java:75)
]]>
            </full-stacktrace>
          </exception> <!-- org.openqa.selenium.WebDriverException -->
          <reporter-output>
          </reporter-output>
        </test-method> <!-- failloginbuttontest -->
        <test-method signature="loginbuttontest()[pri:0, instance:testpackage.LoginPageTest@5af3afd9]" started-at="2022-12-08T22:01:14 GMT-05:00" name="loginbuttontest" finished-at="2022-12-08T22:01:14 GMT-05:00" duration-ms="0" status="SKIP">
          <exception class="org.openqa.selenium.WebDriverException">
            <message>
              <![CDATA[unknown error: Microsoft Edge failed to start: exited normally.
  (unknown error: DevToolsActivePort file doesn't exist)
  (The process started from msedge location C:\Program Files (x86)\Microsoft\Edge\Application\msedge.exe is no longer running, so msedgedriver is assuming that msedge has crashed.)
Build info: version: '3.141.59', revision: 'e82be7d358', time: '2018-11-14T08:17:03'
System info: host: 'LAPTOP-MVNUQ4K1', ip: '192.168.48.1', os.name: 'Windows 11', os.arch: 'amd64', os.version: '10.0', java.version: '17.0.3.1'
Driver info: driver.version: EdgeDriver
remote stacktrace: Backtrace:
Microsoft::Applications::Events::EventProperties::SetProperty [0x00007FF652A291A2+14306]
Microsoft::Applications::Events::EventProperty::EventProperty [0x00007FF6529B0962+842818]
(No symbol) [0x00007FF652661D90]
(No symbol) [0x00007FF65268EEC5]
(No symbol) [0x00007FF652689DCF]
(No symbol) [0x00007FF6526CE027]
(No symbol) [0x00007FF6526CD3BA]
(No symbol) [0x00007FF6526C5B03]
(No symbol) [0x00007FF6526973B8]
(No symbol) [0x00007FF65269638E]
(No symbol) [0x00007FF652697AE4]
Microsoft::Applications::Events::EventProperty::EventProperty [0x00007FF6528FFDF8+119000]
Microsoft::Applications::Events::EventProperty::EventProperty [0x00007FF6528ED4D6+42934]
Microsoft::Applications::Events::EventProperty::EventProperty [0x00007FF6528F06EC+55756]
(No symbol) [0x00007FF652767923]
Microsoft::Applications::Events::EventProperty::EventProperty [0x00007FF6529B841A+874234]
Microsoft::Applications::Events::EventProperty::EventProperty [0x00007FF6529BD514+894964]
Microsoft::Applications::Events::EventProperty::EventProperty [0x00007FF6529BD66C+895308]
Microsoft::Applications::Events::EventProperty::EventProperty [0x00007FF6529C678E+932462]
BaseThreadInitThunk [0x00007FFAFC86244D+29]
RtlUserThreadStart [0x00007FFAFE06DFB8+40]
]]>
            </message>
            <full-stacktrace>
              <![CDATA[org.openqa.selenium.WebDriverException: unknown error: Microsoft Edge failed to start: exited normally.
  (unknown error: DevToolsActivePort file doesn't exist)
  (The process started from msedge location C:\Program Files (x86)\Microsoft\Edge\Application\msedge.exe is no longer running, so msedgedriver is assuming that msedge has crashed.)
Build info: version: '3.141.59', revision: 'e82be7d358', time: '2018-11-14T08:17:03'
System info: host: 'LAPTOP-MVNUQ4K1', ip: '192.168.48.1', os.name: 'Windows 11', os.arch: 'amd64', os.version: '10.0', java.version: '17.0.3.1'
Driver info: driver.version: EdgeDriver
remote stacktrace: Backtrace:
Microsoft::Applications::Events::EventProperties::SetProperty [0x00007FF652A291A2+14306]
Microsoft::Applications::Events::EventProperty::EventProperty [0x00007FF6529B0962+842818]
(No symbol) [0x00007FF652661D90]
(No symbol) [0x00007FF65268EEC5]
(No symbol) [0x00007FF652689DCF]
(No symbol) [0x00007FF6526CE027]
(No symbol) [0x00007FF6526CD3BA]
(No symbol) [0x00007FF6526C5B03]
(No symbol) [0x00007FF6526973B8]
(No symbol) [0x00007FF65269638E]
(No symbol) [0x00007FF652697AE4]
Microsoft::Applications::Events::EventProperty::EventProperty [0x00007FF6528FFDF8+119000]
Microsoft::Applications::Events::EventProperty::EventProperty [0x00007FF6528ED4D6+42934]
Microsoft::Applications::Events::EventProperty::EventProperty [0x00007FF6528F06EC+55756]
(No symbol) [0x00007FF652767923]
Microsoft::Applications::Events::EventProperty::EventProperty [0x00007FF6529B841A+874234]
Microsoft::Applications::Events::EventProperty::EventProperty [0x00007FF6529BD514+894964]
Microsoft::Applications::Events::EventProperty::EventProperty [0x00007FF6529BD66C+895308]
Microsoft::Applications::Events::EventProperty::EventProperty [0x00007FF6529C678E+932462]
BaseThreadInitThunk [0x00007FFAFC86244D+29]
RtlUserThreadStart [0x00007FFAFE06DFB8+40]

at java.base/jdk.internal.reflect.NativeConstructorAccessorImpl.newInstance0(Native Method)
at java.base/jdk.internal.reflect.NativeConstructorAccessorImpl.newInstance(NativeConstructorAccessorImpl.java:77)
at java.base/jdk.internal.reflect.DelegatingConstructorAccessorImpl.newInstance(DelegatingConstructorAccessorImpl.java:45)
at java.base/java.lang.reflect.Constructor.newInstanceWithCaller(Constructor.java:499)
at java.base/java.lang.reflect.Constructor.newInstance(Constructor.java:480)
at org.openqa.selenium.remote.W3CHandshakeResponse.lambda$errorHandler$0(W3CHandshakeResponse.java:62)
at org.openqa.selenium.remote.HandshakeResponse.lambda$getResponseFunction$0(HandshakeResponse.java:30)
at org.openqa.selenium.remote.ProtocolHandshake.lambda$createSession$0(ProtocolHandshake.java:126)
at java.base/java.util.stream.ReferencePipeline$3$1.accept(ReferencePipeline.java:197)
at java.base/java.util.Spliterators$ArraySpliterator.tryAdvance(Spliterators.java:1002)
at java.base/java.util.stream.ReferencePipeline.forEachWithCancel(ReferencePipeline.java:129)
at java.base/java.util.stream.AbstractPipeline.copyIntoWithCancel(AbstractPipeline.java:527)
at java.base/java.util.stream.AbstractPipeline.copyInto(AbstractPipeline.java:513)
at java.base/java.util.stream.AbstractPipeline.wrapAndCopyInto(AbstractPipeline.java:499)
at java.base/java.util.stream.FindOps$FindOp.evaluateSequential(FindOps.java:150)
at java.base/java.util.stream.AbstractPipeline.evaluate(AbstractPipeline.java:234)
at java.base/java.util.stream.ReferencePipeline.findFirst(ReferencePipeline.java:647)
at org.openqa.selenium.remote.ProtocolHandshake.createSession(ProtocolHandshake.java:128)
at org.openqa.selenium.remote.ProtocolHandshake.createSession(ProtocolHandshake.java:74)
at org.openqa.selenium.remote.HttpCommandExecutor.execute(HttpCommandExecutor.java:136)
at org.openqa.selenium.remote.service.DriverCommandExecutor.execute(DriverCommandExecutor.java:83)
at org.openqa.selenium.remote.RemoteWebDriver.execute(RemoteWebDriver.java:552)
at org.openqa.selenium.remote.RemoteWebDriver.startSession(RemoteWebDriver.java:213)
at org.openqa.selenium.remote.RemoteWebDriver.<init>(RemoteWebDriver.java:131)
at org.openqa.selenium.edge.EdgeDriver.<init>(EdgeDriver.java:141)
at org.openqa.selenium.edge.EdgeDriver.<init>(EdgeDriver.java:96)
at basepackage.BaseTest.initiate(BaseTest.java:66)
at testpackage.LoginPageTest.preTest(LoginPageTest.java:21)
at java.base/jdk.internal.reflect.NativeMethodAccessorImpl.invoke0(Native Method)
at java.base/jdk.internal.reflect.NativeMethodAccessorImpl.invoke(NativeMethodAccessorImpl.java:77)
at java.base/jdk.internal.reflect.DelegatingMethodAccessorImpl.invoke(DelegatingMethodAccessorImpl.java:43)
at java.base/java.lang.reflect.Method.invoke(Method.java:568)
at org.testng.internal.invokers.MethodInvocationHelper.invokeMethod(MethodInvocationHelper.java:139)
at org.testng.internal.invokers.MethodInvocationHelper.invokeMethodConsideringTimeout(MethodInvocationHelper.java:69)
at org.testng.internal.invokers.ConfigInvoker.invokeConfigurationMethod(ConfigInvoker.java:361)
at org.testng.internal.invokers.ConfigInvoker.invokeConfigurations(ConfigInvoker.java:296)
at org.testng.TestRunner.invokeTestConfigurations(TestRunner.java:643)
at org.testng.TestRunner.beforeRun(TestRunner.java:632)
at org.testng.TestRunner.run(TestRunner.java:594)
at org.testng.SuiteRunner.runTest(SuiteRunner.java:433)
at org.testng.SuiteRunner.runSequentially(SuiteRunner.java:427)
at org.testng.SuiteRunner.privateRun(SuiteRunner.java:387)
at org.testng.SuiteRunner.run(SuiteRunner.java:330)
at org.testng.SuiteRunnerWorker.runSuite(SuiteRunnerWorker.java:52)
at org.testng.SuiteRunnerWorker.run(SuiteRunnerWorker.java:95)
at org.testng.TestNG.runSuitesSequentially(TestNG.java:1256)
at org.testng.TestNG.runSuitesLocally(TestNG.java:1176)
at org.testng.TestNG.runSuites(TestNG.java:1099)
at org.testng.TestNG.run(TestNG.java:1067)
at org.apache.maven.surefire.testng.TestNGExecutor.run(TestNGExecutor.java:77)
at org.apache.maven.surefire.testng.TestNGDirectoryTestSuite.executeMulti(TestNGDirectoryTestSuite.java:159)
at org.apache.maven.surefire.testng.TestNGDirectoryTestSuite.execute(TestNGDirectoryTestSuite.java:99)
at org.apache.maven.surefire.testng.TestNGProvider.invoke(TestNGProvider.java:106)
at java.base/jdk.internal.reflect.NativeMethodAccessorImpl.invoke0(Native Method)
at java.base/jdk.internal.reflect.NativeMethodAccessorImpl.invoke(NativeMethodAccessorImpl.java:77)
at java.base/jdk.internal.reflect.DelegatingMethodAccessorImpl.invoke(DelegatingMethodAccessorImpl.java:43)
at java.base/java.lang.reflect.Method.invoke(Method.java:568)
at org.apache.maven.surefire.util.ReflectionUtils.invokeMethodWithArray(ReflectionUtils.java:189)
at org.apache.maven.surefire.booter.ProviderFactory$ProviderProxy.invoke(ProviderFactory.java:165)
at org.apache.maven.surefire.booter.ProviderFactory.invokeProvider(ProviderFactory.java:85)
at org.apache.maven.surefire.booter.ForkedBooter.runSuitesInProcess(ForkedBooter.java:115)
at org.apache.maven.surefire.booter.ForkedBooter.main(ForkedBooter.java:75)
]]>
            </full-stacktrace>
          </exception> <!-- org.openqa.selenium.WebDriverException -->
          <reporter-output>
          </reporter-output>
        </test-method> <!-- loginbuttontest -->
        <test-method is-config="true" signature="StartSignInTest()[pri:0, instance:testpackage.LoginPageTest@5af3afd9]" started-at="2022-12-08T22:01:14 GMT-05:00" name="StartSignInTest" finished-at="2022-12-08T22:01:14 GMT-05:00" duration-ms="0" status="SKIP">
          <reporter-output>
          </reporter-output>
        </test-method> <!-- StartSignInTest -->
        <test-method is-config="true" signature="StartSignInTest()[pri:0, instance:testpackage.LoginPageTest@5af3afd9]" started-at="2022-12-08T22:01:14 GMT-05:00" name="StartSignInTest" finished-at="2022-12-08T22:01:14 GMT-05:00" duration-ms="0" status="SKIP">
          <reporter-output>
          </reporter-output>
        </test-method> <!-- StartSignInTest -->
        <test-method is-config="true" signature="EndSignInTest()[pri:0, instance:testpackage.LoginPageTest@5af3afd9]" started-at="2022-12-08T22:01:14 GMT-05:00" name="EndSignInTest" finished-at="2022-12-08T22:01:14 GMT-05:00" duration-ms="0" status="SKIP">
          <reporter-output>
          </reporter-output>
        </test-method> <!-- EndSignInTest -->
      </class> <!-- testpackage.LoginPageTest -->
      <class name="testpackage.ContextmenuTest">
        <test-method signature="alerttest()[pri:0, instance:testpackage.ContextmenuTest@6973b51b]" started-at="2022-12-08T22:01:14 GMT-05:00" name="alerttest" finished-at="2022-12-08T22:01:14 GMT-05:00" duration-ms="0" status="SKIP">
          <exception class="org.openqa.selenium.WebDriverException">
            <message>
              <![CDATA[unknown error: Microsoft Edge failed to start: exited normally.
  (unknown error: DevToolsActivePort file doesn't exist)
  (The process started from msedge location C:\Program Files (x86)\Microsoft\Edge\Application\msedge.exe is no longer running, so msedgedriver is assuming that msedge has crashed.)
Build info: version: '3.141.59', revision: 'e82be7d358', time: '2018-11-14T08:17:03'
System info: host: 'LAPTOP-MVNUQ4K1', ip: '192.168.48.1', os.name: 'Windows 11', os.arch: 'amd64', os.version: '10.0', java.version: '17.0.3.1'
Driver info: driver.version: EdgeDriver
remote stacktrace: Backtrace:
Microsoft::Applications::Events::EventProperties::SetProperty [0x00007FF652A291A2+14306]
Microsoft::Applications::Events::EventProperty::EventProperty [0x00007FF6529B0962+842818]
(No symbol) [0x00007FF652661D90]
(No symbol) [0x00007FF65268EEC5]
(No symbol) [0x00007FF652689DCF]
(No symbol) [0x00007FF6526CE027]
(No symbol) [0x00007FF6526CD3BA]
(No symbol) [0x00007FF6526C5B03]
(No symbol) [0x00007FF6526973B8]
(No symbol) [0x00007FF65269638E]
(No symbol) [0x00007FF652697AE4]
Microsoft::Applications::Events::EventProperty::EventProperty [0x00007FF6528FFDF8+119000]
Microsoft::Applications::Events::EventProperty::EventProperty [0x00007FF6528ED4D6+42934]
Microsoft::Applications::Events::EventProperty::EventProperty [0x00007FF6528F06EC+55756]
(No symbol) [0x00007FF652767923]
Microsoft::Applications::Events::EventProperty::EventProperty [0x00007FF6529B841A+874234]
Microsoft::Applications::Events::EventProperty::EventProperty [0x00007FF6529BD514+894964]
Microsoft::Applications::Events::EventProperty::EventProperty [0x00007FF6529BD66C+895308]
Microsoft::Applications::Events::EventProperty::EventProperty [0x00007FF6529C678E+932462]
BaseThreadInitThunk [0x00007FFAFC86244D+29]
RtlUserThreadStart [0x00007FFAFE06DFB8+40]
]]>
            </message>
            <full-stacktrace>
              <![CDATA[org.openqa.selenium.WebDriverException: unknown error: Microsoft Edge failed to start: exited normally.
  (unknown error: DevToolsActivePort file doesn't exist)
  (The process started from msedge location C:\Program Files (x86)\Microsoft\Edge\Application\msedge.exe is no longer running, so msedgedriver is assuming that msedge has crashed.)
Build info: version: '3.141.59', revision: 'e82be7d358', time: '2018-11-14T08:17:03'
System info: host: 'LAPTOP-MVNUQ4K1', ip: '192.168.48.1', os.name: 'Windows 11', os.arch: 'amd64', os.version: '10.0', java.version: '17.0.3.1'
Driver info: driver.version: EdgeDriver
remote stacktrace: Backtrace:
Microsoft::Applications::Events::EventProperties::SetProperty [0x00007FF652A291A2+14306]
Microsoft::Applications::Events::EventProperty::EventProperty [0x00007FF6529B0962+842818]
(No symbol) [0x00007FF652661D90]
(No symbol) [0x00007FF65268EEC5]
(No symbol) [0x00007FF652689DCF]
(No symbol) [0x00007FF6526CE027]
(No symbol) [0x00007FF6526CD3BA]
(No symbol) [0x00007FF6526C5B03]
(No symbol) [0x00007FF6526973B8]
(No symbol) [0x00007FF65269638E]
(No symbol) [0x00007FF652697AE4]
Microsoft::Applications::Events::EventProperty::EventProperty [0x00007FF6528FFDF8+119000]
Microsoft::Applications::Events::EventProperty::EventProperty [0x00007FF6528ED4D6+42934]
Microsoft::Applications::Events::EventProperty::EventProperty [0x00007FF6528F06EC+55756]
(No symbol) [0x00007FF652767923]
Microsoft::Applications::Events::EventProperty::EventProperty [0x00007FF6529B841A+874234]
Microsoft::Applications::Events::EventProperty::EventProperty [0x00007FF6529BD514+894964]
Microsoft::Applications::Events::EventProperty::EventProperty [0x00007FF6529BD66C+895308]
Microsoft::Applications::Events::EventProperty::EventProperty [0x00007FF6529C678E+932462]
BaseThreadInitThunk [0x00007FFAFC86244D+29]
RtlUserThreadStart [0x00007FFAFE06DFB8+40]

at java.base/jdk.internal.reflect.NativeConstructorAccessorImpl.newInstance0(Native Method)
at java.base/jdk.internal.reflect.NativeConstructorAccessorImpl.newInstance(NativeConstructorAccessorImpl.java:77)
at java.base/jdk.internal.reflect.DelegatingConstructorAccessorImpl.newInstance(DelegatingConstructorAccessorImpl.java:45)
at java.base/java.lang.reflect.Constructor.newInstanceWithCaller(Constructor.java:499)
at java.base/java.lang.reflect.Constructor.newInstance(Constructor.java:480)
at org.openqa.selenium.remote.W3CHandshakeResponse.lambda$errorHandler$0(W3CHandshakeResponse.java:62)
at org.openqa.selenium.remote.HandshakeResponse.lambda$getResponseFunction$0(HandshakeResponse.java:30)
at org.openqa.selenium.remote.ProtocolHandshake.lambda$createSession$0(ProtocolHandshake.java:126)
at java.base/java.util.stream.ReferencePipeline$3$1.accept(ReferencePipeline.java:197)
at java.base/java.util.Spliterators$ArraySpliterator.tryAdvance(Spliterators.java:1002)
at java.base/java.util.stream.ReferencePipeline.forEachWithCancel(ReferencePipeline.java:129)
at java.base/java.util.stream.AbstractPipeline.copyIntoWithCancel(AbstractPipeline.java:527)
at java.base/java.util.stream.AbstractPipeline.copyInto(AbstractPipeline.java:513)
at java.base/java.util.stream.AbstractPipeline.wrapAndCopyInto(AbstractPipeline.java:499)
at java.base/java.util.stream.FindOps$FindOp.evaluateSequential(FindOps.java:150)
at java.base/java.util.stream.AbstractPipeline.evaluate(AbstractPipeline.java:234)
at java.base/java.util.stream.ReferencePipeline.findFirst(ReferencePipeline.java:647)
at org.openqa.selenium.remote.ProtocolHandshake.createSession(ProtocolHandshake.java:128)
at org.openqa.selenium.remote.ProtocolHandshake.createSession(ProtocolHandshake.java:74)
at org.openqa.selenium.remote.HttpCommandExecutor.execute(HttpCommandExecutor.java:136)
at org.openqa.selenium.remote.service.DriverCommandExecutor.execute(DriverCommandExecutor.java:83)
at org.openqa.selenium.remote.RemoteWebDriver.execute(RemoteWebDriver.java:552)
at org.openqa.selenium.remote.RemoteWebDriver.startSession(RemoteWebDriver.java:213)
at org.openqa.selenium.remote.RemoteWebDriver.<init>(RemoteWebDriver.java:131)
at org.openqa.selenium.edge.EdgeDriver.<init>(EdgeDriver.java:141)
at org.openqa.selenium.edge.EdgeDriver.<init>(EdgeDriver.java:96)
at basepackage.BaseTest.initiate(BaseTest.java:66)
at testpackage.LoginPageTest.preTest(LoginPageTest.java:21)
at java.base/jdk.internal.reflect.NativeMethodAccessorImpl.invoke0(Native Method)
at java.base/jdk.internal.reflect.NativeMethodAccessorImpl.invoke(NativeMethodAccessorImpl.java:77)
at java.base/jdk.internal.reflect.DelegatingMethodAccessorImpl.invoke(DelegatingMethodAccessorImpl.java:43)
at java.base/java.lang.reflect.Method.invoke(Method.java:568)
at org.testng.internal.invokers.MethodInvocationHelper.invokeMethod(MethodInvocationHelper.java:139)
at org.testng.internal.invokers.MethodInvocationHelper.invokeMethodConsideringTimeout(MethodInvocationHelper.java:69)
at org.testng.internal.invokers.ConfigInvoker.invokeConfigurationMethod(ConfigInvoker.java:361)
at org.testng.internal.invokers.ConfigInvoker.invokeConfigurations(ConfigInvoker.java:296)
at org.testng.TestRunner.invokeTestConfigurations(TestRunner.java:643)
at org.testng.TestRunner.beforeRun(TestRunner.java:632)
at org.testng.TestRunner.run(TestRunner.java:594)
at org.testng.SuiteRunner.runTest(SuiteRunner.java:433)
at org.testng.SuiteRunner.runSequentially(SuiteRunner.java:427)
at org.testng.SuiteRunner.privateRun(SuiteRunner.java:387)
at org.testng.SuiteRunner.run(SuiteRunner.java:330)
at org.testng.SuiteRunnerWorker.runSuite(SuiteRunnerWorker.java:52)
at org.testng.SuiteRunnerWorker.run(SuiteRunnerWorker.java:95)
at org.testng.TestNG.runSuitesSequentially(TestNG.java:1256)
at org.testng.TestNG.runSuitesLocally(TestNG.java:1176)
at org.testng.TestNG.runSuites(TestNG.java:1099)
at org.testng.TestNG.run(TestNG.java:1067)
at org.apache.maven.surefire.testng.TestNGExecutor.run(TestNGExecutor.java:77)
at org.apache.maven.surefire.testng.TestNGDirectoryTestSuite.executeMulti(TestNGDirectoryTestSuite.java:159)
at org.apache.maven.surefire.testng.TestNGDirectoryTestSuite.execute(TestNGDirectoryTestSuite.java:99)
at org.apache.maven.surefire.testng.TestNGProvider.invoke(TestNGProvider.java:106)
at java.base/jdk.internal.reflect.NativeMethodAccessorImpl.invoke0(Native Method)
at java.base/jdk.internal.reflect.NativeMethodAccessorImpl.invoke(NativeMethodAccessorImpl.java:77)
at java.base/jdk.internal.reflect.DelegatingMethodAccessorImpl.invoke(DelegatingMethodAccessorImpl.java:43)
at java.base/java.lang.reflect.Method.invoke(Method.java:568)
at org.apache.maven.surefire.util.ReflectionUtils.invokeMethodWithArray(ReflectionUtils.java:189)
at org.apache.maven.surefire.booter.ProviderFactory$ProviderProxy.invoke(ProviderFactory.java:165)
at org.apache.maven.surefire.booter.ProviderFactory.invokeProvider(ProviderFactory.java:85)
at org.apache.maven.surefire.booter.ForkedBooter.runSuitesInProcess(ForkedBooter.java:115)
at org.apache.maven.surefire.booter.ForkedBooter.main(ForkedBooter.java:75)
]]>
            </full-stacktrace>
          </exception> <!-- org.openqa.selenium.WebDriverException -->
          <reporter-output>
          </reporter-output>
        </test-method> <!-- alerttest -->
        <test-method is-config="true" signature="StartSignInTest()[pri:0, instance:testpackage.ContextmenuTest@6973b51b]" started-at="2022-12-08T22:01:14 GMT-05:00" name="StartSignInTest" finished-at="2022-12-08T22:01:14 GMT-05:00" duration-ms="0" status="SKIP">
          <reporter-output>
          </reporter-output>
        </test-method> <!-- StartSignInTest -->
      </class> <!-- testpackage.ContextmenuTest -->
      <class name="testpackage.DynamicLoadingTest">
        <test-method signature="startbuttontest()[pri:0, instance:testpackage.DynamicLoadingTest@3bb9a3ff]" started-at="2022-12-08T22:01:14 GMT-05:00" name="startbuttontest" finished-at="2022-12-08T22:01:14 GMT-05:00" duration-ms="0" status="SKIP">
          <exception class="org.openqa.selenium.WebDriverException">
            <message>
              <![CDATA[unknown error: Microsoft Edge failed to start: exited normally.
  (unknown error: DevToolsActivePort file doesn't exist)
  (The process started from msedge location C:\Program Files (x86)\Microsoft\Edge\Application\msedge.exe is no longer running, so msedgedriver is assuming that msedge has crashed.)
Build info: version: '3.141.59', revision: 'e82be7d358', time: '2018-11-14T08:17:03'
System info: host: 'LAPTOP-MVNUQ4K1', ip: '192.168.48.1', os.name: 'Windows 11', os.arch: 'amd64', os.version: '10.0', java.version: '17.0.3.1'
Driver info: driver.version: EdgeDriver
remote stacktrace: Backtrace:
Microsoft::Applications::Events::EventProperties::SetProperty [0x00007FF652A291A2+14306]
Microsoft::Applications::Events::EventProperty::EventProperty [0x00007FF6529B0962+842818]
(No symbol) [0x00007FF652661D90]
(No symbol) [0x00007FF65268EEC5]
(No symbol) [0x00007FF652689DCF]
(No symbol) [0x00007FF6526CE027]
(No symbol) [0x00007FF6526CD3BA]
(No symbol) [0x00007FF6526C5B03]
(No symbol) [0x00007FF6526973B8]
(No symbol) [0x00007FF65269638E]
(No symbol) [0x00007FF652697AE4]
Microsoft::Applications::Events::EventProperty::EventProperty [0x00007FF6528FFDF8+119000]
Microsoft::Applications::Events::EventProperty::EventProperty [0x00007FF6528ED4D6+42934]
Microsoft::Applications::Events::EventProperty::EventProperty [0x00007FF6528F06EC+55756]
(No symbol) [0x00007FF652767923]
Microsoft::Applications::Events::EventProperty::EventProperty [0x00007FF6529B841A+874234]
Microsoft::Applications::Events::EventProperty::EventProperty [0x00007FF6529BD514+894964]
Microsoft::Applications::Events::EventProperty::EventProperty [0x00007FF6529BD66C+895308]
Microsoft::Applications::Events::EventProperty::EventProperty [0x00007FF6529C678E+932462]
BaseThreadInitThunk [0x00007FFAFC86244D+29]
RtlUserThreadStart [0x00007FFAFE06DFB8+40]
]]>
            </message>
            <full-stacktrace>
              <![CDATA[org.openqa.selenium.WebDriverException: unknown error: Microsoft Edge failed to start: exited normally.
  (unknown error: DevToolsActivePort file doesn't exist)
  (The process started from msedge location C:\Program Files (x86)\Microsoft\Edge\Application\msedge.exe is no longer running, so msedgedriver is assuming that msedge has crashed.)
Build info: version: '3.141.59', revision: 'e82be7d358', time: '2018-11-14T08:17:03'
System info: host: 'LAPTOP-MVNUQ4K1', ip: '192.168.48.1', os.name: 'Windows 11', os.arch: 'amd64', os.version: '10.0', java.version: '17.0.3.1'
Driver info: driver.version: EdgeDriver
remote stacktrace: Backtrace:
Microsoft::Applications::Events::EventProperties::SetProperty [0x00007FF652A291A2+14306]
Microsoft::Applications::Events::EventProperty::EventProperty [0x00007FF6529B0962+842818]
(No symbol) [0x00007FF652661D90]
(No symbol) [0x00007FF65268EEC5]
(No symbol) [0x00007FF652689DCF]
(No symbol) [0x00007FF6526CE027]
(No symbol) [0x00007FF6526CD3BA]
(No symbol) [0x00007FF6526C5B03]
(No symbol) [0x00007FF6526973B8]
(No symbol) [0x00007FF65269638E]
(No symbol) [0x00007FF652697AE4]
Microsoft::Applications::Events::EventProperty::EventProperty [0x00007FF6528FFDF8+119000]
Microsoft::Applications::Events::EventProperty::EventProperty [0x00007FF6528ED4D6+42934]
Microsoft::Applications::Events::EventProperty::EventProperty [0x00007FF6528F06EC+55756]
(No symbol) [0x00007FF652767923]
Microsoft::Applications::Events::EventProperty::EventProperty [0x00007FF6529B841A+874234]
Microsoft::Applications::Events::EventProperty::EventProperty [0x00007FF6529BD514+894964]
Microsoft::Applications::Events::EventProperty::EventProperty [0x00007FF6529BD66C+895308]
Microsoft::Applications::Events::EventProperty::EventProperty [0x00007FF6529C678E+932462]
BaseThreadInitThunk [0x00007FFAFC86244D+29]
RtlUserThreadStart [0x00007FFAFE06DFB8+40]

at java.base/jdk.internal.reflect.NativeConstructorAccessorImpl.newInstance0(Native Method)
at java.base/jdk.internal.reflect.NativeConstructorAccessorImpl.newInstance(NativeConstructorAccessorImpl.java:77)
at java.base/jdk.internal.reflect.DelegatingConstructorAccessorImpl.newInstance(DelegatingConstructorAccessorImpl.java:45)
at java.base/java.lang.reflect.Constructor.newInstanceWithCaller(Constructor.java:499)
at java.base/java.lang.reflect.Constructor.newInstance(Constructor.java:480)
at org.openqa.selenium.remote.W3CHandshakeResponse.lambda$errorHandler$0(W3CHandshakeResponse.java:62)
at org.openqa.selenium.remote.HandshakeResponse.lambda$getResponseFunction$0(HandshakeResponse.java:30)
at org.openqa.selenium.remote.ProtocolHandshake.lambda$createSession$0(ProtocolHandshake.java:126)
at java.base/java.util.stream.ReferencePipeline$3$1.accept(ReferencePipeline.java:197)
at java.base/java.util.Spliterators$ArraySpliterator.tryAdvance(Spliterators.java:1002)
at java.base/java.util.stream.ReferencePipeline.forEachWithCancel(ReferencePipeline.java:129)
at java.base/java.util.stream.AbstractPipeline.copyIntoWithCancel(AbstractPipeline.java:527)
at java.base/java.util.stream.AbstractPipeline.copyInto(AbstractPipeline.java:513)
at java.base/java.util.stream.AbstractPipeline.wrapAndCopyInto(AbstractPipeline.java:499)
at java.base/java.util.stream.FindOps$FindOp.evaluateSequential(FindOps.java:150)
at java.base/java.util.stream.AbstractPipeline.evaluate(AbstractPipeline.java:234)
at java.base/java.util.stream.ReferencePipeline.findFirst(ReferencePipeline.java:647)
at org.openqa.selenium.remote.ProtocolHandshake.createSession(ProtocolHandshake.java:128)
at org.openqa.selenium.remote.ProtocolHandshake.createSession(ProtocolHandshake.java:74)
at org.openqa.selenium.remote.HttpCommandExecutor.execute(HttpCommandExecutor.java:136)
at org.openqa.selenium.remote.service.DriverCommandExecutor.execute(DriverCommandExecutor.java:83)
at org.openqa.selenium.remote.RemoteWebDriver.execute(RemoteWebDriver.java:552)
at org.openqa.selenium.remote.RemoteWebDriver.startSession(RemoteWebDriver.java:213)
at org.openqa.selenium.remote.RemoteWebDriver.<init>(RemoteWebDriver.java:131)
at org.openqa.selenium.edge.EdgeDriver.<init>(EdgeDriver.java:141)
at org.openqa.selenium.edge.EdgeDriver.<init>(EdgeDriver.java:96)
at basepackage.BaseTest.initiate(BaseTest.java:66)
at testpackage.LoginPageTest.preTest(LoginPageTest.java:21)
at java.base/jdk.internal.reflect.NativeMethodAccessorImpl.invoke0(Native Method)
at java.base/jdk.internal.reflect.NativeMethodAccessorImpl.invoke(NativeMethodAccessorImpl.java:77)
at java.base/jdk.internal.reflect.DelegatingMethodAccessorImpl.invoke(DelegatingMethodAccessorImpl.java:43)
at java.base/java.lang.reflect.Method.invoke(Method.java:568)
at org.testng.internal.invokers.MethodInvocationHelper.invokeMethod(MethodInvocationHelper.java:139)
at org.testng.internal.invokers.MethodInvocationHelper.invokeMethodConsideringTimeout(MethodInvocationHelper.java:69)
at org.testng.internal.invokers.ConfigInvoker.invokeConfigurationMethod(ConfigInvoker.java:361)
at org.testng.internal.invokers.ConfigInvoker.invokeConfigurations(ConfigInvoker.java:296)
at org.testng.TestRunner.invokeTestConfigurations(TestRunner.java:643)
at org.testng.TestRunner.beforeRun(TestRunner.java:632)
at org.testng.TestRunner.run(TestRunner.java:594)
at org.testng.SuiteRunner.runTest(SuiteRunner.java:433)
at org.testng.SuiteRunner.runSequentially(SuiteRunner.java:427)
at org.testng.SuiteRunner.privateRun(SuiteRunner.java:387)
at org.testng.SuiteRunner.run(SuiteRunner.java:330)
at org.testng.SuiteRunnerWorker.runSuite(SuiteRunnerWorker.java:52)
at org.testng.SuiteRunnerWorker.run(SuiteRunnerWorker.java:95)
at org.testng.TestNG.runSuitesSequentially(TestNG.java:1256)
at org.testng.TestNG.runSuitesLocally(TestNG.java:1176)
at org.testng.TestNG.runSuites(TestNG.java:1099)
at org.testng.TestNG.run(TestNG.java:1067)
at org.apache.maven.surefire.testng.TestNGExecutor.run(TestNGExecutor.java:77)
at org.apache.maven.surefire.testng.TestNGDirectoryTestSuite.executeMulti(TestNGDirectoryTestSuite.java:159)
at org.apache.maven.surefire.testng.TestNGDirectoryTestSuite.execute(TestNGDirectoryTestSuite.java:99)
at org.apache.maven.surefire.testng.TestNGProvider.invoke(TestNGProvider.java:106)
at java.base/jdk.internal.reflect.NativeMethodAccessorImpl.invoke0(Native Method)
at java.base/jdk.internal.reflect.NativeMethodAccessorImpl.invoke(NativeMethodAccessorImpl.java:77)
at java.base/jdk.internal.reflect.DelegatingMethodAccessorImpl.invoke(DelegatingMethodAccessorImpl.java:43)
at java.base/java.lang.reflect.Method.invoke(Method.java:568)
at org.apache.maven.surefire.util.ReflectionUtils.invokeMethodWithArray(ReflectionUtils.java:189)
at org.apache.maven.surefire.booter.ProviderFactory$ProviderProxy.invoke(ProviderFactory.java:165)
at org.apache.maven.surefire.booter.ProviderFactory.invokeProvider(ProviderFactory.java:85)
at org.apache.maven.surefire.booter.ForkedBooter.runSuitesInProcess(ForkedBooter.java:115)
at org.apache.maven.surefire.booter.ForkedBooter.main(ForkedBooter.java:75)
]]>
            </full-stacktrace>
          </exception> <!-- org.openqa.selenium.WebDriverException -->
          <reporter-output>
          </reporter-output>
        </test-method> <!-- startbuttontest -->
        <test-method is-config="true" signature="StartSignInTest()[pri:0, instance:testpackage.DynamicLoadingTest@3bb9a3ff]" started-at="2022-12-08T22:01:14 GMT-05:00" name="StartSignInTest" finished-at="2022-12-08T22:01:14 GMT-05:00" duration-ms="0" status="SKIP">
          <reporter-output>
          </reporter-output>
        </test-method> <!-- StartSignInTest -->
      </class> <!-- testpackage.DynamicLoadingTest -->
      <class name="testpackage.DynamiccontentTest">
        <test-method signature="Dynamiccontent1test()[pri:0, instance:testpackage.DynamiccontentTest@43195e57]" started-at="2022-12-08T22:01:14 GMT-05:00" name="Dynamiccontent1test" finished-at="2022-12-08T22:01:14 GMT-05:00" duration-ms="0" status="SKIP">
          <exception class="org.openqa.selenium.WebDriverException">
            <message>
              <![CDATA[unknown error: Microsoft Edge failed to start: exited normally.
  (unknown error: DevToolsActivePort file doesn't exist)
  (The process started from msedge location C:\Program Files (x86)\Microsoft\Edge\Application\msedge.exe is no longer running, so msedgedriver is assuming that msedge has crashed.)
Build info: version: '3.141.59', revision: 'e82be7d358', time: '2018-11-14T08:17:03'
System info: host: 'LAPTOP-MVNUQ4K1', ip: '192.168.48.1', os.name: 'Windows 11', os.arch: 'amd64', os.version: '10.0', java.version: '17.0.3.1'
Driver info: driver.version: EdgeDriver
remote stacktrace: Backtrace:
Microsoft::Applications::Events::EventProperties::SetProperty [0x00007FF652A291A2+14306]
Microsoft::Applications::Events::EventProperty::EventProperty [0x00007FF6529B0962+842818]
(No symbol) [0x00007FF652661D90]
(No symbol) [0x00007FF65268EEC5]
(No symbol) [0x00007FF652689DCF]
(No symbol) [0x00007FF6526CE027]
(No symbol) [0x00007FF6526CD3BA]
(No symbol) [0x00007FF6526C5B03]
(No symbol) [0x00007FF6526973B8]
(No symbol) [0x00007FF65269638E]
(No symbol) [0x00007FF652697AE4]
Microsoft::Applications::Events::EventProperty::EventProperty [0x00007FF6528FFDF8+119000]
Microsoft::Applications::Events::EventProperty::EventProperty [0x00007FF6528ED4D6+42934]
Microsoft::Applications::Events::EventProperty::EventProperty [0x00007FF6528F06EC+55756]
(No symbol) [0x00007FF652767923]
Microsoft::Applications::Events::EventProperty::EventProperty [0x00007FF6529B841A+874234]
Microsoft::Applications::Events::EventProperty::EventProperty [0x00007FF6529BD514+894964]
Microsoft::Applications::Events::EventProperty::EventProperty [0x00007FF6529BD66C+895308]
Microsoft::Applications::Events::EventProperty::EventProperty [0x00007FF6529C678E+932462]
BaseThreadInitThunk [0x00007FFAFC86244D+29]
RtlUserThreadStart [0x00007FFAFE06DFB8+40]
]]>
            </message>
            <full-stacktrace>
              <![CDATA[org.openqa.selenium.WebDriverException: unknown error: Microsoft Edge failed to start: exited normally.
  (unknown error: DevToolsActivePort file doesn't exist)
  (The process started from msedge location C:\Program Files (x86)\Microsoft\Edge\Application\msedge.exe is no longer running, so msedgedriver is assuming that msedge has crashed.)
Build info: version: '3.141.59', revision: 'e82be7d358', time: '2018-11-14T08:17:03'
System info: host: 'LAPTOP-MVNUQ4K1', ip: '192.168.48.1', os.name: 'Windows 11', os.arch: 'amd64', os.version: '10.0', java.version: '17.0.3.1'
Driver info: driver.version: EdgeDriver
remote stacktrace: Backtrace:
Microsoft::Applications::Events::EventProperties::SetProperty [0x00007FF652A291A2+14306]
Microsoft::Applications::Events::EventProperty::EventProperty [0x00007FF6529B0962+842818]
(No symbol) [0x00007FF652661D90]
(No symbol) [0x00007FF65268EEC5]
(No symbol) [0x00007FF652689DCF]
(No symbol) [0x00007FF6526CE027]
(No symbol) [0x00007FF6526CD3BA]
(No symbol) [0x00007FF6526C5B03]
(No symbol) [0x00007FF6526973B8]
(No symbol) [0x00007FF65269638E]
(No symbol) [0x00007FF652697AE4]
Microsoft::Applications::Events::EventProperty::EventProperty [0x00007FF6528FFDF8+119000]
Microsoft::Applications::Events::EventProperty::EventProperty [0x00007FF6528ED4D6+42934]
Microsoft::Applications::Events::EventProperty::EventProperty [0x00007FF6528F06EC+55756]
(No symbol) [0x00007FF652767923]
Microsoft::Applications::Events::EventProperty::EventProperty [0x00007FF6529B841A+874234]
Microsoft::Applications::Events::EventProperty::EventProperty [0x00007FF6529BD514+894964]
Microsoft::Applications::Events::EventProperty::EventProperty [0x00007FF6529BD66C+895308]
Microsoft::Applications::Events::EventProperty::EventProperty [0x00007FF6529C678E+932462]
BaseThreadInitThunk [0x00007FFAFC86244D+29]
RtlUserThreadStart [0x00007FFAFE06DFB8+40]

at java.base/jdk.internal.reflect.NativeConstructorAccessorImpl.newInstance0(Native Method)
at java.base/jdk.internal.reflect.NativeConstructorAccessorImpl.newInstance(NativeConstructorAccessorImpl.java:77)
at java.base/jdk.internal.reflect.DelegatingConstructorAccessorImpl.newInstance(DelegatingConstructorAccessorImpl.java:45)
at java.base/java.lang.reflect.Constructor.newInstanceWithCaller(Constructor.java:499)
at java.base/java.lang.reflect.Constructor.newInstance(Constructor.java:480)
at org.openqa.selenium.remote.W3CHandshakeResponse.lambda$errorHandler$0(W3CHandshakeResponse.java:62)
at org.openqa.selenium.remote.HandshakeResponse.lambda$getResponseFunction$0(HandshakeResponse.java:30)
at org.openqa.selenium.remote.ProtocolHandshake.lambda$createSession$0(ProtocolHandshake.java:126)
at java.base/java.util.stream.ReferencePipeline$3$1.accept(ReferencePipeline.java:197)
at java.base/java.util.Spliterators$ArraySpliterator.tryAdvance(Spliterators.java:1002)
at java.base/java.util.stream.ReferencePipeline.forEachWithCancel(ReferencePipeline.java:129)
at java.base/java.util.stream.AbstractPipeline.copyIntoWithCancel(AbstractPipeline.java:527)
at java.base/java.util.stream.AbstractPipeline.copyInto(AbstractPipeline.java:513)
at java.base/java.util.stream.AbstractPipeline.wrapAndCopyInto(AbstractPipeline.java:499)
at java.base/java.util.stream.FindOps$FindOp.evaluateSequential(FindOps.java:150)
at java.base/java.util.stream.AbstractPipeline.evaluate(AbstractPipeline.java:234)
at java.base/java.util.stream.ReferencePipeline.findFirst(ReferencePipeline.java:647)
at org.openqa.selenium.remote.ProtocolHandshake.createSession(ProtocolHandshake.java:128)
at org.openqa.selenium.remote.ProtocolHandshake.createSession(ProtocolHandshake.java:74)
at org.openqa.selenium.remote.HttpCommandExecutor.execute(HttpCommandExecutor.java:136)
at org.openqa.selenium.remote.service.DriverCommandExecutor.execute(DriverCommandExecutor.java:83)
at org.openqa.selenium.remote.RemoteWebDriver.execute(RemoteWebDriver.java:552)
at org.openqa.selenium.remote.RemoteWebDriver.startSession(RemoteWebDriver.java:213)
at org.openqa.selenium.remote.RemoteWebDriver.<init>(RemoteWebDriver.java:131)
at org.openqa.selenium.edge.EdgeDriver.<init>(EdgeDriver.java:141)
at org.openqa.selenium.edge.EdgeDriver.<init>(EdgeDriver.java:96)
at basepackage.BaseTest.initiate(BaseTest.java:66)
at testpackage.LoginPageTest.preTest(LoginPageTest.java:21)
at java.base/jdk.internal.reflect.NativeMethodAccessorImpl.invoke0(Native Method)
at java.base/jdk.internal.reflect.NativeMethodAccessorImpl.invoke(NativeMethodAccessorImpl.java:77)
at java.base/jdk.internal.reflect.DelegatingMethodAccessorImpl.invoke(DelegatingMethodAccessorImpl.java:43)
at java.base/java.lang.reflect.Method.invoke(Method.java:568)
at org.testng.internal.invokers.MethodInvocationHelper.invokeMethod(MethodInvocationHelper.java:139)
at org.testng.internal.invokers.MethodInvocationHelper.invokeMethodConsideringTimeout(MethodInvocationHelper.java:69)
at org.testng.internal.invokers.ConfigInvoker.invokeConfigurationMethod(ConfigInvoker.java:361)
at org.testng.internal.invokers.ConfigInvoker.invokeConfigurations(ConfigInvoker.java:296)
at org.testng.TestRunner.invokeTestConfigurations(TestRunner.java:643)
at org.testng.TestRunner.beforeRun(TestRunner.java:632)
at org.testng.TestRunner.run(TestRunner.java:594)
at org.testng.SuiteRunner.runTest(SuiteRunner.java:433)
at org.testng.SuiteRunner.runSequentially(SuiteRunner.java:427)
at org.testng.SuiteRunner.privateRun(SuiteRunner.java:387)
at org.testng.SuiteRunner.run(SuiteRunner.java:330)
at org.testng.SuiteRunnerWorker.runSuite(SuiteRunnerWorker.java:52)
at org.testng.SuiteRunnerWorker.run(SuiteRunnerWorker.java:95)
at org.testng.TestNG.runSuitesSequentially(TestNG.java:1256)
at org.testng.TestNG.runSuitesLocally(TestNG.java:1176)
at org.testng.TestNG.runSuites(TestNG.java:1099)
at org.testng.TestNG.run(TestNG.java:1067)
at org.apache.maven.surefire.testng.TestNGExecutor.run(TestNGExecutor.java:77)
at org.apache.maven.surefire.testng.TestNGDirectoryTestSuite.executeMulti(TestNGDirectoryTestSuite.java:159)
at org.apache.maven.surefire.testng.TestNGDirectoryTestSuite.execute(TestNGDirectoryTestSuite.java:99)
at org.apache.maven.surefire.testng.TestNGProvider.invoke(TestNGProvider.java:106)
at java.base/jdk.internal.reflect.NativeMethodAccessorImpl.invoke0(Native Method)
at java.base/jdk.internal.reflect.NativeMethodAccessorImpl.invoke(NativeMethodAccessorImpl.java:77)
at java.base/jdk.internal.reflect.DelegatingMethodAccessorImpl.invoke(DelegatingMethodAccessorImpl.java:43)
at java.base/java.lang.reflect.Method.invoke(Method.java:568)
at org.apache.maven.surefire.util.ReflectionUtils.invokeMethodWithArray(ReflectionUtils.java:189)
at org.apache.maven.surefire.booter.ProviderFactory$ProviderProxy.invoke(ProviderFactory.java:165)
at org.apache.maven.surefire.booter.ProviderFactory.invokeProvider(ProviderFactory.java:85)
at org.apache.maven.surefire.booter.ForkedBooter.runSuitesInProcess(ForkedBooter.java:115)
at org.apache.maven.surefire.booter.ForkedBooter.main(ForkedBooter.java:75)
]]>
            </full-stacktrace>
          </exception> <!-- org.openqa.selenium.WebDriverException -->
          <reporter-output>
          </reporter-output>
        </test-method> <!-- Dynamiccontent1test -->
        <test-method signature="Dynamiccontent2test()[pri:0, instance:testpackage.DynamiccontentTest@43195e57]" started-at="2022-12-08T22:01:14 GMT-05:00" name="Dynamiccontent2test" finished-at="2022-12-08T22:01:14 GMT-05:00" duration-ms="0" status="SKIP">
          <exception class="org.openqa.selenium.WebDriverException">
            <message>
              <![CDATA[unknown error: Microsoft Edge failed to start: exited normally.
  (unknown error: DevToolsActivePort file doesn't exist)
  (The process started from msedge location C:\Program Files (x86)\Microsoft\Edge\Application\msedge.exe is no longer running, so msedgedriver is assuming that msedge has crashed.)
Build info: version: '3.141.59', revision: 'e82be7d358', time: '2018-11-14T08:17:03'
System info: host: 'LAPTOP-MVNUQ4K1', ip: '192.168.48.1', os.name: 'Windows 11', os.arch: 'amd64', os.version: '10.0', java.version: '17.0.3.1'
Driver info: driver.version: EdgeDriver
remote stacktrace: Backtrace:
Microsoft::Applications::Events::EventProperties::SetProperty [0x00007FF652A291A2+14306]
Microsoft::Applications::Events::EventProperty::EventProperty [0x00007FF6529B0962+842818]
(No symbol) [0x00007FF652661D90]
(No symbol) [0x00007FF65268EEC5]
(No symbol) [0x00007FF652689DCF]
(No symbol) [0x00007FF6526CE027]
(No symbol) [0x00007FF6526CD3BA]
(No symbol) [0x00007FF6526C5B03]
(No symbol) [0x00007FF6526973B8]
(No symbol) [0x00007FF65269638E]
(No symbol) [0x00007FF652697AE4]
Microsoft::Applications::Events::EventProperty::EventProperty [0x00007FF6528FFDF8+119000]
Microsoft::Applications::Events::EventProperty::EventProperty [0x00007FF6528ED4D6+42934]
Microsoft::Applications::Events::EventProperty::EventProperty [0x00007FF6528F06EC+55756]
(No symbol) [0x00007FF652767923]
Microsoft::Applications::Events::EventProperty::EventProperty [0x00007FF6529B841A+874234]
Microsoft::Applications::Events::EventProperty::EventProperty [0x00007FF6529BD514+894964]
Microsoft::Applications::Events::EventProperty::EventProperty [0x00007FF6529BD66C+895308]
Microsoft::Applications::Events::EventProperty::EventProperty [0x00007FF6529C678E+932462]
BaseThreadInitThunk [0x00007FFAFC86244D+29]
RtlUserThreadStart [0x00007FFAFE06DFB8+40]
]]>
            </message>
            <full-stacktrace>
              <![CDATA[org.openqa.selenium.WebDriverException: unknown error: Microsoft Edge failed to start: exited normally.
  (unknown error: DevToolsActivePort file doesn't exist)
  (The process started from msedge location C:\Program Files (x86)\Microsoft\Edge\Application\msedge.exe is no longer running, so msedgedriver is assuming that msedge has crashed.)
Build info: version: '3.141.59', revision: 'e82be7d358', time: '2018-11-14T08:17:03'
System info: host: 'LAPTOP-MVNUQ4K1', ip: '192.168.48.1', os.name: 'Windows 11', os.arch: 'amd64', os.version: '10.0', java.version: '17.0.3.1'
Driver info: driver.version: EdgeDriver
remote stacktrace: Backtrace:
Microsoft::Applications::Events::EventProperties::SetProperty [0x00007FF652A291A2+14306]
Microsoft::Applications::Events::EventProperty::EventProperty [0x00007FF6529B0962+842818]
(No symbol) [0x00007FF652661D90]
(No symbol) [0x00007FF65268EEC5]
(No symbol) [0x00007FF652689DCF]
(No symbol) [0x00007FF6526CE027]
(No symbol) [0x00007FF6526CD3BA]
(No symbol) [0x00007FF6526C5B03]
(No symbol) [0x00007FF6526973B8]
(No symbol) [0x00007FF65269638E]
(No symbol) [0x00007FF652697AE4]
Microsoft::Applications::Events::EventProperty::EventProperty [0x00007FF6528FFDF8+119000]
Microsoft::Applications::Events::EventProperty::EventProperty [0x00007FF6528ED4D6+42934]
Microsoft::Applications::Events::EventProperty::EventProperty [0x00007FF6528F06EC+55756]
(No symbol) [0x00007FF652767923]
Microsoft::Applications::Events::EventProperty::EventProperty [0x00007FF6529B841A+874234]
Microsoft::Applications::Events::EventProperty::EventProperty [0x00007FF6529BD514+894964]
Microsoft::Applications::Events::EventProperty::EventProperty [0x00007FF6529BD66C+895308]
Microsoft::Applications::Events::EventProperty::EventProperty [0x00007FF6529C678E+932462]
BaseThreadInitThunk [0x00007FFAFC86244D+29]
RtlUserThreadStart [0x00007FFAFE06DFB8+40]

at java.base/jdk.internal.reflect.NativeConstructorAccessorImpl.newInstance0(Native Method)
at java.base/jdk.internal.reflect.NativeConstructorAccessorImpl.newInstance(NativeConstructorAccessorImpl.java:77)
at java.base/jdk.internal.reflect.DelegatingConstructorAccessorImpl.newInstance(DelegatingConstructorAccessorImpl.java:45)
at java.base/java.lang.reflect.Constructor.newInstanceWithCaller(Constructor.java:499)
at java.base/java.lang.reflect.Constructor.newInstance(Constructor.java:480)
at org.openqa.selenium.remote.W3CHandshakeResponse.lambda$errorHandler$0(W3CHandshakeResponse.java:62)
at org.openqa.selenium.remote.HandshakeResponse.lambda$getResponseFunction$0(HandshakeResponse.java:30)
at org.openqa.selenium.remote.ProtocolHandshake.lambda$createSession$0(ProtocolHandshake.java:126)
at java.base/java.util.stream.ReferencePipeline$3$1.accept(ReferencePipeline.java:197)
at java.base/java.util.Spliterators$ArraySpliterator.tryAdvance(Spliterators.java:1002)
at java.base/java.util.stream.ReferencePipeline.forEachWithCancel(ReferencePipeline.java:129)
at java.base/java.util.stream.AbstractPipeline.copyIntoWithCancel(AbstractPipeline.java:527)
at java.base/java.util.stream.AbstractPipeline.copyInto(AbstractPipeline.java:513)
at java.base/java.util.stream.AbstractPipeline.wrapAndCopyInto(AbstractPipeline.java:499)
at java.base/java.util.stream.FindOps$FindOp.evaluateSequential(FindOps.java:150)
at java.base/java.util.stream.AbstractPipeline.evaluate(AbstractPipeline.java:234)
at java.base/java.util.stream.ReferencePipeline.findFirst(ReferencePipeline.java:647)
at org.openqa.selenium.remote.ProtocolHandshake.createSession(ProtocolHandshake.java:128)
at org.openqa.selenium.remote.ProtocolHandshake.createSession(ProtocolHandshake.java:74)
at org.openqa.selenium.remote.HttpCommandExecutor.execute(HttpCommandExecutor.java:136)
at org.openqa.selenium.remote.service.DriverCommandExecutor.execute(DriverCommandExecutor.java:83)
at org.openqa.selenium.remote.RemoteWebDriver.execute(RemoteWebDriver.java:552)
at org.openqa.selenium.remote.RemoteWebDriver.startSession(RemoteWebDriver.java:213)
at org.openqa.selenium.remote.RemoteWebDriver.<init>(RemoteWebDriver.java:131)
at org.openqa.selenium.edge.EdgeDriver.<init>(EdgeDriver.java:141)
at org.openqa.selenium.edge.EdgeDriver.<init>(EdgeDriver.java:96)
at basepackage.BaseTest.initiate(BaseTest.java:66)
at testpackage.LoginPageTest.preTest(LoginPageTest.java:21)
at java.base/jdk.internal.reflect.NativeMethodAccessorImpl.invoke0(Native Method)
at java.base/jdk.internal.reflect.NativeMethodAccessorImpl.invoke(NativeMethodAccessorImpl.java:77)
at java.base/jdk.internal.reflect.DelegatingMethodAccessorImpl.invoke(DelegatingMethodAccessorImpl.java:43)
at java.base/java.lang.reflect.Method.invoke(Method.java:568)
at org.testng.internal.invokers.MethodInvocationHelper.invokeMethod(MethodInvocationHelper.java:139)
at org.testng.internal.invokers.MethodInvocationHelper.invokeMethodConsideringTimeout(MethodInvocationHelper.java:69)
at org.testng.internal.invokers.ConfigInvoker.invokeConfigurationMethod(ConfigInvoker.java:361)
at org.testng.internal.invokers.ConfigInvoker.invokeConfigurations(ConfigInvoker.java:296)
at org.testng.TestRunner.invokeTestConfigurations(TestRunner.java:643)
at org.testng.TestRunner.beforeRun(TestRunner.java:632)
at org.testng.TestRunner.run(TestRunner.java:594)
at org.testng.SuiteRunner.runTest(SuiteRunner.java:433)
at org.testng.SuiteRunner.runSequentially(SuiteRunner.java:427)
at org.testng.SuiteRunner.privateRun(SuiteRunner.java:387)
at org.testng.SuiteRunner.run(SuiteRunner.java:330)
at org.testng.SuiteRunnerWorker.runSuite(SuiteRunnerWorker.java:52)
at org.testng.SuiteRunnerWorker.run(SuiteRunnerWorker.java:95)
at org.testng.TestNG.runSuitesSequentially(TestNG.java:1256)
at org.testng.TestNG.runSuitesLocally(TestNG.java:1176)
at org.testng.TestNG.runSuites(TestNG.java:1099)
at org.testng.TestNG.run(TestNG.java:1067)
at org.apache.maven.surefire.testng.TestNGExecutor.run(TestNGExecutor.java:77)
at org.apache.maven.surefire.testng.TestNGDirectoryTestSuite.executeMulti(TestNGDirectoryTestSuite.java:159)
at org.apache.maven.surefire.testng.TestNGDirectoryTestSuite.execute(TestNGDirectoryTestSuite.java:99)
at org.apache.maven.surefire.testng.TestNGProvider.invoke(TestNGProvider.java:106)
at java.base/jdk.internal.reflect.NativeMethodAccessorImpl.invoke0(Native Method)
at java.base/jdk.internal.reflect.NativeMethodAccessorImpl.invoke(NativeMethodAccessorImpl.java:77)
at java.base/jdk.internal.reflect.DelegatingMethodAccessorImpl.invoke(DelegatingMethodAccessorImpl.java:43)
at java.base/java.lang.reflect.Method.invoke(Method.java:568)
at org.apache.maven.surefire.util.ReflectionUtils.invokeMethodWithArray(ReflectionUtils.java:189)
at org.apache.maven.surefire.booter.ProviderFactory$ProviderProxy.invoke(ProviderFactory.java:165)
at org.apache.maven.surefire.booter.ProviderFactory.invokeProvider(ProviderFactory.java:85)
at org.apache.maven.surefire.booter.ForkedBooter.runSuitesInProcess(ForkedBooter.java:115)
at org.apache.maven.surefire.booter.ForkedBooter.main(ForkedBooter.java:75)
]]>
            </full-stacktrace>
          </exception> <!-- org.openqa.selenium.WebDriverException -->
          <reporter-output>
          </reporter-output>
        </test-method> <!-- Dynamiccontent2test -->
        <test-method is-config="true" signature="StartSignInTest()[pri:0, instance:testpackage.DynamiccontentTest@43195e57]" started-at="2022-12-08T22:01:14 GMT-05:00" name="StartSignInTest" finished-at="2022-12-08T22:01:14 GMT-05:00" duration-ms="0" status="SKIP">
          <reporter-output>
          </reporter-output>
        </test-method> <!-- StartSignInTest -->
        <test-method is-config="true" signature="StartSignInTest()[pri:0, instance:testpackage.DynamiccontentTest@43195e57]" started-at="2022-12-08T22:01:14 GMT-05:00" name="StartSignInTest" finished-at="2022-12-08T22:01:14 GMT-05:00" duration-ms="0" status="SKIP">
          <reporter-output>
          </reporter-output>
        </test-method> <!-- StartSignInTest -->
        <test-method signature="Dynamiccontent3test()[pri:0, instance:testpackage.DynamiccontentTest@43195e57]" started-at="2022-12-08T22:01:14 GMT-05:00" name="Dynamiccontent3test" finished-at="2022-12-08T22:01:14 GMT-05:00" duration-ms="0" status="SKIP">
          <exception class="org.openqa.selenium.WebDriverException">
            <message>
[...]
          </reporter-output>
        </test-method> <!-- StartSignInTest -->
      </class> <!-- testpackage.NotificationTest -->
      <class name="testpackage.DragandDropTest">
        <test-method signature="DragtestforA()[pri:0, instance:testpackage.DragandDropTest@1ab3a8c8]" started-at="2022-12-08T22:01:14 GMT-05:00" name="DragtestforA" finished-at="2022-12-08T22:01:14 GMT-05:00" duration-ms="0" status="SKIP">
          <exception class="org.openqa.selenium.WebDriverException">
            <message>
              <![CDATA[unknown error: Microsoft Edge failed to start: exited normally.
  (unknown error: DevToolsActivePort file doesn't exist)
  (The process started from msedge location C:\Program Files (x86)\Microsoft\Edge\Application\msedge.exe is no longer running, so msedgedriver is assuming that msedge has crashed.)
Build info: version: '3.141.59', revision: 'e82be7d358', time: '2018-11-14T08:17:03'
System info: host: 'LAPTOP-MVNUQ4K1', ip: '192.168.48.1', os.name: 'Windows 11', os.arch: 'amd64', os.version: '10.0', java.version: '17.0.3.1'
Driver info: driver.version: EdgeDriver
remote stacktrace: Backtrace:
Microsoft::Applications::Events::EventProperties::SetProperty [0x00007FF652A291A2+14306]
Microsoft::Applications::Events::EventProperty::EventProperty [0x00007FF6529B0962+842818]
(No symbol) [0x00007FF652661D90]
(No symbol) [0x00007FF65268EEC5]
(No symbol) [0x00007FF652689DCF]
(No symbol) [0x00007FF6526CE027]
(No symbol) [0x00007FF6526CD3BA]
(No symbol) [0x00007FF6526C5B03]
(No symbol) [0x00007FF6526973B8]
(No symbol) [0x00007FF65269638E]
(No symbol) [0x00007FF652697AE4]
Microsoft::Applications::Events::EventProperty::EventProperty [0x00007FF6528FFDF8+119000]
Microsoft::Applications::Events::EventProperty::EventProperty [0x00007FF6528ED4D6+42934]
Microsoft::Applications::Events::EventProperty::EventProperty [0x00007FF6528F06EC+55756]
(No symbol) [0x00007FF652767923]
Microsoft::Applications::Events::EventProperty::EventProperty [0x00007FF6529B841A+874234]
Microsoft::Applications::Events::EventProperty::EventProperty [0x00007FF6529BD514+894964]
Microsoft::Applications::Events::EventProperty::EventProperty [0x00007FF6529BD66C+895308]
Microsoft::Applications::Events::EventProperty::EventProperty [0x00007FF6529C678E+932462]
BaseThreadInitThunk [0x00007FFAFC86244D+29]
RtlUserThreadStart [0x00007FFAFE06DFB8+40]
]]>
            </message>
            <full-stacktrace>
              <![CDATA[org.openqa.selenium.WebDriverException: unknown error: Microsoft Edge failed to start: exited normally.
  (unknown error: DevToolsActivePort file doesn't exist)
  (The process started from msedge location C:\Program Files (x86)\Microsoft\Edge\Application\msedge.exe is no longer running, so msedgedriver is assuming that msedge has crashed.)
Build info: version: '3.141.59', revision: 'e82be7d358', time: '2018-11-14T08:17:03'
System info: host: 'LAPTOP-MVNUQ4K1', ip: '192.168.48.1', os.name: 'Windows 11', os.arch: 'amd64', os.version: '10.0', java.version: '17.0.3.1'
Driver info: driver.version: EdgeDriver
remote stacktrace: Backtrace:
Microsoft::Applications::Events::EventProperties::SetProperty [0x00007FF652A291A2+14306]
Microsoft::Applications::Events::EventProperty::EventProperty [0x00007FF6529B0962+842818]
(No symbol) [0x00007FF652661D90]
(No symbol) [0x00007FF65268EEC5]
(No symbol) [0x00007FF652689DCF]
(No symbol) [0x00007FF6526CE027]
(No symbol) [0x00007FF6526CD3BA]
(No symbol) [0x00007FF6526C5B03]
(No symbol) [0x00007FF6526973B8]
(No symbol) [0x00007FF65269638E]
(No symbol) [0x00007FF652697AE4]
Microsoft::Applications::Events::EventProperty::EventProperty [0x00007FF6528FFDF8+119000]
Microsoft::Applications::Events::EventProperty::EventProperty [0x00007FF6528ED4D6+42934]
Microsoft::Applications::Events::EventProperty::EventProperty [0x00007FF6528F06EC+55756]
(No symbol) [0x00007FF652767923]
Microsoft::Applications::Events::EventProperty::EventProperty [0x00007FF6529B841A+874234]
Microsoft::Applications::Events::EventProperty::EventProperty [0x00007FF6529BD514+894964]
Microsoft::Applications::Events::EventProperty::EventProperty [0x00007FF6529BD66C+895308]
Microsoft::Applications::Events::EventProperty::EventProperty [0x00007FF6529C678E+932462]
BaseThreadInitThunk [0x00007FFAFC86244D+29]
RtlUserThreadStart [0x00007FFAFE06DFB8+40]

at java.base/jdk.internal.reflect.NativeConstructorAccessorImpl.newInstance0(Native Method)
at java.base/jdk.internal.reflect.NativeConstructorAccessorImpl.newInstance(NativeConstructorAccessorImpl.java:77)
at java.base/jdk.internal.reflect.DelegatingConstructorAccessorImpl.newInstance(DelegatingConstructorAccessorImpl.java:45)
at java.base/java.lang.reflect.Constructor.newInstanceWithCaller(Constructor.java:499)
at java.base/java.lang.reflect.Constructor.newInstance(Constructor.java:480)
at org.openqa.selenium.remote.W3CHandshakeResponse.lambda$errorHandler$0(W3CHandshakeResponse.java:62)
at org.openqa.selenium.remote.HandshakeResponse.lambda$getResponseFunction$0(HandshakeResponse.java:30)
at org.openqa.selenium.remote.ProtocolHandshake.lambda$createSession$0(ProtocolHandshake.java:126)
at java.base/java.util.stream.ReferencePipeline$3$1.accept(ReferencePipeline.java:197)
at java.base/java.util.Spliterators$ArraySpliterator.tryAdvance(Spliterators.java:1002)
at java.base/java.util.stream.ReferencePipeline.forEachWithCancel(ReferencePipeline.java:129)
at java.base/java.util.stream.AbstractPipeline.copyIntoWithCancel(AbstractPipeline.java:527)
at java.base/java.util.stream.AbstractPipeline.copyInto(AbstractPipeline.java:513)
at java.base/java.util.stream.AbstractPipeline.wrapAndCopyInto(AbstractPipeline.java:499)
at java.base/java.util.stream.FindOps$FindOp.evaluateSequential(FindOps.java:150)
at java.base/java.util.stream.AbstractPipeline.evaluate(AbstractPipeline.java:234)
at java.base/java.util.stream.ReferencePipeline.findFirst(ReferencePipeline.java:647)
at org.openqa.selenium.remote.ProtocolHandshake.createSession(ProtocolHandshake.java:128)
at org.openqa.selenium.remote.ProtocolHandshake.createSession(ProtocolHandshake.java:74)
at org.openqa.selenium.remote.HttpCommandExecutor.execute(HttpCommandExecutor.java:136)
at org.openqa.selenium.remote.service.DriverCommandExecutor.execute(DriverCommandExecutor.java:83)
at org.openqa.selenium.remote.RemoteWebDriver.execute(RemoteWebDriver.java:552)
at org.openqa.selenium.remote.RemoteWebDriver.startSession(RemoteWebDriver.java:213)
at org.openqa.selenium.remote.RemoteWebDriver.<init>(RemoteWebDriver.java:131)
at org.openqa.selenium.edge.EdgeDriver.<init>(EdgeDriver.java:141)
at org.openqa.selenium.edge.EdgeDriver.<init>(EdgeDriver.java:96)
at basepackage.BaseTest.initiate(BaseTest.java:66)
at testpackage.LoginPageTest.preTest(LoginPageTest.java:21)
at java.base/jdk.internal.reflect.NativeMethodAccessorImpl.invoke0(Native Method)
at java.base/jdk.internal.reflect.NativeMethodAccessorImpl.invoke(NativeMethodAccessorImpl.java:77)
at java.base/jdk.internal.reflect.DelegatingMethodAccessorImpl.invoke(DelegatingMethodAccessorImpl.java:43)
at java.base/java.lang.reflect.Method.invoke(Method.java:568)
at org.testng.internal.invokers.MethodInvocationHelper.invokeMethod(MethodInvocationHelper.java:139)
at org.testng.internal.invokers.MethodInvocationHelper.invokeMethodConsideringTimeout(MethodInvocationHelper.java:69)
at org.testng.internal.invokers.ConfigInvoker.invokeConfigurationMethod(ConfigInvoker.java:361)
at org.testng.internal.invokers.ConfigInvoker.invokeConfigurations(ConfigInvoker.java:296)
at org.testng.TestRunner.invokeTestConfigurations(TestRunner.java:643)
at org.testng.TestRunner.beforeRun(TestRunner.java:632)
at org.testng.TestRunner.run(TestRunner.java:594)
at org.testng.SuiteRunner.runTest(SuiteRunner.java:433)
at org.testng.SuiteRunner.runSequentially(SuiteRunner.java:427)
at org.testng.SuiteRunner.privateRun(SuiteRunner.java:387)
at org.testng.SuiteRunner.run(SuiteRunner.java:330)
at org.testng.SuiteRunnerWorker.runSuite(SuiteRunnerWorker.java:52)
at org.testng.SuiteRunnerWorker.run(SuiteRunnerWorker.java:95)
at org.testng.TestNG.runSuitesSequentially(TestNG.java:1256)
at org.testng.TestNG.runSuitesLocally(TestNG.java:1176)
at org.testng.TestNG.runSuites(TestNG.java:1099)
at org.testng.TestNG.run(TestNG.java:1067)
at org.apache.maven.surefire.testng.TestNGExecutor.run(TestNGExecutor.java:77)
at org.apache.maven.surefire.testng.TestNGDirectoryTestSuite.executeMulti(TestNGDirectoryTestSuite.java:159)
at org.apache.maven.surefire.testng.TestNGDirectoryTestSuite.execute(TestNGDirectoryTestSuite.java:99)
at org.apache.maven.surefire.testng.TestNGProvider.invoke(TestNGProvider.java:106)
at java.base/jdk.internal.reflect.NativeMethodAccessorImpl.invoke0(Native Method)
at java.base/jdk.internal.reflect.NativeMethodAccessorImpl.invoke(NativeMethodAccessorImpl.java:77)
at java.base/jdk.internal.reflect.DelegatingMethodAccessorImpl.invoke(DelegatingMethodAccessorImpl.java:43)
at java.base/java.lang.reflect.Method.invoke(Method.java:568)
at org.apache.maven.surefire.util.ReflectionUtils.invokeMethodWithArray(ReflectionUtils.java:189)
at org.apache.maven.surefire.booter.ProviderFactory$ProviderProxy.invoke(ProviderFactory.java:165)
at org.apache.maven.surefire.booter.ProviderFactory.invokeProvider(ProviderFactory.java:85)
at org.apache.maven.surefire.booter.ForkedBooter.runSuitesInProcess(ForkedBooter.java:115)
at org.apache.maven.surefire.booter.ForkedBooter.main(ForkedBooter.java:75)
]]>
            </full-stacktrace>
          </exception> <!-- org.openqa.selenium.WebDriverException -->
          <reporter-output>
          </reporter-output>
        </test-method> <!-- DragtestforA -->
        <test-method is-config="true" signature="StartSignInTest()[pri:0, instance:testpackage.DragandDropTest@1ab3a8c8]" started-at="2022-12-08T22:01:14 GMT-05:00" name="StartSignInTest" finished-at="2022-12-08T22:01:14 GMT-05:00" duration-ms="0" status="SKIP">
          <reporter-output>
          </reporter-output>
        </test-method> <!-- StartSignInTest -->
        <test-method signature="DragtestforB()[pri:0, instance:testpackage.DragandDropTest@1ab3a8c8]" started-at="2022-12-08T22:01:14 GMT-05:00" name="DragtestforB" finished-at="2022-12-08T22:01:14 GMT-05:00" duration-ms="0" status="SKIP">
          <exception class="org.openqa.selenium.WebDriverException">
            <message>
              <![CDATA[unknown error: Microsoft Edge failed to start: exited normally.
  (unknown error: DevToolsActivePort file doesn't exist)
  (The process started from msedge location C:\Program Files (x86)\Microsoft\Edge\Application\msedge.exe is no longer running, so msedgedriver is assuming that msedge has crashed.)
Build info: version: '3.141.59', revision: 'e82be7d358', time: '2018-11-14T08:17:03'
System info: host: 'LAPTOP-MVNUQ4K1', ip: '192.168.48.1', os.name: 'Windows 11', os.arch: 'amd64', os.version: '10.0', java.version: '17.0.3.1'
Driver info: driver.version: EdgeDriver
remote stacktrace: Backtrace:
Microsoft::Applications::Events::EventProperties::SetProperty [0x00007FF652A291A2+14306]
Microsoft::Applications::Events::EventProperty::EventProperty [0x00007FF6529B0962+842818]
(No symbol) [0x00007FF652661D90]
(No symbol) [0x00007FF65268EEC5]
(No symbol) [0x00007FF652689DCF]
(No symbol) [0x00007FF6526CE027]
(No symbol) [0x00007FF6526CD3BA]
(No symbol) [0x00007FF6526C5B03]
(No symbol) [0x00007FF6526973B8]
(No symbol) [0x00007FF65269638E]
(No symbol) [0x00007FF652697AE4]
Microsoft::Applications::Events::EventProperty::EventProperty [0x00007FF6528FFDF8+119000]
Microsoft::Applications::Events::EventProperty::EventProperty [0x00007FF6528ED4D6+42934]
Microsoft::Applications::Events::EventProperty::EventProperty [0x00007FF6528F06EC+55756]
(No symbol) [0x00007FF652767923]
Microsoft::Applications::Events::EventProperty::EventProperty [0x00007FF6529B841A+874234]
Microsoft::Applications::Events::EventProperty::EventProperty [0x00007FF6529BD514+894964]
Microsoft::Applications::Events::EventProperty::EventProperty [0x00007FF6529BD66C+895308]
Microsoft::Applications::Events::EventProperty::EventProperty [0x00007FF6529C678E+932462]
BaseThreadInitThunk [0x00007FFAFC86244D+29]
RtlUserThreadStart [0x00007FFAFE06DFB8+40]
]]>
            </message>
            <full-stacktrace>
              <![CDATA[org.openqa.selenium.WebDriverException: unknown error: Microsoft Edge failed to start: exited normally.
  (unknown error: DevToolsActivePort file doesn't exist)
  (The process started from msedge location C:\Program Files (x86)\Microsoft\Edge\Application\msedge.exe is no longer running, so msedgedriver is assuming that msedge has crashed.)
Build info: version: '3.141.59', revision: 'e82be7d358', time: '2018-11-14T08:17:03'
System info: host: 'LAPTOP-MVNUQ4K1', ip: '192.168.48.1', os.name: 'Windows 11', os.arch: 'amd64', os.version: '10.0', java.version: '17.0.3.1'
Driver info: driver.version: EdgeDriver
remote stacktrace: Backtrace:
Microsoft::Applications::Events::EventProperties::SetProperty [0x00007FF652A291A2+14306]
Microsoft::Applications::Events::EventProperty::EventProperty [0x00007FF6529B0962+842818]
(No symbol) [0x00007FF652661D90]
(No symbol) [0x00007FF65268EEC5]
(No symbol) [0x00007FF652689DCF]
(No symbol) [0x00007FF6526CE027]
(No symbol) [0x00007FF6526CD3BA]
(No symbol) [0x00007FF6526C5B03]
(No symbol) [0x00007FF6526973B8]
(No symbol) [0x00007FF65269638E]
(No symbol) [0x00007FF652697AE4]
Microsoft::Applications::Events::EventProperty::EventProperty [0x00007FF6528FFDF8+119000]
Microsoft::Applications::Events::EventProperty::EventProperty [0x00007FF6528ED4D6+42934]
Microsoft::Applications::Events::EventProperty::EventProperty [0x00007FF6528F06EC+55756]
(No symbol) [0x00007FF652767923]
Microsoft::Applications::Events::EventProperty::EventProperty [0x00007FF6529B841A+874234]
Microsoft::Applications::Events::EventProperty::EventProperty [0x00007FF6529BD514+894964]
Microsoft::Applications::Events::EventProperty::EventProperty [0x00007FF6529BD66C+895308]
Microsoft::Applications::Events::EventProperty::EventProperty [0x00007FF6529C678E+932462]
BaseThreadInitThunk [0x00007FFAFC86244D+29]
RtlUserThreadStart [0x00007FFAFE06DFB8+40]

at java.base/jdk.internal.reflect.NativeConstructorAccessorImpl.newInstance0(Native Method)
at java.base/jdk.internal.reflect.NativeConstructorAccessorImpl.newInstance(NativeConstructorAccessorImpl.java:77)
at java.base/jdk.internal.reflect.DelegatingConstructorAccessorImpl.newInstance(DelegatingConstructorAccessorImpl.java:45)
at java.base/java.lang.reflect.Constructor.newInstanceWithCaller(Constructor.java:499)
at java.base/java.lang.reflect.Constructor.newInstance(Constructor.java:480)
at org.openqa.selenium.remote.W3CHandshakeResponse.lambda$errorHandler$0(W3CHandshakeResponse.java:62)
at org.openqa.selenium.remote.HandshakeResponse.lambda$getResponseFunction$0(HandshakeResponse.java:30)
at org.openqa.selenium.remote.ProtocolHandshake.lambda$createSession$0(ProtocolHandshake.java:126)
at java.base/java.util.stream.ReferencePipeline$3$1.accept(ReferencePipeline.java:197)
at java.base/java.util.Spliterators$ArraySpliterator.tryAdvance(Spliterators.java:1002)
at java.base/java.util.stream.ReferencePipeline.forEachWithCancel(ReferencePipeline.java:129)
at java.base/java.util.stream.AbstractPipeline.copyIntoWithCancel(AbstractPipeline.java:527)
at java.base/java.util.stream.AbstractPipeline.copyInto(AbstractPipeline.java:513)
at java.base/java.util.stream.AbstractPipeline.wrapAndCopyInto(AbstractPipeline.java:499)
at java.base/java.util.stream.FindOps$FindOp.evaluateSequential(FindOps.java:150)
at java.base/java.util.stream.AbstractPipeline.evaluate(AbstractPipeline.java:234)
at java.base/java.util.stream.ReferencePipeline.findFirst(ReferencePipeline.java:647)
at org.openqa.selenium.remote.ProtocolHandshake.createSession(ProtocolHandshake.java:128)
at org.openqa.selenium.remote.ProtocolHandshake.createSession(ProtocolHandshake.java:74)
at org.openqa.selenium.remote.HttpCommandExecutor.execute(HttpCommandExecutor.java:136)
at org.openqa.selenium.remote.service.DriverCommandExecutor.execute(DriverCommandExecutor.java:83)
at org.openqa.selenium.remote.RemoteWebDriver.execute(RemoteWebDriver.java:552)
at org.openqa.selenium.remote.RemoteWebDriver.startSession(RemoteWebDriver.java:213)
at org.openqa.selenium.remote.RemoteWebDriver.<init>(RemoteWebDriver.java:131)
at org.openqa.selenium.edge.EdgeDriver.<init>(EdgeDriver.java:141)
at org.openqa.selenium.edge.EdgeDriver.<init>(EdgeDriver.java:96)
at basepackage.BaseTest.initiate(BaseTest.java:66)
at testpackage.LoginPageTest.preTest(LoginPageTest.java:21)
at java.base/jdk.internal.reflect.NativeMethodAccessorImpl.invoke0(Native Method)
at java.base/jdk.internal.reflect.NativeMethodAccessorImpl.invoke(NativeMethodAccessorImpl.java:77)
at java.base/jdk.internal.reflect.DelegatingMethodAccessorImpl.invoke(DelegatingMethodAccessorImpl.java:43)
at java.base/java.lang.reflect.Method.invoke(Method.java:568)
at org.testng.internal.invokers.MethodInvocationHelper.invokeMethod(MethodInvocationHelper.java:139)
at org.testng.internal.invokers.MethodInvocationHelper.invokeMethodConsideringTimeout(MethodInvocationHelper.java:69)
at org.testng.internal.invokers.ConfigInvoker.invokeConfigurationMethod(ConfigInvoker.java:361)
at org.testng.internal.invokers.ConfigInvoker.invokeConfigurations(ConfigInvoker.java:296)
at org.testng.TestRunner.invokeTestConfigurations(TestRunner.java:643)
at org.testng.TestRunner.beforeRun(TestRunner.java:632)
at org.testng.TestRunner.run(TestRunner.java:594)
at org.testng.SuiteRunner.runTest(SuiteRunner.java:433)
at org.testng.SuiteRunner.runSequentially(SuiteRunner.java:427)
at org.testng.SuiteRunner.privateRun(SuiteRunner.java:387)
at org.testng.SuiteRunner.run(SuiteRunner.java:330)
at org.testng.SuiteRunnerWorker.runSuite(SuiteRunnerWorker.java:52)
at org.testng.SuiteRunnerWorker.run(SuiteRunnerWorker.java:95)
at org.testng.TestNG.runSuitesSequentially(TestNG.java:1256)
at org.testng.TestNG.runSuitesLocally(TestNG.java:1176)
at org.testng.TestNG.runSuites(TestNG.java:1099)
at org.testng.TestNG.run(TestNG.java:1067)
at org.apache.maven.surefire.testng.TestNGExecutor.run(TestNGExecutor.java:77)
at org.apache.maven.surefire.testng.TestNGDirectoryTestSuite.executeMulti(TestNGDirectoryTestSuite.java:159)
at org.apache.maven.surefire.testng.TestNGDirectoryTestSuite.execute(TestNGDirectoryTestSuite.java:99)
at org.apache.maven.surefire.testng.TestNGProvider.invoke(TestNGProvider.java:106)
at java.base/jdk.internal.reflect.NativeMethodAccessorImpl.invoke0(Native Method)
at java.base/jdk.internal.reflect.NativeMethodAccessorImpl.invoke(NativeMethodAccessorImpl.java:77)
at java.base/jdk.internal.reflect.DelegatingMethodAccessorImpl.invoke(DelegatingMethodAccessorImpl.java:43)
at java.base/java.lang.reflect.Method.invoke(Method.java:568)
at org.apache.maven.surefire.util.ReflectionUtils.invokeMethodWithArray(ReflectionUtils.java:189)
at org.apache.maven.surefire.booter.ProviderFactory$ProviderProxy.invoke(ProviderFactory.java:165)
at org.apache.maven.surefire.booter.ProviderFactory.invokeProvider(ProviderFactory.java:85)
at org.apache.maven.surefire.booter.ForkedBooter.runSuitesInProcess(ForkedBooter.java:115)
at org.apache.maven.surefire.booter.ForkedBooter.main(ForkedBooter.java:75)
]]>
            </full-stacktrace>
          </exception> <!-- org.openqa.selenium.WebDriverException -->
          <reporter-output>
          </reporter-output>
        </test-method> <!-- DragtestforB -->
        <test-method is-config="true" signature="StartSignInTest()[pri:0, instance:testpackage.DragandDropTest@1ab3a8c8]" started-at="2022-12-08T22:01:14 GMT-05:00" name="StartSignInTest" finished-at="2022-12-08T22:01:14 GMT-05:00" duration-ms="0" status="SKIP">
          <reporter-output>
          </reporter-output>
        </test-method> <!-- StartSignInTest -->
      </class> <!-- testpackage.DragandDropTest -->
    </test> <!-- Command line test -->
  </suite> <!-- Command line suite -->
</testng-results>
