<?xml version="1.0" encoding="UTF-8" ?>
<testsuite tests="85" failures="3" name="TestSuite" time="42.501" errors="0" skipped="0">
  <properties>
    <property name="java.runtime.name" value="Java(TM) SE Runtime Environment"/>
    <property name="java.vm.version" value="17.0.8+9-LTS-211"/>
    <property name="sun.boot.library.path" value="C:\Program Files\Java\jdk-17\bin"/>
    <property name="maven.multiModuleProjectDirectory" value="C:\Users\shiva\eclipse-workspace\TheInternet"/>
    <property name="java.vm.vendor" value="Oracle Corporation"/>
    <property name="java.vendor.url" value="https://java.oracle.com/"/>
    <property name="guice.disable.misplaced.annotation.check" value="true"/>
    <property name="path.separator" value=";"/>
    <property name="java.vm.name" value="Java HotSpot(TM) 64-Bit Server VM"/>
    <property name="sun.os.patch.level" value=""/>
    <property name="user.script" value=""/>
    <property name="user.country" value="IN"/>
    <property name="sun.java.launcher" value="SUN_STANDARD"/>
    <property name="java.vm.specification.name" value="Java Virtual Machine Specification"/>
    <property name="user.dir" value="C:\Users\shiva\eclipse-workspace\TheInternet"/>
    <property name="java.vm.compressedOopsMode" value="32-bit"/>
    <property name="java.runtime.version" value="17.0.8+9-LTS-211"/>
    <property name="os.arch" value="amd64"/>
    <property name="java.io.tmpdir" value="C:\Users\shiva\AppData\Local\Temp\"/>
    <property name="line.separator" value="
"/>
    <property name="java.vm.specification.vendor" value="Oracle Corporation"/>
    <property name="user.variant" value=""/>
    <property name="os.name" value="Windows 11"/>
    <property name="classworlds.conf" value="C:\Program Files\apache-maven-3.8.6\bin\m2.conf"/>
    <property name="sun.jnu.encoding" value="Cp1252"/>
    <property name="java.library.path" value="C:\Program Files\Java\jdk-17\bin;C:\WINDOWS\Sun\Java\bin;C:\WINDOWS\system32;C:\WINDOWS;C:\Program Files\Common Files\Oracle\Java\javapath;C:\Program Files (x86)\Common Files\Oracle\Java\javapath;C:\Windows\system32;C:\Windows;C:\Windows\System32\Wbem;C:\Windows\System32\WindowsPowerShell\v1.0\;C:\Windows\System32\OpenSSH\;C:\Program Files\NVIDIA Corporation\NVIDIA NGX;C:\Program Files\NVIDIA Corporation\NVIDIA NvDLISR;C:\Program Files (x86)\Windows Kits\8.1\Windows Performance Toolkit\;C:\Program Files\Polyspace\R2019a\bin;C:\WINDOWS\system32;C:\WINDOWS;C:\WINDOWS\System32\Wbem;C:\WINDOWS\System32\WindowsPowerShell\v1.0\;C:\WINDOWS\System32\OpenSSH\;C:\Program Files\Microsoft SQL Server\Client SDK\ODBC\110\Tools\Binn\;C:\Program Files (x86)\Microsoft SQL Server\120\Tools\Binn\;C:\Program Files\Microsoft SQL Server\120\Tools\Binn\;C:\Program Files\Microsoft SQL Server\120\DTS\Binn\;C:\Program Files\Git\cmd;C:\Program Files (x86)\Microsoft SQL Server\120\Tools\Binn\ManagementStudio\;C:\Program Files (x86)\Microsoft SQL Server\120\DTS\Binn\;C:\Program Files (x86)\dotnet\;C:\Users\shiva\AppData\Local\Android\Sdk\platform-tools;C:\Users\shiva\AppData\Local\Android\Sdk\build-tools;C:\Users\shiva\AppData\Local\Android\Sdk\tools;C:\Program Files\Android\Android Studio\bin;C:\Program Files\Docker\Docker\resources\bin;C:\ProgramData\DockerDesktop\version-bin;S:\Kubectl;C:\Program Files\Kubernetes\Minikube;C:\WINDOWS\system32;C:\WINDOWS;C:\WINDOWS\System32\Wbem;C:\WINDOWS\System32\WindowsPowerShell\v1.0\;C:\WINDOWS\System32\OpenSSH\;C:\Program Files\apache-maven-3.8.6\bin;C:\Program Files\nodejs\;C:\ProgramData\chocolatey\bin;C:\Program Files\Java\jdk-17\bin;C:\Users\shiva\AppData\Local\GitHubDesktop\bin;C:\Users\shiva\AppData\Local\Programs\Python\Python310\;C:\Users\shiva\AppData\Local\Programs\Python\Python310\Scripts\;C:\Users\shiva\AppData\Local\Microsoft\WindowsApps;C:\Users\shiva\AppData\Roaming\npm;C:\Program Files\JetBrains\IntelliJ IDEA Community Edition 2022.3.3\bin;;."/>
    <property name="maven.conf" value="C:\Program Files\apache-maven-3.8.6/conf"/>
    <property name="jdk.debug" value="release"/>
    <property name="java.class.version" value="61.0"/>
    <property name="java.specification.name" value="Java Platform API Specification"/>
    <property name="sun.management.compiler" value="HotSpot 64-Bit Tiered Compilers"/>
    <property name="os.version" value="10.0"/>
    <property name="library.jansi.path" value="C:\Program Files\apache-maven-3.8.6\lib\jansi-native"/>
    <property name="user.home" value="C:\Users\shiva"/>
    <property name="user.timezone" value="America/New_York"/>
    <property name="file.encoding" value="Cp1252"/>
    <property name="java.specification.version" value="17"/>
    <property name="user.name" value="shiva"/>
    <property name="java.class.path" value="C:\Program Files\apache-maven-3.8.6\boot\plexus-classworlds-2.6.0.jar"/>
    <property name="java.vm.specification.version" value="17"/>
    <property name="sun.arch.data.model" value="64"/>
    <property name="sun.java.command" value="org.codehaus.plexus.classworlds.launcher.Launcher clean install"/>
    <property name="java.home" value="C:\Program Files\Java\jdk-17"/>
    <property name="user.language" value="en"/>
    <property name="java.specification.vendor" value="Oracle Corporation"/>
    <property name="java.vm.info" value="mixed mode, sharing"/>
    <property name="java.version" value="17.0.8"/>
    <property name="native.encoding" value="Cp1252"/>
    <property name="java.vendor" value="Oracle Corporation"/>
    <property name="sun.stderr.encoding" value="cp437"/>
    <property name="maven.home" value="C:\Program Files\apache-maven-3.8.6"/>
    <property name="file.separator" value="\"/>
    <property name="java.version.date" value="2023-07-18"/>
    <property name="java.vendor.url.bug" value="https://bugreport.java.com/bugreport/"/>
    <property name="sun.io.unicode.encoding" value="UnicodeLittle"/>
    <property name="sun.cpu.endian" value="little"/>
    <property name="sun.stdout.encoding" value="cp437"/>
    <property name="sun.cpu.isalist" value="amd64"/>
  </properties>
  <testcase classname="testpackage.CheckBoxTest" name="CheckedCheckBoxtest" time="0.16"/>
  <testcase classname="testpackage.CheckBoxTest" name="UncheckedCheckBoxtest" time="0.124"/>
  <testcase classname="testpackage.ContextmenuTest" name="alerttest" time="0.156"/>
  <testcase classname="testpackage.DragandDropTest" name="DragtestforA" time="0.338"/>
  <testcase classname="testpackage.DragandDropTest" name="DragtestforB" time="0.315"/>
  <testcase classname="testpackage.DynamiccontentTest" name="Dynamiccontent1test" time="0.141"/>
  <testcase classname="testpackage.DynamiccontentTest" name="Dynamiccontent2test" time="0.13"/>
  <testcase classname="testpackage.DynamiccontentTest" name="Dynamiccontent3test" time="0.139"/>
  <testcase classname="testpackage.DynamicLoadingTest" name="startbuttontest" time="5.683"/>
  <testcase classname="testpackage.IndexTest" name="allIndexTabTest" time="0.172"/>
  <testcase classname="testpackage.IndexTest" name="alternativesTabTest" time="0.185"/>
  <testcase classname="testpackage.IndexTest" name="assetTypeTest" time="0.622"/>
  <testcase classname="testpackage.IndexTest" name="dayColumntest" time="0.16"/>
  <testcase classname="testpackage.IndexTest" name="equityTabTest" time="0.189"/>
  <testcase classname="testpackage.IndexTest" name="esgTabTest" time="0.178"/>
  <testcase classname="testpackage.IndexTest" name="fixedIncomeTabTest" time="0.213"/>
  <testcase classname="testpackage.IndexTest" name="geoRegionTest" time="2.499"/>
  <testcase classname="testpackage.IndexTest" name="indexByKeywordTest" time="0.286"/>
  <testcase classname="testpackage.IndexTest" name="indexByNameTest" time="0.13"/>
  <testcase classname="testpackage.IndexTest" name="indexFamilyTest" time="18.478"/>
  <testcase classname="testpackage.IndexTest" name="indexType" time="0.295"/>
  <testcase classname="testpackage.IndexTest" name="marketingTextTest" time="0.02"/>
  <testcase classname="testpackage.IndexTest" name="multiAssetTabTest" time="0.167"/>
  <testcase classname="testpackage.IndexTest" name="privateMarketTabTest" time="0.172"/>
  <testcase classname="testpackage.IndexTest" name="result_10test" time="0.004">
    <failure message="current thread is not owner" type="java.lang.IllegalMonitorStateException">java.lang.IllegalMonitorStateException: current thread is not owner
	at java.base/java.lang.Object.wait(Native Method)
	at pagepackage.Index.result10(Index.java:222)
	at testpackage.IndexTest.result_10test(IndexTest.java:81)
</failure>
  </testcase>
  <testcase classname="testpackage.IndexTest" name="result_20test" time="0.001">
    <failure message="current thread is not owner" type="java.lang.IllegalMonitorStateException">java.lang.IllegalMonitorStateException: current thread is not owner
	at java.base/java.lang.Object.wait(Native Method)
	at pagepackage.Index.result20(Index.java:231)
	at testpackage.IndexTest.result_20test(IndexTest.java:86)
</failure>
  </testcase>
  <testcase classname="testpackage.IndexTest" name="result_50test" time="0.002">
    <failure message="current thread is not owner" type="java.lang.IllegalMonitorStateException">java.lang.IllegalMonitorStateException: current thread is not owner
	at java.base/java.lang.Object.wait(Native Method)
	at pagepackage.Index.result50(Index.java:239)
	at testpackage.IndexTest.result_50test(IndexTest.java:91)
</failure>
  </testcase>
  <testcase classname="testpackage.IndexTest" name="tabListTest" time="0.144"/>
  <testcase classname="testpackage.IndexTest" name="weekColumntest" time="0.185"/>
  <testcase classname="testpackage.JSAlertTest" name="jsalerttest" time="0.173"/>
  <testcase classname="testpackage.JSAlertTest" name="jsconfirmtest" time="0.186"/>
  <testcase classname="testpackage.JSAlertTest" name="jsprompttest" time="0.203"/>
  <testcase classname="testpackage.LoginPageTest" name="loginbuttontest" time="0.234"/>
  <testcase classname="testpackage.LoginPageTest" name="failloginbuttontest" time="0.297"/>
  <testcase classname="testpackage.LoginPageTest" name="failloginbuttontest" time="0.176"/>
  <testcase classname="testpackage.LoginPageTest" name="failloginbuttontest" time="0.241"/>
  <testcase classname="testpackage.LoginPageTest" name="failloginbuttontest" time="0.192"/>
  <testcase classname="testpackage.LoginPageTest" name="failloginbuttontest" time="0.178"/>
  <testcase classname="testpackage.LoginPageTest" name="failloginbuttontest" time="0.201"/>
  <testcase classname="testpackage.LoginPageTest" name="failloginbuttontest" time="0.201"/>
  <testcase classname="testpackage.LoginPageTest" name="failloginbuttontest" time="0.189"/>
  <testcase classname="testpackage.LoginPageTest" name="failloginbuttontest" time="0.194"/>
  <testcase classname="testpackage.LoginPageTest" name="failloginbuttontest" time="0.194"/>
  <testcase classname="testpackage.LoginPageTest" name="failloginbuttontest" time="0.177"/>
  <testcase classname="testpackage.LoginPageTest" name="failloginbuttontest" time="0.255"/>
  <testcase classname="testpackage.LoginPageTest" name="failloginbuttontest" time="0.184"/>
  <testcase classname="testpackage.LoginPageTest" name="failloginbuttontest" time="0.183"/>
  <testcase classname="testpackage.LoginPageTest" name="failloginbuttontest" time="0.198"/>
  <testcase classname="testpackage.LoginPageTest" name="failloginbuttontest" time="0.194"/>
  <testcase classname="testpackage.LoginPageTest" name="failloginbuttontest" time="0.273"/>
  <testcase classname="testpackage.LoginPageTest" name="failloginbuttontest" time="0.175"/>
  <testcase classname="testpackage.LoginPageTest" name="failloginbuttontest" time="0.198"/>
  <testcase classname="testpackage.LoginPageTest" name="failloginbuttontest" time="0.189"/>
  <testcase classname="testpackage.LoginPageTest" name="failloginbuttontest" time="0.182"/>
  <testcase classname="testpackage.LoginPageTest" name="failloginbuttontest" time="0.264"/>
  <testcase classname="testpackage.LoginPageTest" name="failloginbuttontest" time="0.21"/>
  <testcase classname="testpackage.LoginPageTest" name="failloginbuttontest" time="0.2"/>
  <testcase classname="testpackage.LoginPageTest" name="failloginbuttontest" time="0.18"/>
  <testcase classname="testpackage.LoginPageTest" name="failloginbuttontest" time="0.197"/>
  <testcase classname="testpackage.LoginPageTest" name="failloginbuttontest" time="0.187"/>
  <testcase classname="testpackage.LoginPageTest" name="failloginbuttontest" time="0.197"/>
  <testcase classname="testpackage.LoginPageTest" name="failloginbuttontest" time="0.192"/>
  <testcase classname="testpackage.LoginPageTest" name="failloginbuttontest" time="0.179"/>
  <testcase classname="testpackage.LoginPageTest" name="failloginbuttontest" time="0.186"/>
  <testcase classname="testpackage.LoginPageTest" name="failloginbuttontest" time="0.187"/>
  <testcase classname="testpackage.LoginPageTest" name="failloginbuttontest" time="0.226"/>
  <testcase classname="testpackage.LoginPageTest" name="failloginbuttontest" time="0.205"/>
  <testcase classname="testpackage.LoginPageTest" name="failloginbuttontest" time="0.183"/>
  <testcase classname="testpackage.LoginPageTest" name="failloginbuttontest" time="0.302"/>
  <testcase classname="testpackage.LoginPageTest" name="failloginbuttontest" time="0.198"/>
  <testcase classname="testpackage.LoginPageTest" name="failloginbuttontest" time="0.181"/>
  <testcase classname="testpackage.LoginPageTest" name="failloginbuttontest" time="0.181"/>
  <testcase classname="testpackage.LoginPageTest" name="failloginbuttontest" time="0.176"/>
  <testcase classname="testpackage.LoginPageTest" name="failloginbuttontest" time="0.242"/>
  <testcase classname="testpackage.LoginPageTest" name="failloginbuttontest" time="0.235"/>
  <testcase classname="testpackage.LoginPageTest" name="failloginbuttontest" time="0.264"/>
  <testcase classname="testpackage.LoginPageTest" name="failloginbuttontest" time="0.197"/>
  <testcase classname="testpackage.LoginPageTest" name="failloginbuttontest" time="0.203"/>
  <testcase classname="testpackage.LoginPageTest" name="failloginbuttontest" time="0.176"/>
  <testcase classname="testpackage.LoginPageTest" name="failloginbuttontest" time="0.255"/>
  <testcase classname="testpackage.LoginPageTest" name="failloginbuttontest" time="0.173"/>
  <testcase classname="testpackage.LoginPageTest" name="failloginbuttontest" time="0.192"/>
  <testcase classname="testpackage.MousHoverTest" name="img1test" time="0.17"/>
  <testcase classname="testpackage.NewTabTest" name="tabtest" time="0.006"/>
  <testcase classname="testpackage.NotificationTest" name="notificationtest" time="0.202"/>
</testsuite>