<?xml version="1.0" encoding="UTF-8" ?>
<testsuite tests="85" failures="3" name="TestSuite" time="42.501" errors="0" skipped="0">
  <properties>
[...]
</properties>
  <testcase classname="testpackage.CheckBoxTest" name="CheckedCheckBoxtest" time="0.16"/>
  <testcase classname="testpackage.CheckBoxTest" name="UncheckedCheckBoxtest" time="0.124"/>
  <testcase classname="testpackage.ContextmenuTest" name="alerttest" time="0.156"/>
  <testcase classname="testpackage.DragandDropTest" name="DragtestforA" time="0.338"/>
  <testcase classname="testpackage.DragandDropTest" name="DragtestforB" time="0.315"/>
  <testcase classname="testpackage.DynamiccontentTest" name="Dynamiccontent1test" time="0.141"/>
  <testcase classname="testpackage.DynamiccontentTest" name="Dynamiccontent2test" time="0.13"/>
  <testcase classname="testpackage.DynamiccontentTest" name="Dynamiccontent3test" time="0.139"/>
  <testcase classname="testpackage.DynamicLoadingTest" name="startbuttontest" time="5.683"/>
  <testcase classname="testpackage.IndexTest" name="allIndexTabTest" time="0.172"/>
  <testcase classname="testpackage.IndexTest" name="alternativesTabTest" time="0.185"/>
  <testcase classname="testpackage.IndexTest" name="assetTypeTest" time="0.622"/>
  <testcase classname="testpackage.IndexTest" name="dayColumntest" time="0.16"/>
  <testcase classname="testpackage.IndexTest" name="equityTabTest" time="0.189"/>
  <testcase classname="testpackage.IndexTest" name="esgTabTest" time="0.178"/>
  <testcase classname="testpackage.IndexTest" name="fixedIncomeTabTest" time="0.213"/>
  <testcase classname="testpackage.IndexTest" name="geoRegionTest" time="2.499"/>
  <testcase classname="testpackage.IndexTest" name="indexByKeywordTest" time="0.286"/>
  <testcase classname="testpackage.IndexTest" name="indexByNameTest" time="0.13"/>
  <testcase classname="testpackage.IndexTest" name="indexFamilyTest" time="18.478"/>
  <testcase classname="testpackage.IndexTest" name="indexType" time="0.295"/>
  <testcase classname="testpackage.IndexTest" name="marketingTextTest" time="0.02"/>
  <testcase classname="testpackage.IndexTest" name="multiAssetTabTest" time="0.167"/>
  <testcase classname="testpackage.IndexTest" name="privateMarketTabTest" time="0.172"/>
  <testcase classname="testpackage.IndexTest" name="result_10test" time="0.004">
    <failure message="current thread is not owner" type="java.lang.IllegalMonitorStateException">java.lang.IllegalMonitorStateException: current thread is not owner
	at java.base/java.lang.Object.wait(Native Method)
	at pagepackage.Index.result10(Index.java:222)
	at testpackage.IndexTest.result_10test(IndexTest.java:81)
</failure>
  </testcase>
  <testcase classname="testpackage.IndexTest" name="result_20test" time="0.001">
    <failure message="current thread is not owner" type="java.lang.IllegalMonitorStateException">java.lang.IllegalMonitorStateException: current thread is not owner
	at java.base/java.lang.Object.wait(Native Method)
	at pagepackage.Index.result20(Index.java:231)
	at testpackage.IndexTest.result_20test(IndexTest.java:86)
</failure>
  </testcase>
  <testcase classname="testpackage.IndexTest" name="result_50test" time="0.002">
    <failure message="current thread is not owner" type="java.lang.IllegalMonitorStateException">java.lang.IllegalMonitorStateException: current thread is not owner
	at java.base/java.lang.Object.wait(Native Method)
	at pagepackage.Index.result50(Index.java:239)
	at testpackage.IndexTest.result_50test(IndexTest.java:91)
</failure>
  </testcase>
  <testcase classname="testpackage.IndexTest" name="tabListTest" time="0.144"/>
  <testcase classname="testpackage.IndexTest" name="weekColumntest" time="0.185"/>
  <testcase classname="testpackage.JSAlertTest" name="jsalerttest" time="0.173"/>
  <testcase classname="testpackage.JSAlertTest" name="jsconfirmtest" time="0.186"/>
  <testcase classname="testpackage.JSAlertTest" name="jsprompttest" time="0.203"/>
  <testcase classname="testpackage.LoginPageTest" name="loginbuttontest" time="0.234"/>
  <testcase classname="testpackage.LoginPageTest" name="failloginbuttontest" time="0.297"/>
  <testcase classname="testpackage.LoginPageTest" name="failloginbuttontest" time="0.176"/>
  <testcase classname="testpackage.LoginPageTest" name="failloginbuttontest" time="0.241"/>
  <testcase classname="testpackage.LoginPageTest" name="failloginbuttontest" time="0.192"/>
  <testcase classname="testpackage.LoginPageTest" name="failloginbuttontest" time="0.178"/>
  <testcase classname="testpackage.LoginPageTest" name="failloginbuttontest" time="0.201"/>
  <testcase classname="testpackage.LoginPageTest" name="failloginbuttontest" time="0.201"/>
  <testcase classname="testpackage.LoginPageTest" name="failloginbuttontest" time="0.189"/>
  <testcase classname="testpackage.LoginPageTest" name="failloginbuttontest" time="0.194"/>
  <testcase classname="testpackage.LoginPageTest" name="failloginbuttontest" time="0.194"/>
  <testcase classname="testpackage.LoginPageTest" name="failloginbuttontest" time="0.177"/>
  <testcase classname="testpackage.LoginPageTest" name="failloginbuttontest" time="0.255"/>
  <testcase classname="testpackage.LoginPageTest" name="failloginbuttontest" time="0.184"/>
  <testcase classname="testpackage.LoginPageTest" name="failloginbuttontest" time="0.183"/>
  <testcase classname="testpackage.LoginPageTest" name="failloginbuttontest" time="0.198"/>
  <testcase classname="testpackage.LoginPageTest" name="failloginbuttontest" time="0.194"/>
  <testcase classname="testpackage.LoginPageTest" name="failloginbuttontest" time="0.273"/>
  <testcase classname="testpackage.LoginPageTest" name="failloginbuttontest" time="0.175"/>
  <testcase classname="testpackage.LoginPageTest" name="failloginbuttontest" time="0.198"/>
  <testcase classname="testpackage.LoginPageTest" name="failloginbuttontest" time="0.189"/>
  <testcase classname="testpackage.LoginPageTest" name="failloginbuttontest" time="0.182"/>
  <testcase classname="testpackage.LoginPageTest" name="failloginbuttontest" time="0.264"/>
  <testcase classname="testpackage.LoginPageTest" name="failloginbuttontest" time="0.21"/>
  <testcase classname="testpackage.LoginPageTest" name="failloginbuttontest" time="0.2"/>
  <testcase classname="testpackage.LoginPageTest" name="failloginbuttontest" time="0.18"/>
  <testcase classname="testpackage.LoginPageTest" name="failloginbuttontest" time="0.197"/>
  <testcase classname="testpackage.LoginPageTest" name="failloginbuttontest" time="0.187"/>
  <testcase classname="testpackage.LoginPageTest" name="failloginbuttontest" time="0.197"/>
  <testcase classname="testpackage.LoginPageTest" name="failloginbuttontest" time="0.192"/>
  <testcase classname="testpackage.LoginPageTest" name="failloginbuttontest" time="0.179"/>
  <testcase classname="testpackage.LoginPageTest" name="failloginbuttontest" time="0.186"/>
  <testcase classname="testpackage.LoginPageTest" name="failloginbuttontest" time="0.187"/>
  <testcase classname="testpackage.LoginPageTest" name="failloginbuttontest" time="0.226"/>
  <testcase classname="testpackage.LoginPageTest" name="failloginbuttontest" time="0.205"/>
  <testcase classname="testpackage.LoginPageTest" name="failloginbuttontest" time="0.183"/>
  <testcase classname="testpackage.LoginPageTest" name="failloginbuttontest" time="0.302"/>
  <testcase classname="testpackage.LoginPageTest" name="failloginbuttontest" time="0.198"/>
  <testcase classname="testpackage.LoginPageTest" name="failloginbuttontest" time="0.181"/>
  <testcase classname="testpackage.LoginPageTest" name="failloginbuttontest" time="0.181"/>
  <testcase classname="testpackage.LoginPageTest" name="failloginbuttontest" time="0.176"/>
  <testcase classname="testpackage.LoginPageTest" name="failloginbuttontest" time="0.242"/>
  <testcase classname="testpackage.LoginPageTest" name="failloginbuttontest" time="0.235"/>
  <testcase classname="testpackage.LoginPageTest" name="failloginbuttontest" time="0.264"/>
  <testcase classname="testpackage.LoginPageTest" name="failloginbuttontest" time="0.197"/>
  <testcase classname="testpackage.LoginPageTest" name="failloginbuttontest" time="0.203"/>
  <testcase classname="testpackage.LoginPageTest" name="failloginbuttontest" time="0.176"/>
  <testcase classname="testpackage.LoginPageTest" name="failloginbuttontest" time="0.255"/>
  <testcase classname="testpackage.LoginPageTest" name="failloginbuttontest" time="0.173"/>
  <testcase classname="testpackage.LoginPageTest" name="failloginbuttontest" time="0.192"/>
  <testcase classname="testpackage.MousHoverTest" name="img1test" time="0.17"/>
  <testcase classname="testpackage.NewTabTest" name="tabtest" time="0.006"/>
  <testcase classname="testpackage.NotificationTest" name="notificationtest" time="0.202"/>
</testsuite>