<?xml version="1.0" encoding="UTF-8"?>
<testng-results ignored="30" total="77" passed="44" failed="2" skipped="1">
  <reporter-output>
  </reporter-output>
  <suite started-at="2022-12-21T20:10:55 GMT-05:00" name="Internet" finished-at="2022-12-21T20:13:30 GMT-05:00" duration-ms="154734">
    <groups>
    </groups>
    <test started-at="2022-12-21T20:10:55 GMT-05:00" name="EdgeTest" finished-at="2022-12-21T20:12:55 GMT-05:00" duration-ms="119641">
      <class name="testpackage.Floatingmenutest">
        <test-method is-config="true" signature="StartSignInTest()[pri:0, instance:testpackage.Floatingmenutest@776b83cc]" started-at="2022-12-21T20:11:23 GMT-05:00" name="StartSignInTest" finished-at="2022-12-21T20:11:24 GMT-05:00" duration-ms="1240" status="PASS">
          <reporter-output>
          </reporter-output>
        </test-method> <!-- StartSignInTest -->
        <test-method is-config="true" signature="getDriver()[pri:0, instance:testpackage.Floatingmenutest@776b83cc]" started-at="2022-12-21T20:11:23 GMT-05:00" name="getDriver" finished-at="2022-12-21T20:11:23 GMT-05:00" duration-ms="0" status="PASS">
          <reporter-output>
          </reporter-output>
        </test-method> <!-- getDriver -->
        <test-method signature="floatinmenutest()[pri:0, instance:testpackage.Floatingmenutest@776b83cc]" started-at="2022-12-21T20:11:24 GMT-05:00" name="floatinmenutest" finished-at="2022-12-21T20:11:24 GMT-05:00" duration-ms="58" status="PASS">
          <reporter-output>
          </reporter-output>
        </test-method> <!-- floatinmenutest -->
      </class> <!-- testpackage.Floatingmenutest -->
      <class name="testpackage.ContextmenuTest">
        <test-method is-config="true" signature="initiate(java.lang.String)[pri:0, instance:testpackage.ContextmenuTest@1d8bd0de]" started-at="2022-12-21T20:10:55 GMT-05:00" name="initiate" finished-at="2022-12-21T20:11:01 GMT-05:00" duration-ms="5304" status="PASS">
          <params>
            <param index="0">
              <value>
                <![CDATA[edge]]>
              </value>
            </param>
          </params>
          <reporter-output>
          </reporter-output>
        </test-method> <!-- initiate -->
        <test-method is-config="true" signature="getDriver()[pri:0, instance:testpackage.ContextmenuTest@1d8bd0de]" started-at="2022-12-21T20:11:01 GMT-05:00" name="getDriver" finished-at="2022-12-21T20:11:01 GMT-05:00" duration-ms="3" status="PASS">
          <reporter-output>
          </reporter-output>
        </test-method> <!-- getDriver -->
        <test-method is-config="true" signature="StartSignInTest()[pri:0, instance:testpackage.ContextmenuTest@1d8bd0de]" started-at="2022-12-21T20:11:01 GMT-05:00" name="StartSignInTest" finished-at="2022-12-21T20:11:02 GMT-05:00" duration-ms="1649" status="PASS">
          <reporter-output>
          </reporter-output>
        </test-method> <!-- StartSignInTest -->
        <test-method signature="alerttest()[pri:0, instance:testpackage.ContextmenuTest@1d8bd0de]" started-at="2022-12-21T20:11:02 GMT-05:00" name="alerttest" finished-at="2022-12-21T20:11:03 GMT-05:00" duration-ms="703" status="PASS">
          <reporter-output>
          </reporter-output>
        </test-method> <!-- alerttest -->
        <test-method is-config="true" signature="quitbrowser()[pri:0, instance:testpackage.ContextmenuTest@1d8bd0de]" started-at="2022-12-21T20:12:54 GMT-05:00" name="quitbrowser" finished-at="2022-12-21T20:12:55 GMT-05:00" duration-ms="380" status="PASS">
          <reporter-output>
          </reporter-output>
        </test-method> <!-- quitbrowser -->
      </class> <!-- testpackage.ContextmenuTest -->
      <class name="testpackage.iframetest">
        <test-method is-config="true" signature="StartSignInTest()[pri:0, instance:testpackage.iframetest@37858383]" started-at="2022-12-21T20:11:24 GMT-05:00" name="StartSignInTest" finished-at="2022-12-21T20:11:26 GMT-05:00" duration-ms="1933" status="PASS">
          <reporter-output>
          </reporter-output>
        </test-method> <!-- StartSignInTest -->
        <test-method is-config="true" signature="getDriver()[pri:0, instance:testpackage.iframetest@37858383]" started-at="2022-12-21T20:11:24 GMT-05:00" name="getDriver" finished-at="2022-12-21T20:11:24 GMT-05:00" duration-ms="0" status="PASS">
          <reporter-output>
          </reporter-output>
        </test-method> <!-- getDriver -->
        <test-method signature="Frametest()[pri:0, instance:testpackage.iframetest@37858383]" started-at="2022-12-21T20:11:26 GMT-05:00" name="Frametest" finished-at="2022-12-21T20:11:27 GMT-05:00" duration-ms="402" status="PASS">
          <reporter-output>
          </reporter-output>
        </test-method> <!-- Frametest -->
      </class> <!-- testpackage.iframetest -->
      <class name="testpackage.DynamicLoadingTest">
        <test-method is-config="true" signature="StartSignInTest()[pri:0, instance:testpackage.DynamicLoadingTest@4ef37659]" started-at="2022-12-21T20:11:16 GMT-05:00" name="StartSignInTest" finished-at="2022-12-21T20:11:17 GMT-05:00" duration-ms="1253" status="PASS">
          <reporter-output>
          </reporter-output>
        </test-method> <!-- StartSignInTest -->
        <test-method is-config="true" signature="getDriver()[pri:0, instance:testpackage.DynamicLoadingTest@4ef37659]" started-at="2022-12-21T20:11:16 GMT-05:00" name="getDriver" finished-at="2022-12-21T20:11:16 GMT-05:00" duration-ms="0" status="PASS">
          <reporter-output>
          </reporter-output>
        </test-method> <!-- getDriver -->
        <test-method signature="startbuttontest()[pri:0, instance:testpackage.DynamicLoadingTest@4ef37659]" started-at="2022-12-21T20:11:17 GMT-05:00" name="startbuttontest" finished-at="2022-12-21T20:11:23 GMT-05:00" duration-ms="5810" status="PASS">
          <reporter-output>
          </reporter-output>
        </test-method> <!-- startbuttontest -->
      </class> <!-- testpackage.DynamicLoadingTest -->
      <class name="testpackage.IndexTest">
        <test-method is-config="true" signature="getDriver()[pri:0, instance:testpackage.IndexTest@4e268090]" started-at="2022-12-21T20:11:27 GMT-05:00" name="getDriver" finished-at="2022-12-21T20:11:27 GMT-05:00" duration-ms="0" status="PASS">
          <reporter-output>
          </reporter-output>
        </test-method> <!-- getDriver -->
        <test-method is-config="true" signature="indexTest()[pri:0, instance:testpackage.IndexTest@4e268090]" started-at="2022-12-21T20:11:27 GMT-05:00" name="indexTest" finished-at="2022-12-21T20:11:30 GMT-05:00" duration-ms="3423" status="PASS">
          <reporter-output>
          </reporter-output>
        </test-method> <!-- indexTest -->
        <test-method signature="allIndexTabTest()[pri:0, instance:testpackage.IndexTest@4e268090]" started-at="2022-12-21T20:11:30 GMT-05:00" name="allIndexTabTest" finished-at="2022-12-21T20:11:30 GMT-05:00" duration-ms="306" status="PASS">
          <reporter-output>
          </reporter-output>
        </test-method> <!-- allIndexTabTest -->
        <test-method is-config="true" signature="indexTest()[pri:0, instance:testpackage.IndexTest@4e268090]" started-at="2022-12-21T20:11:30 GMT-05:00" name="indexTest" finished-at="2022-12-21T20:11:33 GMT-05:00" duration-ms="2198" status="PASS">
          <reporter-output>
          </reporter-output>
        </test-method> <!-- indexTest -->
        <test-method signature="alternativesTabTest()[pri:0, instance:testpackage.IndexTest@4e268090]" started-at="2022-12-21T20:11:33 GMT-05:00" name="alternativesTabTest" finished-at="2022-12-21T20:11:33 GMT-05:00" duration-ms="254" status="PASS">
          <reporter-output>
          </reporter-output>
        </test-method> <!-- alternativesTabTest -->
        <test-method is-config="true" signature="indexTest()[pri:0, instance:testpackage.IndexTest@4e268090]" started-at="2022-12-21T20:11:33 GMT-05:00" name="indexTest" finished-at="2022-12-21T20:11:35 GMT-05:00" duration-ms="2200" status="PASS">
          <reporter-output>
          </reporter-output>
        </test-method> <!-- indexTest -->
        <test-method signature="assetTypeTest()[pri:0, instance:testpackage.IndexTest@4e268090]" started-at="2022-12-21T20:11:35 GMT-05:00" name="assetTypeTest" finished-at="2022-12-21T20:11:36 GMT-05:00" duration-ms="831" status="PASS">
          <reporter-output>
          </reporter-output>
        </test-method> <!-- assetTypeTest -->
        <test-method is-config="true" signature="indexTest()[pri:0, instance:testpackage.IndexTest@4e268090]" started-at="2022-12-21T20:11:36 GMT-05:00" name="indexTest" finished-at="2022-12-21T20:11:39 GMT-05:00" duration-ms="2946" status="PASS">
          <reporter-output>
          </reporter-output>
        </test-method> <!-- indexTest -->
        <test-method signature="dayColumntest()[pri:0, instance:testpackage.IndexTest@4e268090]" started-at="2022-12-21T20:11:39 GMT-05:00" name="dayColumntest" finished-at="2022-12-21T20:11:39 GMT-05:00" duration-ms="573" status="PASS">
          <reporter-output>
          </reporter-output>
        </test-method> <!-- dayColumntest -->
        <test-method is-config="true" signature="indexTest()[pri:0, instance:testpackage.IndexTest@4e268090]" started-at="2022-12-21T20:11:39 GMT-05:00" name="indexTest" finished-at="2022-12-21T20:11:42 GMT-05:00" duration-ms="2339" status="PASS">
          <reporter-output>
          </reporter-output>
        </test-method> <!-- indexTest -->
        <test-method signature="equityTabTest()[pri:0, instance:testpackage.IndexTest@4e268090]" started-at="2022-12-21T20:11:42 GMT-05:00" name="equityTabTest" finished-at="2022-12-21T20:11:42 GMT-05:00" duration-ms="471" status="PASS">
          <reporter-output>
          </reporter-output>
        </test-method> <!-- equityTabTest -->
        <test-method is-config="true" signature="indexTest()[pri:0, instance:testpackage.IndexTest@4e268090]" started-at="2022-12-21T20:11:42 GMT-05:00" name="indexTest" finished-at="2022-12-21T20:11:45 GMT-05:00" duration-ms="2722" status="PASS">
          <reporter-output>
          </reporter-output>
        </test-method> <!-- indexTest -->
        <test-method signature="esgTabTest()[pri:0, instance:testpackage.IndexTest@4e268090]" started-at="2022-12-21T20:11:45 GMT-05:00" name="esgTabTest" finished-at="2022-12-21T20:11:45 GMT-05:00" duration-ms="353" status="PASS">
          <reporter-output>
          </reporter-output>
        </test-method> <!-- esgTabTest -->
        <test-method is-config="true" signature="indexTest()[pri:0, instance:testpackage.IndexTest@4e268090]" started-at="2022-12-21T20:11:45 GMT-05:00" name="indexTest" finished-at="2022-12-21T20:11:48 GMT-05:00" duration-ms="2655" status="PASS">
          <reporter-output>
          </reporter-output>
        </test-method> <!-- indexTest -->
        <test-method signature="fixedIncomeTabTest()[pri:0, instance:testpackage.IndexTest@4e268090]" started-at="2022-12-21T20:11:48 GMT-05:00" name="fixedIncomeTabTest" finished-at="2022-12-21T20:11:48 GMT-05:00" duration-ms="294" status="PASS">
          <reporter-output>
          </reporter-output>
        </test-method> <!-- fixedIncomeTabTest -->
        <test-method is-config="true" signature="indexTest()[pri:0, instance:testpackage.IndexTest@4e268090]" started-at="2022-12-21T20:11:48 GMT-05:00" name="indexTest" finished-at="2022-12-21T20:11:50 GMT-05:00" duration-ms="2234" status="PASS">
          <reporter-output>
          </reporter-output>
        </test-method> <!-- indexTest -->
        <test-method signature="geoRegionTest()[pri:0, instance:testpackage.IndexTest@4e268090]" started-at="2022-12-21T20:11:50 GMT-05:00" name="geoRegionTest" finished-at="2022-12-21T20:11:55 GMT-05:00" duration-ms="4145" status="PASS">
          <reporter-output>
          </reporter-output>
        </test-method> <!-- geoRegionTest -->
        <test-method is-config="true" signature="indexTest()[pri:0, instance:testpackage.IndexTest@4e268090]" started-at="2022-12-21T20:11:55 GMT-05:00" name="indexTest" finished-at="2022-12-21T20:11:57 GMT-05:00" duration-ms="2434" status="PASS">
          <reporter-output>
          </reporter-output>
        </test-method> <!-- indexTest -->
        <test-method signature="indexByKeywordTest()[pri:0, instance:testpackage.IndexTest@4e268090]" started-at="2022-12-21T20:11:57 GMT-05:00" name="indexByKeywordTest" finished-at="2022-12-21T20:11:58 GMT-05:00" duration-ms="546" status="PASS">
          <reporter-output>
          </reporter-output>
        </test-method> <!-- indexByKeywordTest -->
        <test-method is-config="true" signature="indexTest()[pri:0, instance:testpackage.IndexTest@4e268090]" started-at="2022-12-21T20:11:58 GMT-05:00" name="indexTest" finished-at="2022-12-21T20:12:00 GMT-05:00" duration-ms="2742" status="PASS">
          <reporter-output>
          </reporter-output>
        </test-method> <!-- indexTest -->
        <test-method signature="indexByNameTest()[pri:0, instance:testpackage.IndexTest@4e268090]" started-at="2022-12-21T20:12:00 GMT-05:00" name="indexByNameTest" finished-at="2022-12-21T20:12:01 GMT-05:00" duration-ms="228" status="PASS">
          <reporter-output>
          </reporter-output>
        </test-method> <!-- indexByNameTest -->
        <test-method is-config="true" signature="indexTest()[pri:0, instance:testpackage.IndexTest@4e268090]" started-at="2022-12-21T20:12:01 GMT-05:00" name="indexTest" finished-at="2022-12-21T20:12:03 GMT-05:00" duration-ms="2464" status="PASS">
          <reporter-output>
          </reporter-output>
        </test-method> <!-- indexTest -->
        <test-method signature="indexFamilyTest()[pri:0, instance:testpackage.IndexTest@4e268090]" started-at="2022-12-21T20:12:03 GMT-05:00" name="indexFamilyTest" finished-at="2022-12-21T20:12:27 GMT-05:00" duration-ms="23944" status="PASS">
          <reporter-output>
          </reporter-output>
        </test-method> <!-- indexFamilyTest -->
        <test-method is-config="true" signature="indexTest()[pri:0, instance:testpackage.IndexTest@4e268090]" started-at="2022-12-21T20:12:27 GMT-05:00" name="indexTest" finished-at="2022-12-21T20:12:30 GMT-05:00" duration-ms="3094" status="PASS">
          <reporter-output>
          </reporter-output>
        </test-method> <!-- indexTest -->
        <test-method signature="indexType()[pri:0, instance:testpackage.IndexTest@4e268090]" started-at="2022-12-21T20:12:30 GMT-05:00" name="indexType" finished-at="2022-12-21T20:12:31 GMT-05:00" duration-ms="516" status="PASS">
          <reporter-output>
          </reporter-output>
        </test-method> <!-- indexType -->
        <test-method is-config="true" signature="indexTest()[pri:0, instance:testpackage.IndexTest@4e268090]" started-at="2022-12-21T20:12:31 GMT-05:00" name="indexTest" finished-at="2022-12-21T20:12:33 GMT-05:00" duration-ms="2722" status="PASS">
          <reporter-output>
          </reporter-output>
        </test-method> <!-- indexTest -->
        <test-method signature="marketingTextTest()[pri:0, instance:testpackage.IndexTest@4e268090]" started-at="2022-12-21T20:12:33 GMT-05:00" name="marketingTextTest" finished-at="2022-12-21T20:12:33 GMT-05:00" duration-ms="80" status="PASS">
          <reporter-output>
          </reporter-output>
        </test-method> <!-- marketingTextTest -->
        <test-method is-config="true" signature="indexTest()[pri:0, instance:testpackage.IndexTest@4e268090]" started-at="2022-12-21T20:12:33 GMT-05:00" name="indexTest" finished-at="2022-12-21T20:12:36 GMT-05:00" duration-ms="2339" status="PASS">
          <reporter-output>
          </reporter-output>
        </test-method> <!-- indexTest -->
        <test-method signature="multiAssetTabTest()[pri:0, instance:testpackage.IndexTest@4e268090]" started-at="2022-12-21T20:12:36 GMT-05:00" name="multiAssetTabTest" finished-at="2022-12-21T20:12:36 GMT-05:00" duration-ms="235" status="PASS">
          <reporter-output>
          </reporter-output>
        </test-method> <!-- multiAssetTabTest -->
        <test-method is-config="true" signature="indexTest()[pri:0, instance:testpackage.IndexTest@4e268090]" started-at="2022-12-21T20:12:36 GMT-05:00" name="indexTest" finished-at="2022-12-21T20:12:38 GMT-05:00" duration-ms="2422" status="PASS">
          <reporter-output>
          </reporter-output>
        </test-method> <!-- indexTest -->
        <test-method signature="privateMarketTabTest()[pri:0, instance:testpackage.IndexTest@4e268090]" started-at="2022-12-21T20:12:38 GMT-05:00" name="privateMarketTabTest" finished-at="2022-12-21T20:12:39 GMT-05:00" duration-ms="226" status="PASS">
          <reporter-output>
          </reporter-output>
        </test-method> <!-- privateMarketTabTest -->
        <test-method is-config="true" signature="indexTest()[pri:0, instance:testpackage.IndexTest@4e268090]" started-at="2022-12-21T20:12:39 GMT-05:00" name="indexTest" finished-at="2022-12-21T20:12:41 GMT-05:00" duration-ms="2337" status="PASS">
          <reporter-output>
          </reporter-output>
        </test-method> <!-- indexTest -->
        <test-method signature="result_10test()[pri:0, instance:testpackage.IndexTest@4e268090]" started-at="2022-12-21T20:12:41 GMT-05:00" name="result_10test" finished-at="2022-12-21T20:12:42 GMT-05:00" duration-ms="997" status="PASS">
          <reporter-output>
          </reporter-output>
        </test-method> <!-- result_10test -->
        <test-method is-config="true" signature="indexTest()[pri:0, instance:testpackage.IndexTest@4e268090]" started-at="2022-12-21T20:12:42 GMT-05:00" name="indexTest" finished-at="2022-12-21T20:12:45 GMT-05:00" duration-ms="2844" status="PASS">
          <reporter-output>
          </reporter-output>
        </test-method> <!-- indexTest -->
        <test-method signature="result_20test()[pri:0, instance:testpackage.IndexTest@4e268090]" started-at="2022-12-21T20:12:45 GMT-05:00" name="result_20test" finished-at="2022-12-21T20:12:45 GMT-05:00" duration-ms="590" status="PASS">
          <reporter-output>
          </reporter-output>
        </test-method> <!-- result_20test -->
        <test-method is-config="true" signature="indexTest()[pri:0, instance:testpackage.IndexTest@4e268090]" started-at="2022-12-21T20:12:45 GMT-05:00" name="indexTest" finished-at="2022-12-21T20:12:48 GMT-05:00" duration-ms="2741" status="PASS">
          <reporter-output>
          </reporter-output>
        </test-method> <!-- indexTest -->
        <test-method signature="result_50test()[pri:0, instance:testpackage.IndexTest@4e268090]" started-at="2022-12-21T20:12:48 GMT-05:00" name="result_50test" finished-at="2022-12-21T20:12:49 GMT-05:00" duration-ms="704" status="FAIL">
          <exception class="org.openqa.selenium.StaleElementReferenceException">
            <message>
              <![CDATA[stale element reference: element is not attached to the page document
  (Session info: MicrosoftEdge=108.0.1462.54)
For documentation on this error, please visit: https://www.seleniumhq.org/exceptions/stale_element_reference.html
Build info: version: '3.141.59', revision: 'e82be7d358', time: '2018-11-14T08:17:03'
System info: host: 'LAPTOP-MVNUQ4K1', ip: '192.168.48.1', os.name: 'Windows 11', os.arch: 'amd64', os.version: '10.0', java.version: '17.0.3.1'
Driver info: org.openqa.selenium.edge.EdgeDriver
Capabilities {acceptInsecureCerts: false, browserName: msedge, browserVersion: 108.0.1462.54, javascriptEnabled: true, ms:edgeOptions: {debuggerAddress: localhost:51117}, msedge: {msedgedriverVersion: 108.0.1462.42 (952d9dd5b065..., userDataDir: C:\Users\shiva\AppData\Loca...}, networkConnectionEnabled: false, pageLoadStrategy: normal, platform: WINDOWS, platformName: WINDOWS, proxy: Proxy(), setWindowRect: true, strictFileInteractability: false, timeouts: {implicit: 0, pageLoad: 300000, script: 30000}, unhandledPromptBehavior: dismiss and notify, webauthn:extension:credBlob: true, webauthn:extension:largeBlob: true, webauthn:virtualAuthenticators: true}
Session ID: 57406eed1f33a61c9f995a8ffdfad4eb]]>
            </message>
            <full-stacktrace>
              <![CDATA[org.openqa.selenium.StaleElementReferenceException: stale element reference: element is not attached to the page document
  (Session info: MicrosoftEdge=108.0.1462.54)
For documentation on this error, please visit: https://www.seleniumhq.org/exceptions/stale_element_reference.html
Build info: version: '3.141.59', revision: 'e82be7d358', time: '2018-11-14T08:17:03'
System info: host: 'LAPTOP-MVNUQ4K1', ip: '192.168.48.1', os.name: 'Windows 11', os.arch: 'amd64', os.version: '10.0', java.version: '17.0.3.1'
Driver info: org.openqa.selenium.edge.EdgeDriver
Capabilities {acceptInsecureCerts: false, browserName: msedge, browserVersion: 108.0.1462.54, javascriptEnabled: true, ms:edgeOptions: {debuggerAddress: localhost:51117}, msedge: {msedgedriverVersion: 108.0.1462.42 (952d9dd5b065..., userDataDir: C:\Users\shiva\AppData\Loca...}, networkConnectionEnabled: false, pageLoadStrategy: normal, platform: WINDOWS, platformName: WINDOWS, proxy: Proxy(), setWindowRect: true, strictFileInteractability: false, timeouts: {implicit: 0, pageLoad: 300000, script: 30000}, unhandledPromptBehavior: dismiss and notify, webauthn:extension:credBlob: true, webauthn:extension:largeBlob: true, webauthn:virtualAuthenticators: true}
Session ID: 57406eed1f33a61c9f995a8ffdfad4eb
at java.base/jdk.internal.reflect.NativeConstructorAccessorImpl.newInstance0(Native Method)
at java.base/jdk.internal.reflect.NativeConstructorAccessorImpl.newInstance(NativeConstructorAccessorImpl.java:77)
at java.base/jdk.internal.reflect.DelegatingConstructorAccessorImpl.newInstance(DelegatingConstructorAccessorImpl.java:45)
at java.base/java.lang.reflect.Constructor.newInstanceWithCaller(Constructor.java:499)
at java.base/java.lang.reflect.Constructor.newInstance(Constructor.java:480)
at org.openqa.selenium.remote.http.W3CHttpResponseCodec.createException(W3CHttpResponseCodec.java:187)
at org.openqa.selenium.remote.http.W3CHttpResponseCodec.decode(W3CHttpResponseCodec.java:122)
at org.openqa.selenium.remote.http.W3CHttpResponseCodec.decode(W3CHttpResponseCodec.java:49)
at org.openqa.selenium.remote.HttpCommandExecutor.execute(HttpCommandExecutor.java:158)
at org.openqa.selenium.remote.service.DriverCommandExecutor.execute(DriverCommandExecutor.java:83)
at org.openqa.selenium.remote.RemoteWebDriver.execute(RemoteWebDriver.java:552)
at org.openqa.selenium.remote.RemoteWebDriver.perform(RemoteWebDriver.java:618)
at org.openqa.selenium.interactions.Actions$BuiltAction.perform(Actions.java:639)
at pagepackage.Index.result50(Index.java:237)
at testpackage.IndexTest.result_50test(IndexTest.java:91)
at java.base/jdk.internal.reflect.NativeMethodAccessorImpl.invoke0(Native Method)
at java.base/jdk.internal.reflect.NativeMethodAccessorImpl.invoke(NativeMethodAccessorImpl.java:77)
at java.base/jdk.internal.reflect.DelegatingMethodAccessorImpl.invoke(DelegatingMethodAccessorImpl.java:43)
at java.base/java.lang.reflect.Method.invoke(Method.java:568)
at org.testng.internal.invokers.MethodInvocationHelper.invokeMethod(MethodInvocationHelper.java:139)
at org.testng.internal.invokers.TestInvoker.invokeMethod(TestInvoker.java:677)
at org.testng.internal.invokers.TestInvoker.invokeTestMethod(TestInvoker.java:221)
at org.testng.internal.invokers.MethodRunner.runInSequence(MethodRunner.java:50)
at org.testng.internal.invokers.TestInvoker$MethodInvocationAgent.invoke(TestInvoker.java:962)
at org.testng.internal.invokers.TestInvoker.invokeTestMethods(TestInvoker.java:194)
at org.testng.internal.invokers.TestMethodWorker.invokeTestMethods(TestMethodWorker.java:148)
at org.testng.internal.invokers.TestMethodWorker.run(TestMethodWorker.java:128)
at java.base/java.util.ArrayList.forEach(ArrayList.java:1511)
at org.testng.TestRunner.privateRun(TestRunner.java:806)
at org.testng.TestRunner.run(TestRunner.java:601)
at org.testng.SuiteRunner.runTest(SuiteRunner.java:433)
at org.testng.SuiteRunner.runSequentially(SuiteRunner.java:427)
at org.testng.SuiteRunner.privateRun(SuiteRunner.java:387)
at org.testng.SuiteRunner.run(SuiteRunner.java:330)
at org.testng.SuiteRunnerWorker.runSuite(SuiteRunnerWorker.java:52)
at org.testng.SuiteRunnerWorker.run(SuiteRunnerWorker.java:95)
at org.testng.TestNG.runSuitesSequentially(TestNG.java:1256)
at org.testng.TestNG.runSuitesLocally(TestNG.java:1176)
at org.testng.TestNG.runSuites(TestNG.java:1099)
at org.testng.TestNG.run(TestNG.java:1067)
at org.testng.remote.AbstractRemoteTestNG.run(AbstractRemoteTestNG.java:115)
at org.testng.remote.RemoteTestNG.initAndRun(RemoteTestNG.java:251)
at org.testng.remote.RemoteTestNG.main(RemoteTestNG.java:77)
]]>
            </full-stacktrace>
          </exception> <!-- org.openqa.selenium.StaleElementReferenceException -->
          <reporter-output>
          </reporter-output>
        </test-method> <!-- result_50test -->
        <test-method is-config="true" signature="indexTest()[pri:0, instance:testpackage.IndexTest@4e268090]" started-at="2022-12-21T20:12:49 GMT-05:00" name="indexTest" finished-at="2022-12-21T20:12:51 GMT-05:00" duration-ms="2282" status="PASS">
          <reporter-output>
          </reporter-output>
        </test-method> <!-- indexTest -->
        <test-method signature="tabListTest()[pri:0, instance:testpackage.IndexTest@4e268090]" started-at="2022-12-21T20:12:51 GMT-05:00" name="tabListTest" finished-at="2022-12-21T20:12:51 GMT-05:00" duration-ms="348" status="PASS">
          <reporter-output>
          </reporter-output>
        </test-method> <!-- tabListTest -->
        <test-method is-config="true" signature="indexTest()[pri:0, instance:testpackage.IndexTest@4e268090]" started-at="2022-12-21T20:12:51 GMT-05:00" name="indexTest" finished-at="2022-12-21T20:12:54 GMT-05:00" duration-ms="2379" status="PASS">
          <reporter-output>
          </reporter-output>
        </test-method> <!-- indexTest -->
        <test-method signature="weekColumntest()[pri:0, instance:testpackage.IndexTest@4e268090]" started-at="2022-12-21T20:12:54 GMT-05:00" name="weekColumntest" finished-at="2022-12-21T20:12:54 GMT-05:00" duration-ms="645" status="PASS">
          <reporter-output>
          </reporter-output>
        </test-method> <!-- weekColumntest -->
      </class> <!-- testpackage.IndexTest -->
      <class name="testpackage.DynamiccontentTest">
        <test-method is-config="true" signature="StartSignInTest()[pri:0, instance:testpackage.DynamiccontentTest@71c3b41]" started-at="2022-12-21T20:11:06 GMT-05:00" name="StartSignInTest" finished-at="2022-12-21T20:11:08 GMT-05:00" duration-ms="1196" status="PASS">
          <reporter-output>
          </reporter-output>
        </test-method> <!-- StartSignInTest -->
        <test-method is-config="true" signature="getDriver()[pri:0, instance:testpackage.DynamiccontentTest@71c3b41]" started-at="2022-12-21T20:11:06 GMT-05:00" name="getDriver" finished-at="2022-12-21T20:11:06 GMT-05:00" duration-ms="0" status="PASS">
          <reporter-output>
          </reporter-output>
        </test-method> <!-- getDriver -->
        <test-method signature="Dynamiccontent1test()[pri:0, instance:testpackage.DynamiccontentTest@71c3b41]" started-at="2022-12-21T20:11:08 GMT-05:00" name="Dynamiccontent1test" finished-at="2022-12-21T20:11:08 GMT-05:00" duration-ms="813" status="PASS">
          <reporter-output>
          </reporter-output>
        </test-method> <!-- Dynamiccontent1test -->
        <test-method is-config="true" signature="StartSignInTest()[pri:0, instance:testpackage.DynamiccontentTest@71c3b41]" started-at="2022-12-21T20:11:08 GMT-05:00" name="StartSignInTest" finished-at="2022-12-21T20:11:10 GMT-05:00" duration-ms="1164" status="PASS">
          <reporter-output>
          </reporter-output>
        </test-method> <!-- StartSignInTest -->
        <test-method signature="Dynamiccontent2test()[pri:0, instance:testpackage.DynamiccontentTest@71c3b41]" started-at="2022-12-21T20:11:10 GMT-05:00" name="Dynamiccontent2test" finished-at="2022-12-21T20:11:11 GMT-05:00" duration-ms="1042" status="PASS">
          <reporter-output>
          </reporter-output>
        </test-method> <!-- Dynamiccontent2test -->
        <test-method is-config="true" signature="StartSignInTest()[pri:0, instance:testpackage.DynamiccontentTest@71c3b41]" started-at="2022-12-21T20:11:11 GMT-05:00" name="StartSignInTest" finished-at="2022-12-21T20:11:12 GMT-05:00" duration-ms="1203" status="PASS">
          <reporter-output>
          </reporter-output>
        </test-method> <!-- StartSignInTest -->
        <test-method signature="Dynamiccontent3test()[pri:0, instance:testpackage.DynamiccontentTest@71c3b41]" started-at="2022-12-21T20:11:12 GMT-05:00" name="Dynamiccontent3test" finished-at="2022-12-21T20:11:13 GMT-05:00" duration-ms="936" status="PASS">
          <reporter-output>
          </reporter-output>
        </test-method> <!-- Dynamiccontent3test -->
      </class> <!-- testpackage.DynamiccontentTest -->
      <class name="testpackage.Downloadtest">
        <test-method is-config="true" signature="getDriver()[pri:0, instance:testpackage.Downloadtest@343570b7]" started-at="2022-12-21T20:11:03 GMT-05:00" name="getDriver" finished-at="2022-12-21T20:11:03 GMT-05:00" duration-ms="1" status="PASS">
          <reporter-output>
          </reporter-output>
        </test-method> <!-- getDriver -->
        <test-method is-config="true" signature="StartSignInTest()[pri:0, instance:testpackage.Downloadtest@343570b7]" started-at="2022-12-21T20:11:03 GMT-05:00" name="StartSignInTest" finished-at="2022-12-21T20:11:03 GMT-05:00" duration-ms="41" status="FAIL">
          <exception class="org.openqa.selenium.UnhandledAlertException">
            <message>
              <![CDATA[unexpected alert open: {Alert text : You selected a context menu}
  (Session info: MicrosoftEdge=108.0.1462.54): You selected a context menu
Build info: version: '3.141.59', revision: 'e82be7d358', time: '2018-11-14T08:17:03'
System info: host: 'LAPTOP-MVNUQ4K1', ip: '192.168.48.1', os.name: 'Windows 11', os.arch: 'amd64', os.version: '10.0', java.version: '17.0.3.1'
Driver info: org.openqa.selenium.edge.EdgeDriver
Capabilities {acceptInsecureCerts: false, browserName: msedge, browserVersion: 108.0.1462.54, javascriptEnabled: true, ms:edgeOptions: {debuggerAddress: localhost:51117}, msedge: {msedgedriverVersion: 108.0.1462.42 (952d9dd5b065..., userDataDir: C:\Users\shiva\AppData\Loca...}, networkConnectionEnabled: false, pageLoadStrategy: normal, platform: WINDOWS, platformName: WINDOWS, proxy: Proxy(), setWindowRect: true, strictFileInteractability: false, timeouts: {implicit: 0, pageLoad: 300000, script: 30000}, unhandledPromptBehavior: dismiss and notify, webauthn:extension:credBlob: true, webauthn:extension:largeBlob: true, webauthn:virtualAuthenticators: true}
Session ID: 57406eed1f33a61c9f995a8ffdfad4eb]]>
            </message>
            <full-stacktrace>
              <![CDATA[org.openqa.selenium.UnhandledAlertException: unexpected alert open: {Alert text : You selected a context menu}
  (Session info: MicrosoftEdge=108.0.1462.54): You selected a context menu
Build info: version: '3.141.59', revision: 'e82be7d358', time: '2018-11-14T08:17:03'
System info: host: 'LAPTOP-MVNUQ4K1', ip: '192.168.48.1', os.name: 'Windows 11', os.arch: 'amd64', os.version: '10.0', java.version: '17.0.3.1'
Driver info: org.openqa.selenium.edge.EdgeDriver
Capabilities {acceptInsecureCerts: false, browserName: msedge, browserVersion: 108.0.1462.54, javascriptEnabled: true, ms:edgeOptions: {debuggerAddress: localhost:51117}, msedge: {msedgedriverVersion: 108.0.1462.42 (952d9dd5b065..., userDataDir: C:\Users\shiva\AppData\Loca...}, networkConnectionEnabled: false, pageLoadStrategy: normal, platform: WINDOWS, platformName: WINDOWS, proxy: Proxy(), setWindowRect: true, strictFileInteractability: false, timeouts: {implicit: 0, pageLoad: 300000, script: 30000}, unhandledPromptBehavior: dismiss and notify, webauthn:extension:credBlob: true, webauthn:extension:largeBlob: true, webauthn:virtualAuthenticators: true}
Session ID: 57406eed1f33a61c9f995a8ffdfad4eb
at org.openqa.selenium.remote.http.W3CHttpResponseCodec.decode(W3CHttpResponseCodec.java:120)
at org.openqa.selenium.remote.http.W3CHttpResponseCodec.decode(W3CHttpResponseCodec.java:49)
at org.openqa.selenium.remote.HttpCommandExecutor.execute(HttpCommandExecutor.java:158)
at org.openqa.selenium.remote.service.DriverCommandExecutor.execute(DriverCommandExecutor.java:83)
at org.openqa.selenium.remote.RemoteWebDriver.execute(RemoteWebDriver.java:552)
at org.openqa.selenium.remote.RemoteWebDriver.get(RemoteWebDriver.java:277)
at testpackage.Downloadtest.StartSignInTest(Downloadtest.java:20)
at java.base/jdk.internal.reflect.NativeMethodAccessorImpl.invoke0(Native Method)
at java.base/jdk.internal.reflect.NativeMethodAccessorImpl.invoke(NativeMethodAccessorImpl.java:77)
at java.base/jdk.internal.reflect.DelegatingMethodAccessorImpl.invoke(DelegatingMethodAccessorImpl.java:43)
at java.base/java.lang.reflect.Method.invoke(Method.java:568)
at org.testng.internal.invokers.MethodInvocationHelper.invokeMethod(MethodInvocationHelper.java:139)
at org.testng.internal.invokers.MethodInvocationHelper.invokeMethodConsideringTimeout(MethodInvocationHelper.java:69)
at org.testng.internal.invokers.ConfigInvoker.invokeConfigurationMethod(ConfigInvoker.java:361)
at org.testng.internal.invokers.ConfigInvoker.invokeConfigurations(ConfigInvoker.java:296)
at org.testng.internal.invokers.TestInvoker.runConfigMethods(TestInvoker.java:816)
at org.testng.internal.invokers.TestInvoker.invokeMethod(TestInvoker.java:590)
at org.testng.internal.invokers.TestInvoker.invokeTestMethod(TestInvoker.java:221)
at org.testng.internal.invokers.MethodRunner.runInSequence(MethodRunner.java:50)
at org.testng.internal.invokers.TestInvoker$MethodInvocationAgent.invoke(TestInvoker.java:962)
at org.testng.internal.invokers.TestInvoker.invokeTestMethods(TestInvoker.java:194)
at org.testng.internal.invokers.TestMethodWorker.invokeTestMethods(TestMethodWorker.java:148)
at org.testng.internal.invokers.TestMethodWorker.run(TestMethodWorker.java:128)
at java.base/java.util.ArrayList.forEach(ArrayList.java:1511)
at org.testng.TestRunner.privateRun(TestRunner.java:806)
at org.testng.TestRunner.run(TestRunner.java:601)
at org.testng.SuiteRunner.runTest(SuiteRunner.java:433)
at org.testng.SuiteRunner.runSequentially(SuiteRunner.java:427)
at org.testng.SuiteRunner.privateRun(SuiteRunner.java:387)
at org.testng.SuiteRunner.run(SuiteRunner.java:330)
at org.testng.SuiteRunnerWorker.runSuite(SuiteRunnerWorker.java:52)
at org.testng.SuiteRunnerWorker.run(SuiteRunnerWorker.java:95)
at org.testng.TestNG.runSuitesSequentially(TestNG.java:1256)
at org.testng.TestNG.runSuitesLocally(TestNG.java:1176)
at org.testng.TestNG.runSuites(TestNG.java:1099)
at org.testng.TestNG.run(TestNG.java:1067)
at org.testng.remote.AbstractRemoteTestNG.run(AbstractRemoteTestNG.java:115)
at org.testng.remote.RemoteTestNG.initAndRun(RemoteTestNG.java:251)
at org.testng.remote.RemoteTestNG.main(RemoteTestNG.java:77)
]]>
            </full-stacktrace>
          </exception> <!-- org.openqa.selenium.UnhandledAlertException -->
          <reporter-output>
          </reporter-output>
        </test-method> <!-- StartSignInTest -->
        <test-method signature="testdownload()[pri:0, instance:testpackage.Downloadtest@343570b7]" started-at="2022-12-21T20:11:03 GMT-05:00" name="testdownload" finished-at="2022-12-21T20:11:03 GMT-05:00" duration-ms="0" status="SKIP">
          <exception class="org.openqa.selenium.UnhandledAlertException">
            <message>
              <![CDATA[unexpected alert open: {Alert text : You selected a context menu}
  (Session info: MicrosoftEdge=108.0.1462.54): You selected a context menu
Build info: version: '3.141.59', revision: 'e82be7d358', time: '2018-11-14T08:17:03'
System info: host: 'LAPTOP-MVNUQ4K1', ip: '192.168.48.1', os.name: 'Windows 11', os.arch: 'amd64', os.version: '10.0', java.version: '17.0.3.1'
Driver info: org.openqa.selenium.edge.EdgeDriver
Capabilities {acceptInsecureCerts: false, browserName: msedge, browserVersion: 108.0.1462.54, javascriptEnabled: true, ms:edgeOptions: {debuggerAddress: localhost:51117}, msedge: {msedgedriverVersion: 108.0.1462.42 (952d9dd5b065..., userDataDir: C:\Users\shiva\AppData\Loca...}, networkConnectionEnabled: false, pageLoadStrategy: normal, platform: WINDOWS, platformName: WINDOWS, proxy: Proxy(), setWindowRect: true, strictFileInteractability: false, timeouts: {implicit: 0, pageLoad: 300000, script: 30000}, unhandledPromptBehavior: dismiss and notify, webauthn:extension:credBlob: true, webauthn:extension:largeBlob: true, webauthn:virtualAuthenticators: true}
Session ID: 57406eed1f33a61c9f995a8ffdfad4eb]]>
            </message>
            <full-stacktrace>
              <![CDATA[org.openqa.selenium.UnhandledAlertException: unexpected alert open: {Alert text : You selected a context menu}
  (Session info: MicrosoftEdge=108.0.1462.54): You selected a context menu
Build info: version: '3.141.59', revision: 'e82be7d358', time: '2018-11-14T08:17:03'
System info: host: 'LAPTOP-MVNUQ4K1', ip: '192.168.48.1', os.name: 'Windows 11', os.arch: 'amd64', os.version: '10.0', java.version: '17.0.3.1'
Driver info: org.openqa.selenium.edge.EdgeDriver
Capabilities {acceptInsecureCerts: false, browserName: msedge, browserVersion: 108.0.1462.54, javascriptEnabled: true, ms:edgeOptions: {debuggerAddress: localhost:51117}, msedge: {msedgedriverVersion: 108.0.1462.42 (952d9dd5b065..., userDataDir: C:\Users\shiva\AppData\Loca...}, networkConnectionEnabled: false, pageLoadStrategy: normal, platform: WINDOWS, platformName: WINDOWS, proxy: Proxy(), setWindowRect: true, strictFileInteractability: false, timeouts: {implicit: 0, pageLoad: 300000, script: 30000}, unhandledPromptBehavior: dismiss and notify, webauthn:extension:credBlob: true, webauthn:extension:largeBlob: true, webauthn:virtualAuthenticators: true}
Session ID: 57406eed1f33a61c9f995a8ffdfad4eb
at org.openqa.selenium.remote.http.W3CHttpResponseCodec.decode(W3CHttpResponseCodec.java:120)
at org.openqa.selenium.remote.http.W3CHttpResponseCodec.decode(W3CHttpResponseCodec.java:49)
at org.openqa.selenium.remote.HttpCommandExecutor.execute(HttpCommandExecutor.java:158)
at org.openqa.selenium.remote.service.DriverCommandExecutor.execute(DriverCommandExecutor.java:83)
at org.openqa.selenium.remote.RemoteWebDriver.execute(RemoteWebDriver.java:552)
at org.openqa.selenium.remote.RemoteWebDriver.get(RemoteWebDriver.java:277)
at testpackage.Downloadtest.StartSignInTest(Downloadtest.java:20)
at java.base/jdk.internal.reflect.NativeMethodAccessorImpl.invoke0(Native Method)
at java.base/jdk.internal.reflect.NativeMethodAccessorImpl.invoke(NativeMethodAccessorImpl.java:77)
at java.base/jdk.internal.reflect.DelegatingMethodAccessorImpl.invoke(DelegatingMethodAccessorImpl.java:43)
at java.base/java.lang.reflect.Method.invoke(Method.java:568)
at org.testng.internal.invokers.MethodInvocationHelper.invokeMethod(MethodInvocationHelper.java:139)
at org.testng.internal.invokers.MethodInvocationHelper.invokeMethodConsideringTimeout(MethodInvocationHelper.java:69)
at org.testng.internal.invokers.ConfigInvoker.invokeConfigurationMethod(ConfigInvoker.java:361)
at org.testng.internal.invokers.ConfigInvoker.invokeConfigurations(ConfigInvoker.java:296)
at org.testng.internal.invokers.TestInvoker.runConfigMethods(TestInvoker.java:816)
at org.testng.internal.invokers.TestInvoker.invokeMethod(TestInvoker.java:590)
at org.testng.internal.invokers.TestInvoker.invokeTestMethod(TestInvoker.java:221)
at org.testng.internal.invokers.MethodRunner.runInSequence(MethodRunner.java:50)
at org.testng.internal.invokers.TestInvoker$MethodInvocationAgent.invoke(TestInvoker.java:962)
at org.testng.internal.invokers.TestInvoker.invokeTestMethods(TestInvoker.java:194)
at org.testng.internal.invokers.TestMethodWorker.invokeTestMethods(TestMethodWorker.java:148)
at org.testng.internal.invokers.TestMethodWorker.run(TestMethodWorker.java:128)
at java.base/java.util.ArrayList.forEach(ArrayList.java:1511)
at org.testng.TestRunner.privateRun(TestRunner.java:806)
at org.testng.TestRunner.run(TestRunner.java:601)
at org.testng.SuiteRunner.runTest(SuiteRunner.java:433)
at org.testng.SuiteRunner.runSequentially(SuiteRunner.java:427)
at org.testng.SuiteRunner.privateRun(SuiteRunner.java:387)
at org.testng.SuiteRunner.run(SuiteRunner.java:330)
at org.testng.SuiteRunnerWorker.runSuite(SuiteRunnerWorker.java:52)
at org.testng.SuiteRunnerWorker.run(SuiteRunnerWorker.java:95)
at org.testng.TestNG.runSuitesSequentially(TestNG.java:1256)
at org.testng.TestNG.runSuitesLocally(TestNG.java:1176)
at org.testng.TestNG.runSuites(TestNG.java:1099)
at org.testng.TestNG.run(TestNG.java:1067)
at org.testng.remote.AbstractRemoteTestNG.run(AbstractRemoteTestNG.java:115)
at org.testng.remote.RemoteTestNG.initAndRun(RemoteTestNG.java:251)
at org.testng.remote.RemoteTestNG.main(RemoteTestNG.java:77)
]]>
            </full-stacktrace>
          </exception> <!-- org.openqa.selenium.UnhandledAlertException -->
          <reporter-output>
          </reporter-output>
        </test-method> <!-- testdownload -->
      </class> <!-- testpackage.Downloadtest -->
      <class name="testpackage.Dropdowntest">
        <test-method is-config="true" signature="getDriver()[pri:0, instance:testpackage.Dropdowntest@236e3f4e]" started-at="2022-12-21T20:11:13 GMT-05:00" name="getDriver" finished-at="2022-12-21T20:11:13 GMT-05:00" duration-ms="0" status="PASS">
          <reporter-output>
          </reporter-output>
        </test-method> <!-- getDriver -->
        <test-method is-config="true" signature="StartSignInTest()[pri:0, instance:testpackage.Dropdowntest@236e3f4e]" started-at="2022-12-21T20:11:13 GMT-05:00" name="StartSignInTest" finished-at="2022-12-21T20:11:14 GMT-05:00" duration-ms="1148" status="PASS">
          <reporter-output>
          </reporter-output>
        </test-method> <!-- StartSignInTest -->
        <test-method signature="option1test()[pri:0, instance:testpackage.Dropdowntest@236e3f4e]" started-at="2022-12-21T20:11:14 GMT-05:00" name="option1test" finished-at="2022-12-21T20:11:14 GMT-05:00" duration-ms="418" status="PASS">
          <reporter-output>
          </reporter-output>
        </test-method> <!-- option1test -->
        <test-method is-config="true" signature="StartSignInTest()[pri:0, instance:testpackage.Dropdowntest@236e3f4e]" started-at="2022-12-21T20:11:14 GMT-05:00" name="StartSignInTest" finished-at="2022-12-21T20:11:16 GMT-05:00" duration-ms="1140" status="PASS">
          <reporter-output>
          </reporter-output>
        </test-method> <!-- StartSignInTest -->
        <test-method signature="option2test()[pri:0, instance:testpackage.Dropdowntest@236e3f4e]" started-at="2022-12-21T20:11:16 GMT-05:00" name="option2test" finished-at="2022-12-21T20:11:16 GMT-05:00" duration-ms="332" status="PASS">
          <reporter-output>
          </reporter-output>
        </test-method> <!-- option2test -->
      </class> <!-- testpackage.Dropdowntest -->
      <class name="testpackage.DragandDropTest">
        <test-method is-config="true" signature="getDriver()[pri:0, instance:testpackage.DragandDropTest@157853da]" started-at="2022-12-21T20:11:03 GMT-05:00" name="getDriver" finished-at="2022-12-21T20:11:03 GMT-05:00" duration-ms="1" status="PASS">
          <reporter-output>
          </reporter-output>
        </test-method> <!-- getDriver -->
        <test-method is-config="true" signature="StartSignInTest()[pri:0, instance:testpackage.DragandDropTest@157853da]" started-at="2022-12-21T20:11:03 GMT-05:00" name="StartSignInTest" finished-at="2022-12-21T20:11:04 GMT-05:00" duration-ms="1161" status="PASS">
          <reporter-output>
          </reporter-output>
        </test-method> <!-- StartSignInTest -->
        <test-method signature="DragtestforA()[pri:0, instance:testpackage.DragandDropTest@157853da]" started-at="2022-12-21T20:11:04 GMT-05:00" name="DragtestforA" finished-at="2022-12-21T20:11:05 GMT-05:00" duration-ms="519" status="PASS">
          <reporter-output>
          </reporter-output>
        </test-method> <!-- DragtestforA -->
        <test-method is-config="true" signature="StartSignInTest()[pri:0, instance:testpackage.DragandDropTest@157853da]" started-at="2022-12-21T20:11:05 GMT-05:00" name="StartSignInTest" finished-at="2022-12-21T20:11:06 GMT-05:00" duration-ms="1182" status="PASS">
          <reporter-output>
          </reporter-output>
        </test-method> <!-- StartSignInTest -->
        <test-method signature="DragtestforB()[pri:0, instance:testpackage.DragandDropTest@157853da]" started-at="2022-12-21T20:11:06 GMT-05:00" name="DragtestforB" finished-at="2022-12-21T20:11:06 GMT-05:00" duration-ms="486" status="PASS">
          <reporter-output>
          </reporter-output>
        </test-method> <!-- DragtestforB -->
      </class> <!-- testpackage.DragandDropTest -->
    </test> <!-- EdgeTest -->
    <test started-at="2022-12-21T20:12:55 GMT-05:00" name="RegressionTest" finished-at="2022-12-21T20:13:30 GMT-05:00" duration-ms="34999">
      <class name="testpackage.NewTabTest">
        <test-method is-config="true" signature="getDriver()[pri:0, instance:testpackage.NewTabTest@a2431d0]" started-at="2022-12-21T20:13:21 GMT-05:00" name="getDriver" finished-at="2022-12-21T20:13:21 GMT-05:00" duration-ms="0" status="PASS">
          <reporter-output>
          </reporter-output>
        </test-method> <!-- getDriver -->
        <test-method is-config="true" signature="StartSignInTest()[pri:0, instance:testpackage.NewTabTest@a2431d0]" started-at="2022-12-21T20:13:21 GMT-05:00" name="StartSignInTest" finished-at="2022-12-21T20:13:22 GMT-05:00" duration-ms="1322" status="PASS">
          <reporter-output>
          </reporter-output>
        </test-method> <!-- StartSignInTest -->
        <test-method signature="tabtest()[pri:0, instance:testpackage.NewTabTest@a2431d0]" started-at="2022-12-21T20:13:22 GMT-05:00" name="tabtest" finished-at="2022-12-21T20:13:23 GMT-05:00" duration-ms="18" status="PASS">
          <reporter-output>
          </reporter-output>
        </test-method> <!-- tabtest -->
      </class> <!-- testpackage.NewTabTest -->
      <class name="testpackage.Uploadtest">
        <test-method is-config="true" signature="StartSignInTest()[pri:0, instance:testpackage.Uploadtest@1a4013]" started-at="2022-12-21T20:13:25 GMT-05:00" name="StartSignInTest" finished-at="2022-12-21T20:13:26 GMT-05:00" duration-ms="1322" status="PASS">
          <reporter-output>
          </reporter-output>
        </test-method> <!-- StartSignInTest -->
        <test-method is-config="true" signature="getDriver()[pri:0, instance:testpackage.Uploadtest@1a4013]" started-at="2022-12-21T20:13:25 GMT-05:00" name="getDriver" finished-at="2022-12-21T20:13:25 GMT-05:00" duration-ms="0" status="PASS">
          <reporter-output>
          </reporter-output>
        </test-method> <!-- getDriver -->
        <test-method signature="testupload()[pri:0, instance:testpackage.Uploadtest@1a4013]" started-at="2022-12-21T20:13:26 GMT-05:00" name="testupload" finished-at="2022-12-21T20:13:27 GMT-05:00" duration-ms="694" status="PASS">
          <reporter-output>
          </reporter-output>
        </test-method> <!-- testupload -->
      </class> <!-- testpackage.Uploadtest -->
      <class name="testpackage.JSErrortest">
        <test-method is-config="true" signature="getDriver()[pri:0, instance:testpackage.JSErrortest@31e5415e]" started-at="2022-12-21T20:13:20 GMT-05:00" name="getDriver" finished-at="2022-12-21T20:13:20 GMT-05:00" duration-ms="14" status="PASS">
          <reporter-output>
          </reporter-output>
        </test-method> <!-- getDriver -->
        <test-method is-config="true" signature="StartSignInTest()[pri:0, instance:testpackage.JSErrortest@31e5415e]" started-at="2022-12-21T20:13:20 GMT-05:00" name="StartSignInTest" finished-at="2022-12-21T20:13:21 GMT-05:00" duration-ms="1207" status="PASS">
          <reporter-output>
          </reporter-output>
        </test-method> <!-- StartSignInTest -->
        <test-method signature="test()[pri:0, instance:testpackage.JSErrortest@31e5415e]" started-at="2022-12-21T20:13:21 GMT-05:00" name="test" finished-at="2022-12-21T20:13:21 GMT-05:00" duration-ms="89" status="PASS">
          <reporter-output>
          </reporter-output>
        </test-method> <!-- test -->
      </class> <!-- testpackage.JSErrortest -->
      <class name="testpackage.CheckBoxTest">
        <test-method is-config="true" signature="StartSignInTest()[pri:0, instance:testpackage.CheckBoxTest@1b6e1eff]" started-at="2022-12-21T20:13:27 GMT-05:00" name="StartSignInTest" finished-at="2022-12-21T20:13:28 GMT-05:00" duration-ms="1234" status="PASS">
          <reporter-output>
          </reporter-output>
        </test-method> <!-- StartSignInTest -->
        <test-method is-config="true" signature="getDriver()[pri:0, instance:testpackage.CheckBoxTest@1b6e1eff]" started-at="2022-12-21T20:13:27 GMT-05:00" name="getDriver" finished-at="2022-12-21T20:13:27 GMT-05:00" duration-ms="0" status="PASS">
          <reporter-output>
          </reporter-output>
        </test-method> <!-- getDriver -->
        <test-method signature="CheckedCheckBoxtest()[pri:0, instance:testpackage.CheckBoxTest@1b6e1eff]" started-at="2022-12-21T20:13:28 GMT-05:00" name="CheckedCheckBoxtest" finished-at="2022-12-21T20:13:28 GMT-05:00" duration-ms="254" status="PASS">
          <reporter-output>
          </reporter-output>
        </test-method> <!-- CheckedCheckBoxtest -->
        <test-method is-config="true" signature="StartSignInTest()[pri:0, instance:testpackage.CheckBoxTest@1b6e1eff]" started-at="2022-12-21T20:13:28 GMT-05:00" name="StartSignInTest" finished-at="2022-12-21T20:13:29 GMT-05:00" duration-ms="1219" status="PASS">
          <reporter-output>
          </reporter-output>
        </test-method> <!-- StartSignInTest -->
        <test-method signature="UncheckedCheckBoxtest()[pri:0, instance:testpackage.CheckBoxTest@1b6e1eff]" started-at="2022-12-21T20:13:29 GMT-05:00" name="UncheckedCheckBoxtest" finished-at="2022-12-21T20:13:30 GMT-05:00" duration-ms="266" status="PASS">
          <reporter-output>
          </reporter-output>
        </test-method> <!-- UncheckedCheckBoxtest -->
      </class> <!-- testpackage.CheckBoxTest -->
      <class name="testpackage.MousHoverTest">
        <test-method is-config="true" signature="StartSignInTest()[pri:0, instance:testpackage.MousHoverTest@34f5090e]" started-at="2022-12-21T20:13:18 GMT-05:00" name="StartSignInTest" finished-at="2022-12-21T20:13:20 GMT-05:00" duration-ms="1269" status="PASS">
          <reporter-output>
          </reporter-output>
        </test-method> <!-- StartSignInTest -->
        <test-method is-config="true" signature="getDriver()[pri:0, instance:testpackage.MousHoverTest@34f5090e]" started-at="2022-12-21T20:13:18 GMT-05:00" name="getDriver" finished-at="2022-12-21T20:13:18 GMT-05:00" duration-ms="0" status="PASS">
          <reporter-output>
          </reporter-output>
        </test-method> <!-- getDriver -->
        <test-method signature="img1test()[pri:0, instance:testpackage.MousHoverTest@34f5090e]" started-at="2022-12-21T20:13:20 GMT-05:00" name="img1test" finished-at="2022-12-21T20:13:20 GMT-05:00" duration-ms="293" status="PASS">
          <reporter-output>
          </reporter-output>
        </test-method> <!-- img1test -->
      </class> <!-- testpackage.MousHoverTest -->
      <class name="testpackage.JSAlertTest">
        <test-method is-config="true" signature="initiate(java.lang.String)[pri:0, instance:testpackage.JSAlertTest@649bec2e]" started-at="2022-12-21T20:12:55 GMT-05:00" name="initiate" finished-at="2022-12-21T20:12:56 GMT-05:00" duration-ms="1225" status="PASS">
          <params>
            <param index="0">
              <value>
                <![CDATA[chrome]]>
              </value>
            </param>
          </params>
          <reporter-output>
          </reporter-output>
        </test-method> <!-- initiate -->
        <test-method is-config="true" signature="getDriver()[pri:0, instance:testpackage.JSAlertTest@649bec2e]" started-at="2022-12-21T20:12:56 GMT-05:00" name="getDriver" finished-at="2022-12-21T20:12:56 GMT-05:00" duration-ms="0" status="PASS">
          <reporter-output>
          </reporter-output>
        </test-method> <!-- getDriver -->
        <test-method is-config="true" signature="StartSignInTest()[pri:0, instance:testpackage.JSAlertTest@649bec2e]" started-at="2022-12-21T20:12:56 GMT-05:00" name="StartSignInTest" finished-at="2022-12-21T20:12:58 GMT-05:00" duration-ms="1597" status="PASS">
          <reporter-output>
          </reporter-output>
        </test-method> <!-- StartSignInTest -->
        <test-method signature="jsalerttest()[pri:0, instance:testpackage.JSAlertTest@649bec2e]" started-at="2022-12-21T20:12:58 GMT-05:00" name="jsalerttest" finished-at="2022-12-21T20:12:58 GMT-05:00" duration-ms="233" status="PASS">
          <reporter-output>
          </reporter-output>
        </test-method> <!-- jsalerttest -->
        <test-method is-config="true" signature="StartSignInTest()[pri:0, instance:testpackage.JSAlertTest@649bec2e]" started-at="2022-12-21T20:12:58 GMT-05:00" name="StartSignInTest" finished-at="2022-12-21T20:12:59 GMT-05:00" duration-ms="1238" status="PASS">
          <reporter-output>
          </reporter-output>
        </test-method> <!-- StartSignInTest -->
        <test-method signature="jsconfirmtest()[pri:0, instance:testpackage.JSAlertTest@649bec2e]" started-at="2022-12-21T20:12:59 GMT-05:00" name="jsconfirmtest" finished-at="2022-12-21T20:12:59 GMT-05:00" duration-ms="209" status="PASS">
          <reporter-output>
          </reporter-output>
        </test-method> <!-- jsconfirmtest -->
        <test-method is-config="true" signature="StartSignInTest()[pri:0, instance:testpackage.JSAlertTest@649bec2e]" started-at="2022-12-21T20:12:59 GMT-05:00" name="StartSignInTest" finished-at="2022-12-21T20:13:01 GMT-05:00" duration-ms="1231" status="PASS">
          <reporter-output>
          </reporter-output>
        </test-method> <!-- StartSignInTest -->
        <test-method signature="jsprompttest()[pri:0, instance:testpackage.JSAlertTest@649bec2e]" started-at="2022-12-21T20:13:01 GMT-05:00" name="jsprompttest" finished-at="2022-12-21T20:13:01 GMT-05:00" duration-ms="258" status="FAIL">
          <exception class="org.openqa.selenium.NoAlertPresentException">
            <message>
              <![CDATA[no such alert
  (Session info: chrome=108.0.5359.125)
Build info: version: '3.141.59', revision: 'e82be7d358', time: '2018-11-14T08:17:03'
System info: host: 'LAPTOP-MVNUQ4K1', ip: '192.168.48.1', os.name: 'Windows 11', os.arch: 'amd64', os.version: '10.0', java.version: '17.0.3.1'
Driver info: org.openqa.selenium.chrome.ChromeDriver
Capabilities {acceptInsecureCerts: false, browserName: chrome, browserVersion: 108.0.5359.125, chrome: {chromedriverVersion: 108.0.5359.71 (1e0e3868ee06..., userDataDir: C:\Users\shiva\AppData\Loca...}, goog:chromeOptions: {debuggerAddress: localhost:51520}, javascriptEnabled: true, networkConnectionEnabled: false, pageLoadStrategy: normal, platform: WINDOWS, platformName: WINDOWS, proxy: Proxy(), setWindowRect: true, strictFileInteractability: false, timeouts: {implicit: 0, pageLoad: 300000, script: 30000}, unhandledPromptBehavior: dismiss and notify, webauthn:extension:credBlob: true, webauthn:extension:largeBlob: true, webauthn:virtualAuthenticators: true}
Session ID: e08d4b42528844f80ff13fdc4a944f07]]>
            </message>
            <full-stacktrace>
              <![CDATA[org.openqa.selenium.NoAlertPresentException: no such alert
  (Session info: chrome=108.0.5359.125)
Build info: version: '3.141.59', revision: 'e82be7d358', time: '2018-11-14T08:17:03'
System info: host: 'LAPTOP-MVNUQ4K1', ip: '192.168.48.1', os.name: 'Windows 11', os.arch: 'amd64', os.version: '10.0', java.version: '17.0.3.1'
Driver info: org.openqa.selenium.chrome.ChromeDriver
Capabilities {acceptInsecureCerts: false, browserName: chrome, browserVersion: 108.0.5359.125, chrome: {chromedriverVersion: 108.0.5359.71 (1e0e3868ee06..., userDataDir: C:\Users\shiva\AppData\Loca...}, goog:chromeOptions: {debuggerAddress: localhost:51520}, javascriptEnabled: true, networkConnectionEnabled: false, pageLoadStrategy: normal, platform: WINDOWS, platformName: WINDOWS, proxy: Proxy(), setWindowRect: true, strictFileInteractability: false, timeouts: {implicit: 0, pageLoad: 300000, script: 30000}, unhandledPromptBehavior: dismiss and notify, webauthn:extension:credBlob: true, webauthn:extension:largeBlob: true, webauthn:virtualAuthenticators: true}
Session ID: e08d4b42528844f80ff13fdc4a944f07
at java.base/jdk.internal.reflect.NativeConstructorAccessorImpl.newInstance0(Native Method)
at java.base/jdk.internal.reflect.NativeConstructorAccessorImpl.newInstance(NativeConstructorAccessorImpl.java:77)
at java.base/jdk.internal.reflect.DelegatingConstructorAccessorImpl.newInstance(DelegatingConstructorAccessorImpl.java:45)
at java.base/java.lang.reflect.Constructor.newInstanceWithCaller(Constructor.java:499)
at java.base/java.lang.reflect.Constructor.newInstance(Constructor.java:480)
at org.openqa.selenium.remote.http.W3CHttpResponseCodec.createException(W3CHttpResponseCodec.java:187)
at org.openqa.selenium.remote.http.W3CHttpResponseCodec.decode(W3CHttpResponseCodec.java:122)
at org.openqa.selenium.remote.http.W3CHttpResponseCodec.decode(W3CHttpResponseCodec.java:49)
at org.openqa.selenium.remote.HttpCommandExecutor.execute(HttpCommandExecutor.java:158)
at org.openqa.selenium.remote.service.DriverCommandExecutor.execute(DriverCommandExecutor.java:83)
at org.openqa.selenium.remote.RemoteWebDriver.execute(RemoteWebDriver.java:552)
at org.openqa.selenium.remote.RemoteWebDriver.execute(RemoteWebDriver.java:609)
at org.openqa.selenium.remote.RemoteWebDriver$RemoteTargetLocator.alert(RemoteWebDriver.java:932)
at testpackage.JSAlertTest.jsprompttest(JSAlertTest.java:39)
at java.base/jdk.internal.reflect.NativeMethodAccessorImpl.invoke0(Native Method)
at java.base/jdk.internal.reflect.NativeMethodAccessorImpl.invoke(NativeMethodAccessorImpl.java:77)
at java.base/jdk.internal.reflect.DelegatingMethodAccessorImpl.invoke(DelegatingMethodAccessorImpl.java:43)
at java.base/java.lang.reflect.Method.invoke(Method.java:568)
at org.testng.internal.invokers.MethodInvocationHelper.invokeMethod(MethodInvocationHelper.java:139)
at org.testng.internal.invokers.TestInvoker.invokeMethod(TestInvoker.java:677)
at org.testng.internal.invokers.TestInvoker.invokeTestMethod(TestInvoker.java:221)
at org.testng.internal.invokers.MethodRunner.runInSequence(MethodRunner.java:50)
at org.testng.internal.invokers.TestInvoker$MethodInvocationAgent.invoke(TestInvoker.java:962)
at org.testng.internal.invokers.TestInvoker.invokeTestMethods(TestInvoker.java:194)
at org.testng.internal.invokers.TestMethodWorker.invokeTestMethods(TestMethodWorker.java:148)
at org.testng.internal.invokers.TestMethodWorker.run(TestMethodWorker.java:128)
at java.base/java.util.ArrayList.forEach(ArrayList.java:1511)
at org.testng.TestRunner.privateRun(TestRunner.java:806)
at org.testng.TestRunner.run(TestRunner.java:601)
at org.testng.SuiteRunner.runTest(SuiteRunner.java:433)
at org.testng.SuiteRunner.runSequentially(SuiteRunner.java:427)
at org.testng.SuiteRunner.privateRun(SuiteRunner.java:387)
at org.testng.SuiteRunner.run(SuiteRunner.java:330)
at org.testng.SuiteRunnerWorker.runSuite(SuiteRunnerWorker.java:52)
at org.testng.SuiteRunnerWorker.run(SuiteRunnerWorker.java:95)
at org.testng.TestNG.runSuitesSequentially(TestNG.java:1256)
at org.testng.TestNG.runSuitesLocally(TestNG.java:1176)
at org.testng.TestNG.runSuites(TestNG.java:1099)
at org.testng.TestNG.run(TestNG.java:1067)
at org.testng.remote.AbstractRemoteTestNG.run(AbstractRemoteTestNG.java:115)
at org.testng.remote.RemoteTestNG.initAndRun(RemoteTestNG.java:251)
at org.testng.remote.RemoteTestNG.main(RemoteTestNG.java:77)
]]>
            </full-stacktrace>
          </exception> <!-- org.openqa.selenium.NoAlertPresentException -->
          <reporter-output>
          </reporter-output>
        </test-method> <!-- jsprompttest -->
        <test-method is-config="true" signature="quitbrowser()[pri:0, instance:testpackage.JSAlertTest@649bec2e]" started-at="2022-12-21T20:13:30 GMT-05:00" name="quitbrowser" finished-at="2022-12-21T20:13:30 GMT-05:00" duration-ms="263" status="PASS">
          <reporter-output>
          </reporter-output>
        </test-method> <!-- quitbrowser -->
      </class> <!-- testpackage.JSAlertTest -->
      <class name="testpackage.NotificationTest">
        <test-method is-config="true" signature="getDriver()[pri:0, instance:testpackage.NotificationTest@1cbb87f3]" started-at="2022-12-21T20:13:23 GMT-05:00" name="getDriver" finished-at="2022-12-21T20:13:23 GMT-05:00" duration-ms="0" status="PASS">
          <reporter-output>
          </reporter-output>
        </test-method> <!-- getDriver -->
        <test-method is-config="true" signature="StartSignInTest()[pri:0, instance:testpackage.NotificationTest@1cbb87f3]" started-at="2022-12-21T20:13:23 GMT-05:00" name="StartSignInTest" finished-at="2022-12-21T20:13:24 GMT-05:00" duration-ms="1296" status="PASS">
          <reporter-output>
          </reporter-output>
        </test-method> <!-- StartSignInTest -->
        <test-method signature="notificationtest()[pri:0, instance:testpackage.NotificationTest@1cbb87f3]" started-at="2022-12-21T20:13:24 GMT-05:00" name="notificationtest" finished-at="2022-12-21T20:13:25 GMT-05:00" duration-ms="887" status="PASS">
          <reporter-output>
          </reporter-output>
        </test-method> <!-- notificationtest -->
      </class> <!-- testpackage.NotificationTest -->
      <class name="testpackage.Dynamiccontroltest">
        <test-method is-config="true" signature="getDriver()[pri:0, instance:testpackage.Dynamiccontroltest@693fe6c9]" started-at="2022-12-21T20:13:01 GMT-05:00" name="getDriver" finished-at="2022-12-21T20:13:01 GMT-05:00" duration-ms="2" status="PASS">
          <reporter-output>
          </reporter-output>
        </test-method> <!-- getDriver -->
        <test-method is-config="true" signature="StartSignInTest()[pri:0, instance:testpackage.Dynamiccontroltest@693fe6c9]" started-at="2022-12-21T20:13:01 GMT-05:00" name="StartSignInTest" finished-at="2022-12-21T20:13:02 GMT-05:00" duration-ms="1285" status="PASS">
          <reporter-output>
          </reporter-output>
        </test-method> <!-- StartSignInTest -->
        <test-method signature="ACheckboxtest()[pri:0, instance:testpackage.Dynamiccontroltest@693fe6c9]" started-at="2022-12-21T20:13:02 GMT-05:00" name="ACheckboxtest" finished-at="2022-12-21T20:13:06 GMT-05:00" duration-ms="3752" status="PASS">
          <reporter-output>
          </reporter-output>
        </test-method> <!-- ACheckboxtest -->
        <test-method is-config="true" signature="StartSignInTest()[pri:0, instance:testpackage.Dynamiccontroltest@693fe6c9]" started-at="2022-12-21T20:13:06 GMT-05:00" name="StartSignInTest" finished-at="2022-12-21T20:13:07 GMT-05:00" duration-ms="1219" status="PASS">
          <reporter-output>
          </reporter-output>
        </test-method> <!-- StartSignInTest -->
        <test-method signature="Enablebuttontest()[pri:0, instance:testpackage.Dynamiccontroltest@693fe6c9]" started-at="2022-12-21T20:13:07 GMT-05:00" name="Enablebuttontest" finished-at="2022-12-21T20:13:11 GMT-05:00" duration-ms="3680" status="PASS">
          <reporter-output>
          </reporter-output>
        </test-method> <!-- Enablebuttontest -->
        <test-method is-config="true" signature="StartSignInTest()[pri:0, instance:testpackage.Dynamiccontroltest@693fe6c9]" started-at="2022-12-21T20:13:11 GMT-05:00" name="StartSignInTest" finished-at="2022-12-21T20:13:12 GMT-05:00" duration-ms="1143" status="PASS">
          <reporter-output>
          </reporter-output>
        </test-method> <!-- StartSignInTest -->
        <test-method signature="Removebuttontest()[pri:0, instance:testpackage.Dynamiccontroltest@693fe6c9]" started-at="2022-12-21T20:13:12 GMT-05:00" name="Removebuttontest" finished-at="2022-12-21T20:13:12 GMT-05:00" duration-ms="315" status="PASS">
          <reporter-output>
          </reporter-output>
        </test-method> <!-- Removebuttontest -->
        <test-method is-config="true" signature="StartSignInTest()[pri:0, instance:testpackage.Dynamiccontroltest@693fe6c9]" started-at="2022-12-21T20:13:12 GMT-05:00" name="StartSignInTest" finished-at="2022-12-21T20:13:14 GMT-05:00" duration-ms="1265" status="PASS">
          <reporter-output>
          </reporter-output>
        </test-method> <!-- StartSignInTest -->
        <test-method signature="emptyelementdisabletest()[pri:0, instance:testpackage.Dynamiccontroltest@693fe6c9]" started-at="2022-12-21T20:13:14 GMT-05:00" name="emptyelementdisabletest" finished-at="2022-12-21T20:13:14 GMT-05:00" duration-ms="175" status="PASS">
          <reporter-output>
          </reporter-output>
        </test-method> <!-- emptyelementdisabletest -->
        <test-method is-config="true" signature="StartSignInTest()[pri:0, instance:testpackage.Dynamiccontroltest@693fe6c9]" started-at="2022-12-21T20:13:14 GMT-05:00" name="StartSignInTest" finished-at="2022-12-21T20:13:15 GMT-05:00" duration-ms="1155" status="PASS">
          <reporter-output>
          </reporter-output>
        </test-method> <!-- StartSignInTest -->
        <test-method signature="emptyelementtest()[pri:0, instance:testpackage.Dynamiccontroltest@693fe6c9]" started-at="2022-12-21T20:13:15 GMT-05:00" name="emptyelementtest" finished-at="2022-12-21T20:13:18 GMT-05:00" duration-ms="3334" status="PASS">
          <reporter-output>
          </reporter-output>
        </test-method> <!-- emptyelementtest -->
      </class> <!-- testpackage.Dynamiccontroltest -->
    </test> <!-- RegressionTest -->
  </suite> <!-- Internet -->
</testng-results>
