<?xml version="1.0" encoding="UTF-8"?>
<testng-results ignored="1" total="2" passed="1" failed="0" skipped="0">
  <reporter-output>
  </reporter-output>
  <suite started-at="2022-11-30T04:24:06 GMT-05:00" name="Default suite" finished-at="2022-11-30T04:24:12 GMT-05:00" duration-ms="6411">
    <groups>
    </groups>
    <test started-at="2022-11-30T04:24:06 GMT-05:00" name="Default test" finished-at="2022-11-30T04:24:12 GMT-05:00" duration-ms="6411">
      <class name="testpackage.CheckBoxTest">
        <test-method is-config="true" signature="StartSignInTest()[pri:0, instance:testpackage.CheckBoxTest@692f203f]" started-at="2022-11-30T04:24:06 GMT-05:00" name="StartSignInTest" finished-at="2022-11-30T04:24:12 GMT-05:00" duration-ms="5932" status="PASS">
          <reporter-output>
          </reporter-output>
        </test-method> <!-- StartSignInTest -->
        <test-method signature="CheckedCheckBoxtest()[pri:0, instance:testpackage.CheckBoxTest@692f203f]" started-at="2022-11-30T04:24:12 GMT-05:00" name="CheckedCheckBoxtest" finished-at="2022-11-30T04:24:12 GMT-05:00" duration-ms="147" status="PASS">
          <reporter-output>
          </reporter-output>
        </test-method> <!-- CheckedCheckBoxtest -->
        <test-method is-config="true" signature="EndSignInTest()[pri:0, instance:testpackage.CheckBoxTest@692f203f]" started-at="2022-11-30T04:24:12 GMT-05:00" name="EndSignInTest" finished-at="2022-11-30T04:24:12 GMT-05:00" duration-ms="247" status="PASS">
          <reporter-output>
          </reporter-output>
        </test-method> <!-- EndSignInTest -->
      </class> <!-- testpackage.CheckBoxTest -->
    </test> <!-- Default test -->
  </suite> <!-- Default suite -->
</testng-results>
